#
# There is insufficient memory for the Java Runtime Environment to continue.
# Native memory allocation (malloc) failed to allocate 191696 bytes for Chunk::new
# Possible reasons:
#   The system is out of physical RAM or swap space
#   In 32 bit mode, the process size limit was hit
# Possible solutions:
#   Reduce memory load on the system
#   Increase physical memory or swap space
#   Check if swap backing store is full
#   Use 64 bit Java on a 64 bit OS
#   Decrease Java heap size (-Xmx/-Xms)
#   Decrease number of Java threads
#   Decrease Java thread stack sizes (-Xss)
#   Set larger code cache with -XX:ReservedCodeCacheSize=
# This output file may be truncated or incomplete.
#
#  Out of Memory Error (allocation.cpp:390), pid=7944, tid=0x00000000000027ac
#
# JRE version: Java(TM) SE Runtime Environment (8.0_131-b11) (build 1.8.0_131-b11)
# Java VM: Java HotSpot(TM) 64-Bit Server VM (25.131-b11 mixed mode windows-amd64 compressed oops)
# Failed to write core dump. Minidumps are not enabled by default on client versions of Windows
#

---------------  T H R E A D  ---------------

Current thread (0x0000000016532000):  JavaThread "C2 CompilerThread1" daemon [_thread_in_native, id=10156, stack(0x0000000017d90000,0x0000000017e90000)]

Stack: [0x0000000017d90000,0x0000000017e90000]
[error occurred during error reporting (printing stack bounds), id 0xc0000005]

Native frames: (J=compiled Java code, j=interpreted, Vv=VM code, C=native code)


Current CompileTask:
C2:   2000  749   !   4       com.android.dx.rop.code.RegisterSpec::intern (70 bytes)


---------------  P R O C E S S  ---------------

Java Threads: ( => current thread )
  0x000000001829c800 JavaThread "pool-2-thread-4" [_thread_in_Java, id=8588, stack(0x0000000018990000,0x0000000018a90000)]
  0x000000001829b800 JavaThread "pool-2-thread-3" [_thread_in_Java, id=7044, stack(0x0000000018890000,0x0000000018990000)]
  0x0000000018122000 JavaThread "pool-2-thread-2" [_thread_in_Java, id=6404, stack(0x0000000018790000,0x0000000018890000)]
  0x00000000180d6800 JavaThread "pool-3-thread-1" [_thread_blocked, id=4344, stack(0x0000000018690000,0x0000000018790000)]
  0x00000000180cb000 JavaThread "pool-2-thread-1" [_thread_in_Java, id=10380, stack(0x0000000018590000,0x0000000018690000)]
  0x000000001658d800 JavaThread "Service Thread" daemon [_thread_blocked, id=4836, stack(0x0000000018390000,0x0000000018490000)]
  0x0000000016537000 JavaThread "C1 CompilerThread2" daemon [_thread_in_native, id=4036, stack(0x0000000017e90000,0x0000000017f90000)]
=>0x0000000016532000 JavaThread "C2 CompilerThread1" daemon [_thread_in_native, id=10156, stack(0x0000000017d90000,0x0000000017e90000)]
  0x000000001652f800 JavaThread "C2 CompilerThread0" daemon [_thread_in_native, id=10136, stack(0x0000000017c90000,0x0000000017d90000)]
  0x000000001652c800 JavaThread "Attach Listener" daemon [_thread_blocked, id=724, stack(0x0000000017b90000,0x0000000017c90000)]
  0x000000001652b000 JavaThread "Signal Dispatcher" daemon [_thread_blocked, id=3172, stack(0x0000000017a90000,0x0000000017b90000)]
  0x000000001651a000 JavaThread "Finalizer" daemon [_thread_blocked, id=1060, stack(0x0000000017790000,0x0000000017890000)]
  0x00000000164f9000 JavaThread "Reference Handler" daemon [_thread_blocked, id=1424, stack(0x0000000017690000,0x0000000017790000)]
  0x0000000004dce800 JavaThread "main" [_thread_in_Java, id=1840, stack(0x0000000004e10000,0x0000000004f10000)]

Other Threads:
  0x00000000164f7800 VMThread [stack: 0x0000000017590000,0x0000000017690000] [id=3732]
  0x0000000017fb3000 WatcherThread [stack: 0x0000000018490000,0x0000000018590000] [id=10244]

VM state:not at safepoint (normal execution)

VM Mutex/Monitor currently owned by a thread: None

Heap:
 PSYoungGen      total 76288K, used 18384K [0x00000000f5580000, 0x00000000faa80000, 0x0000000100000000)
  eden space 65536K, 28% used [0x00000000f5580000,0x00000000f67740f0,0x00000000f9580000)
  from space 10752K, 0% used [0x00000000fa000000,0x00000000fa000000,0x00000000faa80000)
  to   space 10752K, 0% used [0x00000000f9580000,0x00000000f9580000,0x00000000fa000000)
 ParOldGen       total 175104K, used 0K [0x00000000e0000000, 0x00000000eab00000, 0x00000000f5580000)
  object space 175104K, 0% used [0x00000000e0000000,0x00000000e0000000,0x00000000eab00000)
 Metaspace       used 5729K, capacity 6770K, committed 7040K, reserved 1056768K
  class space    used 599K, capacity 618K, committed 640K, reserved 1048576K

Card table byte_map: [0x00000000144d0000,0x00000000145e0000] byte_map_base: 0x0000000013dd0000

Marking Bits: (ParMarkBitMap*) 0x000000006266c720
 Begin Bits: [0x0000000014a90000, 0x0000000015290000)
 End Bits:   [0x0000000015290000, 0x0000000015a90000)

Polling page: 0x0000000003390000

CodeCache: size=245760Kb used=3083Kb max_used=3095Kb free=242676Kb
 bounds [0x0000000005110000, 0x0000000005420000, 0x0000000014110000]
 total_blobs=984 nmethods=721 adapters=176
 compilation: enabled

Compilation events (10 events):
Event: 1.965 Thread 0x0000000016537000 nmethod 724 0x000000000540fb10 code [0x0000000005410120, 0x0000000005414ab8]
Event: 1.965 Thread 0x0000000016537000  723   !   3       com.android.dx.cf.code.RopperMachine::run (1608 bytes)
Event: 1.968 Thread 0x0000000016532000  731       4       java.util.ArrayList::ensureExplicitCapacity (26 bytes)
Event: 1.970 Thread 0x000000001652f800  732       4       java.lang.String::compareTo (78 bytes)
Event: 1.973 Thread 0x0000000016532000 nmethod 731 0x000000000540d6d0 code [0x000000000540d820, 0x000000000540da78]
Event: 1.975 Thread 0x000000001652f800 nmethod 732 0x000000000540d2d0 code [0x000000000540d420, 0x000000000540d5b8]
Event: 1.977 Thread 0x0000000016532000  741       4       com.android.dx.rop.cst.Constant::compareTo (33 bytes)
Event: 1.979 Thread 0x0000000016532000 nmethod 741 0x000000000540cfd0 code [0x000000000540d120, 0x000000000540d1d8]
Event: 1.984 Thread 0x000000001652f800  747   !   4       com.android.dx.cf.code.BytecodeArray::parseInstruction (2796 bytes)
Event: 1.985 Thread 0x0000000016532000  749   !   4       com.android.dx.rop.code.RegisterSpec::intern (70 bytes)

GC Heap History (0 events):
No events

Deoptimization events (1 events):
Event: 1.767 Thread 0x0000000018122000 Uncommon trap: reason=unstable_if action=reinterpret pc=0x0000000005354140 method=java.util.HashMap.getNode(ILjava/lang/Object;)Ljava/util/HashMap$Node; @ 62

Internal exceptions (2 events):
Event: 0.578 Thread 0x0000000004dce800 Exception <a 'java/lang/NoSuchMethodError': Method sun.misc.Unsafe.defineClass(Ljava/lang/String;[BII)Ljava/lang/Class; name or signature does not match> (0x00000000f5587ca8) thrown at [C:\re\workspace\8-2-build-windows-amd64-cygwin\jdk8u131\8869\hotspot\
Event: 0.578 Thread 0x0000000004dce800 Exception <a 'java/lang/NoSuchMethodError': Method sun.misc.Unsafe.prefetchRead(Ljava/lang/Object;J)V name or signature does not match> (0x00000000f5587f90) thrown at [C:\re\workspace\8-2-build-windows-amd64-cygwin\jdk8u131\8869\hotspot\src\share\vm\prims

Events (10 events):
Event: 1.729 loading class com/android/dx/dex/file/MethodIdItem done
Event: 1.730 loading class com/android/dx/cf/code/SwitchList
Event: 1.730 loading class com/android/dx/cf/code/SwitchList done
Event: 1.767 Thread 0x0000000018122000 Uncommon trap: trap_request=0xffffff65 fr.pc=0x0000000005354140
Event: 1.767 Thread 0x0000000018122000 DEOPT PACKING pc=0x0000000005354140 sp=0x000000001888e990
Event: 1.767 Thread 0x0000000018122000 DEOPT UNPACKING pc=0x000000000515582a sp=0x000000001888e908 mode 2
Event: 1.782 loading class com/android/dx/ssa/back/FirstFitLocalCombiningAllocator$Multiset
Event: 1.782 loading class com/android/dx/ssa/back/FirstFitLocalCombiningAllocator$Multiset done
Event: 1.786 loading class java/util/DualPivotQuicksort
Event: 1.786 loading class java/util/DualPivotQuicksort done


Dynamic libraries:
0x00007ff68bf10000 - 0x00007ff68bf47000 	C:\Program Files\Java\jdk1.8.0_131\bin\java.exe
0x00007ffd410d0000 - 0x00007ffd412b0000 	C:\WINDOWS\SYSTEM32\ntdll.dll
0x00007ffd3ea50000 - 0x00007ffd3eafe000 	C:\WINDOWS\System32\KERNEL32.DLL
0x00007ffd3d760000 - 0x00007ffd3d9c6000 	C:\WINDOWS\System32\KERNELBASE.dll
0x00007ffd40850000 - 0x00007ffd408f1000 	C:\WINDOWS\System32\ADVAPI32.dll
0x00007ffd40ee0000 - 0x00007ffd40f7d000 	C:\WINDOWS\System32\msvcrt.dll
0x00007ffd407f0000 - 0x00007ffd4084b000 	C:\WINDOWS\System32\sechost.dll
0x00007ffd40f80000 - 0x00007ffd4109f000 	C:\WINDOWS\System32\RPCRT4.dll
0x00007ffd3ebf0000 - 0x00007ffd3ed7f000 	C:\WINDOWS\System32\USER32.dll
0x00007ffd3e4e0000 - 0x00007ffd3e500000 	C:\WINDOWS\System32\win32u.dll
0x00007ffd40c80000 - 0x00007ffd40ca8000 	C:\WINDOWS\System32\GDI32.dll
0x00007ffd3da20000 - 0x00007ffd3dbb3000 	C:\WINDOWS\System32\gdi32full.dll
0x00007ffd3e500000 - 0x00007ffd3e59b000 	C:\WINDOWS\System32\msvcp_win.dll
0x00007ffd3d600000 - 0x00007ffd3d6f6000 	C:\WINDOWS\System32\ucrtbase.dll
0x00007ffd323f0000 - 0x00007ffd32659000 	C:\WINDOWS\WinSxS\amd64_microsoft.windows.common-controls_6595b64144ccf1df_6.0.16299.125_none_15cbcf8893620c09\COMCTL32.dll
0x00007ffd40900000 - 0x00007ffd40c08000 	C:\WINDOWS\System32\combase.dll
0x00007ffd3d4d0000 - 0x00007ffd3d542000 	C:\WINDOWS\System32\bcryptPrimitives.dll
0x00007ffd40eb0000 - 0x00007ffd40edd000 	C:\WINDOWS\System32\IMM32.DLL
0x00000000619c0000 - 0x0000000061a92000 	C:\Program Files\Java\jdk1.8.0_131\jre\bin\msvcr100.dll
0x0000000061e50000 - 0x00000000626ec000 	C:\Program Files\Java\jdk1.8.0_131\jre\bin\server\jvm.dll
0x00007ffd40cb0000 - 0x00007ffd40cb8000 	C:\WINDOWS\System32\PSAPI.DLL
0x00007ffd21ea0000 - 0x00007ffd21ea9000 	C:\WINDOWS\SYSTEM32\WSOCK32.dll
0x00007ffd40c10000 - 0x00007ffd40c7c000 	C:\WINDOWS\System32\WS2_32.dll
0x00007ffd3b030000 - 0x00007ffd3b053000 	C:\WINDOWS\SYSTEM32\WINMM.dll
0x00007ffd3c590000 - 0x00007ffd3c59a000 	C:\WINDOWS\SYSTEM32\VERSION.dll
0x00007ffd3aeb0000 - 0x00007ffd3aeda000 	C:\WINDOWS\SYSTEM32\WINMMBASE.dll
0x00007ffd3d9d0000 - 0x00007ffd3da1a000 	C:\WINDOWS\System32\cfgmgr32.dll
0x0000000061e40000 - 0x0000000061e4f000 	C:\Program Files\Java\jdk1.8.0_131\jre\bin\verify.dll
0x0000000061e10000 - 0x0000000061e39000 	C:\Program Files\Java\jdk1.8.0_131\jre\bin\java.dll
0x0000000061df0000 - 0x0000000061e06000 	C:\Program Files\Java\jdk1.8.0_131\jre\bin\zip.dll
0x00007ffd3f3b0000 - 0x00007ffd407e6000 	C:\WINDOWS\System32\SHELL32.dll
0x00007ffd3f300000 - 0x00007ffd3f3a6000 	C:\WINDOWS\System32\shcore.dll
0x00007ffd3dd90000 - 0x00007ffd3e4d7000 	C:\WINDOWS\System32\windows.storage.dll
0x00007ffd3eb00000 - 0x00007ffd3eb51000 	C:\WINDOWS\System32\shlwapi.dll
0x00007ffd3d4b0000 - 0x00007ffd3d4c1000 	C:\WINDOWS\System32\kernel.appcore.dll
0x00007ffd3d460000 - 0x00007ffd3d4ac000 	C:\WINDOWS\System32\powrprof.dll
0x00007ffd3d440000 - 0x00007ffd3d45b000 	C:\WINDOWS\System32\profapi.dll

VM Arguments:
jvm_args: -Djava.awt.headless=true -Xmx1024M -Dfile.encoding=windows-1252 -Duser.country=BR -Duser.language=pt -Duser.variant -Xms256m -Xmx512m 
java_command: com.android.dx.command.Main --dex --force-jumbo --num-threads=4 --multi-dex --output C:\Users\nosbo\AndroidStudioProjects\MeuPrimeiroApp\app\build\intermediates\transforms\dex\debug\folders\1000\5\slice_5 C:\Users\nosbo\AndroidStudioProjects\MeuPrimeiroApp\app\build\intermediates\transforms\instantRunSlicer\debug\folders\1\5\slice_5
java_class_path (initial): C:\Android\sdk\build-tools\27.0.3\lib\dx.jar
Launcher Type: SUN_STANDARD

Environment Variables:
JAVA_HOME=C:\Program Files\Java\jdk1.8.0_131
_JAVA_OPTIONS= -Xms256m -Xmx512m
PATH=C:\ProgramData\Oracle\Java\javapath;C:\Program Files (x86)\Intel\iCLS Client\;C:\Program Files\Intel\iCLS Client\;C:\WINDOWS\system32;C:\WINDOWS;C:\WINDOWS\System32\Wbem;C:\WINDOWS\System32\WindowsPowerShell\v1.0\;C:\Program Files\Microsoft SQL Server\130\Tools\Binn\;C:\Program Files (x86)\Intel\Intel(R) Management Engine Components\DAL;C:\Program Files\Intel\Intel(R) Management Engine Components\DAL;C:\Program Files (x86)\Intel\Intel(R) Management Engine Components\IPT;C:\Program Files\Intel\Intel(R) Management Engine Components\IPT;C:\Program Files\Intel\WiFi\bin\;C:\Program Files\Common Files\Intel\WirelessCommon\;C:\Program Files\Java\jdk1.8.0_131\bin;C:\Users\nosbo\AppData\Local\Programs\Python\Python36-32\Scripts\;C:\Users\nosbo\AppData\Local\Programs\Python\Python36-32\;C:\Users\nosbo\AppData\Local\Microsoft\WindowsApps;C:\Program Files\Intel\WiFi\bin\;C:\Program Files\Common Files\Intel\WirelessCommon\
USERNAME=nosbo
OS=Windows_NT
PROCESSOR_IDENTIFIER=Intel64 Family 6 Model 69 Stepping 1, GenuineIntel



---------------  S Y S T E M  ---------------

OS: Windows 10.0 , 64 bit Build 16299 (10.0.16299.15)

CPU:total 4 (initial active 4) (2 cores per cpu, 2 threads per core) family 6 model 69 stepping 1, cmov, cx8, fxsr, mmx, sse, sse2, sse3, ssse3, sse4.1, sse4.2, popcnt, avx, avx2, aes, clmul, erms, lzcnt, ht, tsc, tscinvbit, bmi1, bmi2

Memory: 4k page, physical 3581036k(316692k free), swap 7775340k(1692k free)

vm_info: Java HotSpot(TM) 64-Bit Server VM (25.131-b11) for windows-amd64 JRE (1.8.0_131-b11), built on Mar 15 2017 01:23:53 by "java_re" with MS VC++ 10.0 (VS2010)

time: Mon Jan 08 23:22:41 2018
elapsed time: 2 seconds (0d 0h 0m 2s)

