#
# There is insufficient memory for the Java Runtime Environment to continue.
# Native memory allocation (malloc) failed to allocate 380032 bytes for Chunk::new
# Possible reasons:
#   The system is out of physical RAM or swap space
#   In 32 bit mode, the process size limit was hit
# Possible solutions:
#   Reduce memory load on the system
#   Increase physical memory or swap space
#   Check if swap backing store is full
#   Use 64 bit Java on a 64 bit OS
#   Decrease Java heap size (-Xmx/-Xms)
#   Decrease number of Java threads
#   Decrease Java thread stack sizes (-Xss)
#   Set larger code cache with -XX:ReservedCodeCacheSize=
# This output file may be truncated or incomplete.
#
#  Out of Memory Error (allocation.cpp:390), pid=5736, tid=0x0000000000001204
#
# JRE version: Java(TM) SE Runtime Environment (8.0_131-b11) (build 1.8.0_131-b11)
# Java VM: Java HotSpot(TM) 64-Bit Server VM (25.131-b11 mixed mode windows-amd64 compressed oops)
# Failed to write core dump. Minidumps are not enabled by default on client versions of Windows
#

---------------  T H R E A D  ---------------

Current thread (0x0000000015aa0000):  JavaThread "C2 CompilerThread0" daemon [_thread_in_native, id=4612, stack(0x00000000171f0000,0x00000000172f0000)]

Stack: [0x00000000171f0000,0x00000000172f0000]
[error occurred during error reporting (printing stack bounds), id 0xc0000005]

Native frames: (J=compiled Java code, j=interpreted, Vv=VM code, C=native code)


Current CompileTask:
C2:   3750 1190   !   4       com.android.dx.cf.cst.ConstantPoolParser::parse0 (1008 bytes)


---------------  P R O C E S S  ---------------

Java Threads: ( => current thread )
  0x0000000017759000 JavaThread "pool-2-thread-4" [_thread_in_Java, id=6316, stack(0x0000000017ef0000,0x0000000017ff0000)]
  0x0000000017758800 JavaThread "pool-2-thread-3" [_thread_in_Java, id=4440, stack(0x0000000017df0000,0x0000000017ef0000)]
  0x0000000017778800 JavaThread "pool-2-thread-2" [_thread_in_Java, id=2868, stack(0x0000000017cf0000,0x0000000017df0000)]
  0x0000000017774000 JavaThread "pool-3-thread-1" [_thread_blocked, id=6820, stack(0x0000000017bf0000,0x0000000017cf0000)]
  0x0000000017772000 JavaThread "pool-2-thread-1" [_thread_in_Java, id=1084, stack(0x0000000017af0000,0x0000000017bf0000)]
  0x00000000174f7000 JavaThread "Service Thread" daemon [_thread_blocked, id=9504, stack(0x00000000178f0000,0x00000000179f0000)]
  0x0000000015afd000 JavaThread "C1 CompilerThread2" daemon [_thread_blocked, id=10876, stack(0x00000000173f0000,0x00000000174f0000)]
  0x0000000015aa2000 JavaThread "C2 CompilerThread1" daemon [_thread_blocked, id=5988, stack(0x00000000172f0000,0x00000000173f0000)]
=>0x0000000015aa0000 JavaThread "C2 CompilerThread0" daemon [_thread_in_native, id=4612, stack(0x00000000171f0000,0x00000000172f0000)]
  0x0000000015a9c800 JavaThread "Attach Listener" daemon [_thread_blocked, id=4804, stack(0x00000000170f0000,0x00000000171f0000)]
  0x0000000015a9b000 JavaThread "Signal Dispatcher" daemon [_thread_blocked, id=1376, stack(0x0000000016ff0000,0x00000000170f0000)]
  0x0000000015a8a000 JavaThread "Finalizer" daemon [_thread_blocked, id=10064, stack(0x0000000016cf0000,0x0000000016df0000)]
  0x0000000004671000 JavaThread "Reference Handler" daemon [_thread_blocked, id=5744, stack(0x0000000016bf0000,0x0000000016cf0000)]
  0x000000000436e800 JavaThread "main" [_thread_in_Java, id=4216, stack(0x0000000004370000,0x0000000004470000)]

Other Threads:
  0x0000000015a67800 VMThread [stack: 0x0000000016af0000,0x0000000016bf0000] [id=5892]
  0x000000001750c800 WatcherThread [stack: 0x00000000179f0000,0x0000000017af0000] [id=7784]

VM state:not at safepoint (normal execution)

VM Mutex/Monitor currently owned by a thread: None

Heap:
 PSYoungGen      total 76288K, used 34089K [0x00000000f5580000, 0x00000000faa80000, 0x0000000100000000)
  eden space 65536K, 52% used [0x00000000f5580000,0x00000000f76ca6f8,0x00000000f9580000)
  from space 10752K, 0% used [0x00000000fa000000,0x00000000fa000000,0x00000000faa80000)
  to   space 10752K, 0% used [0x00000000f9580000,0x00000000f9580000,0x00000000fa000000)
 ParOldGen       total 175104K, used 0K [0x00000000e0000000, 0x00000000eab00000, 0x00000000f5580000)
  object space 175104K, 0% used [0x00000000e0000000,0x00000000e0000000,0x00000000eab00000)
 Metaspace       used 6087K, capacity 7032K, committed 7296K, reserved 1056768K
  class space    used 615K, capacity 624K, committed 640K, reserved 1048576K

Card table byte_map: [0x0000000013a40000,0x0000000013b50000] byte_map_base: 0x0000000013340000

Marking Bits: (ParMarkBitMap*) 0x000000006266c720
 Begin Bits: [0x0000000014000000, 0x0000000014800000)
 End Bits:   [0x0000000014800000, 0x0000000015000000)

Polling page: 0x0000000004310000

CodeCache: size=245760Kb used=4942Kb max_used=4953Kb free=240817Kb
 bounds [0x0000000004680000, 0x0000000004b60000, 0x0000000013680000]
 total_blobs=1468 nmethods=1203 adapters=178
 compilation: enabled

Compilation events (10 events):
Event: 3.652 Thread 0x0000000015aa2000 nmethod 1195 0x0000000004b55610 code [0x0000000004b557a0, 0x0000000004b55be8]
Event: 3.652 Thread 0x0000000015aa2000 1198       4       com.android.dx.rop.cst.CstString::compareTo0 (15 bytes)
Event: 3.653 Thread 0x0000000015aa2000 nmethod 1198 0x0000000004b4c1d0 code [0x0000000004b4c320, 0x0000000004b4c4f8]
Event: 3.653 Thread 0x0000000015aa2000 1196       4       com.android.dx.util.FixedSizeList::hashCode (8 bytes)
Event: 3.654 Thread 0x0000000015afd000 nmethod 1202 0x0000000004b56190 code [0x0000000004b564e0, 0x0000000004b57f28]
Event: 3.654 Thread 0x0000000015afd000 1204       3       com.android.dx.cf.code.BasicBlocker::getBlockList (208 bytes)
Event: 3.656 Thread 0x0000000015afd000 nmethod 1204 0x0000000004b59110 code [0x0000000004b59380, 0x0000000004b5a5c8]
Event: 3.656 Thread 0x0000000015afd000 1203       3       com.android.dx.rop.cst.TypedConstant::getBasicFrameType (8 bytes)
Event: 3.657 Thread 0x0000000015afd000 nmethod 1203 0x0000000004b4fd50 code [0x0000000004b4fec0, 0x0000000004b50198]
Event: 3.660 Thread 0x0000000015aa2000 nmethod 1196 0x0000000004b5b050 code [0x0000000004b5b1a0, 0x0000000004b5b418]

GC Heap History (0 events):
No events

Deoptimization events (6 events):
Event: 1.219 Thread 0x000000000436e800 Uncommon trap: reason=unstable_if action=reinterpret pc=0x00000000047caf94 method=java.lang.String.compareTo(Ljava/lang/String;)I @ 38
Event: 2.500 Thread 0x0000000017778800 Uncommon trap: reason=unstable_if action=reinterpret pc=0x00000000048e1de0 method=java.util.HashMap.getNode(ILjava/lang/Object;)Ljava/util/HashMap$Node; @ 129
Event: 3.441 Thread 0x0000000017758800 Uncommon trap: reason=unstable_if action=reinterpret pc=0x00000000049f4f08 method=com.android.dx.rop.code.LocalItem.hashCode()I @ 25
Event: 3.441 Thread 0x0000000017758800 Uncommon trap: reason=unstable_if action=reinterpret pc=0x00000000049d441c method=com.android.dx.rop.code.LocalItem.hashCode()I @ 25
Event: 3.442 Thread 0x0000000017758800 Uncommon trap: reason=unstable_if action=reinterpret pc=0x0000000004a3142c method=com.android.dx.rop.code.RegisterSpecSet.put(Lcom/android/dx/rop/code/RegisterSpec;)V @ 77
Event: 3.504 Thread 0x0000000017778800 Uncommon trap: reason=bimorphic action=maybe_recompile pc=0x00000000049edeec method=java.util.HashMap.getNode(ILjava/lang/Object;)Ljava/util/HashMap$Node; @ 126

Internal exceptions (2 events):
Event: 0.440 Thread 0x000000000436e800 Exception <a 'java/lang/NoSuchMethodError': Method sun.misc.Unsafe.defineClass(Ljava/lang/String;[BII)Ljava/lang/Class; name or signature does not match> (0x00000000f5587ca8) thrown at [C:\re\workspace\8-2-build-windows-amd64-cygwin\jdk8u131\8869\hotspot\
Event: 0.440 Thread 0x000000000436e800 Exception <a 'java/lang/NoSuchMethodError': Method sun.misc.Unsafe.prefetchRead(Ljava/lang/Object;J)V name or signature does not match> (0x00000000f5587f90) thrown at [C:\re\workspace\8-2-build-windows-amd64-cygwin\jdk8u131\8869\hotspot\src\share\vm\prims

Events (10 events):
Event: 3.442 Thread 0x0000000017758800 Uncommon trap: trap_request=0xffffff65 fr.pc=0x0000000004a3142c
Event: 3.442 Thread 0x0000000017758800 DEOPT PACKING pc=0x0000000004a3142c sp=0x0000000017eeec10
Event: 3.442 Thread 0x0000000017758800 DEOPT UNPACKING pc=0x00000000046c582a sp=0x0000000017eeeb98 mode 2
Event: 3.462 loading class com/android/dx/cf/code/SwitchList
Event: 3.462 loading class com/android/dx/cf/code/SwitchList done
Event: 3.482 loading class java/util/DualPivotQuicksort
Event: 3.483 loading class java/util/DualPivotQuicksort done
Event: 3.504 Thread 0x0000000017778800 Uncommon trap: trap_request=0xffffffc6 fr.pc=0x00000000049edeec
Event: 3.505 Thread 0x0000000017778800 DEOPT PACKING pc=0x00000000049edeec sp=0x0000000017deed90
Event: 3.505 Thread 0x0000000017778800 DEOPT UNPACKING pc=0x00000000046c582a sp=0x0000000017deed10 mode 2


Dynamic libraries:
0x00007ff68bf10000 - 0x00007ff68bf47000 	C:\Program Files\Java\jdk1.8.0_131\bin\java.exe
0x00007ffd410d0000 - 0x00007ffd412b0000 	C:\WINDOWS\SYSTEM32\ntdll.dll
0x00007ffd3ea50000 - 0x00007ffd3eafe000 	C:\WINDOWS\System32\KERNEL32.DLL
0x00007ffd3d760000 - 0x00007ffd3d9c6000 	C:\WINDOWS\System32\KERNELBASE.dll
0x00007ffd40850000 - 0x00007ffd408f1000 	C:\WINDOWS\System32\ADVAPI32.dll
0x00007ffd40ee0000 - 0x00007ffd40f7d000 	C:\WINDOWS\System32\msvcrt.dll
0x00007ffd407f0000 - 0x00007ffd4084b000 	C:\WINDOWS\System32\sechost.dll
0x00007ffd40f80000 - 0x00007ffd4109f000 	C:\WINDOWS\System32\RPCRT4.dll
0x00007ffd3ebf0000 - 0x00007ffd3ed7f000 	C:\WINDOWS\System32\USER32.dll
0x00007ffd3e4e0000 - 0x00007ffd3e500000 	C:\WINDOWS\System32\win32u.dll
0x00007ffd40c80000 - 0x00007ffd40ca8000 	C:\WINDOWS\System32\GDI32.dll
0x00007ffd3da20000 - 0x00007ffd3dbb3000 	C:\WINDOWS\System32\gdi32full.dll
0x00007ffd3e500000 - 0x00007ffd3e59b000 	C:\WINDOWS\System32\msvcp_win.dll
0x00007ffd3d600000 - 0x00007ffd3d6f6000 	C:\WINDOWS\System32\ucrtbase.dll
0x00007ffd323f0000 - 0x00007ffd32659000 	C:\WINDOWS\WinSxS\amd64_microsoft.windows.common-controls_6595b64144ccf1df_6.0.16299.125_none_15cbcf8893620c09\COMCTL32.dll
0x00007ffd40900000 - 0x00007ffd40c08000 	C:\WINDOWS\System32\combase.dll
0x00007ffd3d4d0000 - 0x00007ffd3d542000 	C:\WINDOWS\System32\bcryptPrimitives.dll
0x00007ffd40eb0000 - 0x00007ffd40edd000 	C:\WINDOWS\System32\IMM32.DLL
0x00000000619c0000 - 0x0000000061a92000 	C:\Program Files\Java\jdk1.8.0_131\jre\bin\msvcr100.dll
0x0000000061e50000 - 0x00000000626ec000 	C:\Program Files\Java\jdk1.8.0_131\jre\bin\server\jvm.dll
0x00007ffd40cb0000 - 0x00007ffd40cb8000 	C:\WINDOWS\System32\PSAPI.DLL
0x00007ffd21ea0000 - 0x00007ffd21ea9000 	C:\WINDOWS\SYSTEM32\WSOCK32.dll
0x00007ffd40c10000 - 0x00007ffd40c7c000 	C:\WINDOWS\System32\WS2_32.dll
0x00007ffd3b030000 - 0x00007ffd3b053000 	C:\WINDOWS\SYSTEM32\WINMM.dll
0x00007ffd3c590000 - 0x00007ffd3c59a000 	C:\WINDOWS\SYSTEM32\VERSION.dll
0x00007ffd3aeb0000 - 0x00007ffd3aeda000 	C:\WINDOWS\SYSTEM32\WINMMBASE.dll
0x00007ffd3d9d0000 - 0x00007ffd3da1a000 	C:\WINDOWS\System32\cfgmgr32.dll
0x0000000061e40000 - 0x0000000061e4f000 	C:\Program Files\Java\jdk1.8.0_131\jre\bin\verify.dll
0x0000000061e10000 - 0x0000000061e39000 	C:\Program Files\Java\jdk1.8.0_131\jre\bin\java.dll
0x0000000061df0000 - 0x0000000061e06000 	C:\Program Files\Java\jdk1.8.0_131\jre\bin\zip.dll
0x00007ffd3f3b0000 - 0x00007ffd407e6000 	C:\WINDOWS\System32\SHELL32.dll
0x00007ffd3f300000 - 0x00007ffd3f3a6000 	C:\WINDOWS\System32\shcore.dll
0x00007ffd3dd90000 - 0x00007ffd3e4d7000 	C:\WINDOWS\System32\windows.storage.dll
0x00007ffd3eb00000 - 0x00007ffd3eb51000 	C:\WINDOWS\System32\shlwapi.dll
0x00007ffd3d4b0000 - 0x00007ffd3d4c1000 	C:\WINDOWS\System32\kernel.appcore.dll
0x00007ffd3d460000 - 0x00007ffd3d4ac000 	C:\WINDOWS\System32\powrprof.dll
0x00007ffd3d440000 - 0x00007ffd3d45b000 	C:\WINDOWS\System32\profapi.dll

VM Arguments:
jvm_args: -Djava.awt.headless=true -Xmx1024M -Dfile.encoding=windows-1252 -Duser.country=BR -Duser.language=pt -Duser.variant -Xms256m -Xmx512m 
java_command: com.android.dx.command.Main --dex --force-jumbo --num-threads=4 --multi-dex --output C:\Users\nosbo\AndroidStudioProjects\MeuPrimeiroApp\app\build\intermediates\transforms\dex\debug\folders\1000\10\com.android.support-appcompat-v7-24.2.1_b7946a3a4bf1ffc0cb622a1434e179bccb59e3fc C:\Users\nosbo\AndroidStudioProjects\MeuPrimeiroApp\app\build\intermediates\exploded-aar\com.android.support\appcompat-v7\24.2.1\jars\classes.jar
java_class_path (initial): C:\Android\sdk\build-tools\27.0.3\lib\dx.jar
Launcher Type: SUN_STANDARD

Environment Variables:
JAVA_HOME=C:\Program Files\Java\jdk1.8.0_131
_JAVA_OPTIONS= -Xms256m -Xmx512m
PATH=C:\ProgramData\Oracle\Java\javapath;C:\Program Files (x86)\Intel\iCLS Client\;C:\Program Files\Intel\iCLS Client\;C:\WINDOWS\system32;C:\WINDOWS;C:\WINDOWS\System32\Wbem;C:\WINDOWS\System32\WindowsPowerShell\v1.0\;C:\Program Files\Microsoft SQL Server\130\Tools\Binn\;C:\Program Files (x86)\Intel\Intel(R) Management Engine Components\DAL;C:\Program Files\Intel\Intel(R) Management Engine Components\DAL;C:\Program Files (x86)\Intel\Intel(R) Management Engine Components\IPT;C:\Program Files\Intel\Intel(R) Management Engine Components\IPT;C:\Program Files\Intel\WiFi\bin\;C:\Program Files\Common Files\Intel\WirelessCommon\;C:\Program Files\Java\jdk1.8.0_131\bin;C:\Users\nosbo\AppData\Local\Programs\Python\Python36-32\Scripts\;C:\Users\nosbo\AppData\Local\Programs\Python\Python36-32\;C:\Users\nosbo\AppData\Local\Microsoft\WindowsApps;C:\Program Files\Intel\WiFi\bin\;C:\Program Files\Common Files\Intel\WirelessCommon\
USERNAME=nosbo
OS=Windows_NT
PROCESSOR_IDENTIFIER=Intel64 Family 6 Model 69 Stepping 1, GenuineIntel



---------------  S Y S T E M  ---------------

OS: Windows 10.0 , 64 bit Build 16299 (10.0.16299.15)

CPU:total 4 (initial active 4) (2 cores per cpu, 2 threads per core) family 6 model 69 stepping 1, cmov, cx8, fxsr, mmx, sse, sse2, sse3, ssse3, sse4.1, sse4.2, popcnt, avx, avx2, aes, clmul, erms, lzcnt, ht, tsc, tscinvbit, bmi1, bmi2

Memory: 4k page, physical 3581036k(312644k free), swap 7775340k(5444k free)

vm_info: Java HotSpot(TM) 64-Bit Server VM (25.131-b11) for windows-amd64 JRE (1.8.0_131-b11), built on Mar 15 2017 01:23:53 by "java_re" with MS VC++ 10.0 (VS2010)

time: Mon Jan 08 23:22:48 2018
elapsed time: 3 seconds (0d 0h 0m 3s)

