#
# There is insufficient memory for the Java Runtime Environment to continue.
# Native memory allocation (malloc) failed to allocate 196128 bytes for Chunk::new
# Possible reasons:
#   The system is out of physical RAM or swap space
#   In 32 bit mode, the process size limit was hit
# Possible solutions:
#   Reduce memory load on the system
#   Increase physical memory or swap space
#   Check if swap backing store is full
#   Use 64 bit Java on a 64 bit OS
#   Decrease Java heap size (-Xmx/-Xms)
#   Decrease number of Java threads
#   Decrease Java thread stack sizes (-Xss)
#   Set larger code cache with -XX:ReservedCodeCacheSize=
# This output file may be truncated or incomplete.
#
#  Out of Memory Error (allocation.cpp:390), pid=9444, tid=0x0000000000001e84
#
# JRE version: Java(TM) SE Runtime Environment (8.0_131-b11) (build 1.8.0_131-b11)
# Java VM: Java HotSpot(TM) 64-Bit Server VM (25.131-b11 mixed mode windows-amd64 compressed oops)
# Failed to write core dump. Minidumps are not enabled by default on client versions of Windows
#

---------------  T H R E A D  ---------------

Current thread (0x0000000015860000):  JavaThread "C2 CompilerThread0" daemon [_thread_in_native, id=7812, stack(0x0000000016fd0000,0x00000000170d0000)]

Stack: [0x0000000016fd0000,0x00000000170d0000]
[error occurred during error reporting (printing stack bounds), id 0xc0000005]

Native frames: (J=compiled Java code, j=interpreted, Vv=VM code, C=native code)


Current CompileTask:
C2:   5211 1782       4       com.android.dx.dex.file.DexFile::internIfAppropriate (171 bytes)


---------------  P R O C E S S  ---------------

Java Threads: ( => current thread )
  0x0000000017489000 JavaThread "pool-1-thread-1" [_thread_in_Java, id=10244, stack(0x000000001a570000,0x000000001a670000)]
  0x00000000171d7800 JavaThread "Service Thread" daemon [_thread_blocked, id=7100, stack(0x00000000176d0000,0x00000000177d0000)]
  0x00000000158bd000 JavaThread "C1 CompilerThread2" daemon [_thread_blocked, id=3184, stack(0x00000000175d0000,0x00000000176d0000)]
  0x0000000015872800 JavaThread "C2 CompilerThread1" daemon [_thread_in_native, id=6208, stack(0x00000000170d0000,0x00000000171d0000)]
=>0x0000000015860000 JavaThread "C2 CompilerThread0" daemon [_thread_in_native, id=7812, stack(0x0000000016fd0000,0x00000000170d0000)]
  0x000000001585c800 JavaThread "Attach Listener" daemon [_thread_blocked, id=724, stack(0x0000000016ed0000,0x0000000016fd0000)]
  0x00000000044ee800 JavaThread "Signal Dispatcher" daemon [_thread_blocked, id=7276, stack(0x0000000016dd0000,0x0000000016ed0000)]
  0x000000001584a000 JavaThread "Finalizer" daemon [_thread_blocked, id=10668, stack(0x0000000016ad0000,0x0000000016bd0000)]
  0x00000000044e1000 JavaThread "Reference Handler" daemon [_thread_blocked, id=4836, stack(0x00000000169d0000,0x0000000016ad0000)]
  0x00000000043ee800 JavaThread "main" [_thread_blocked, id=9776, stack(0x0000000004220000,0x0000000004320000)]

Other Threads:
  0x0000000015827800 VMThread [stack: 0x00000000168d0000,0x00000000169d0000] [id=10016]
  0x00000000171e8800 WatcherThread [stack: 0x00000000177d0000,0x00000000178d0000] [id=7572]

VM state:not at safepoint (normal execution)

VM Mutex/Monitor currently owned by a thread: None

Heap:
 PSYoungGen      total 76288K, used 44279K [0x00000000f5580000, 0x00000000fea80000, 0x0000000100000000)
  eden space 65536K, 51% used [0x00000000f5580000,0x00000000f763f168,0x00000000f9580000)
  from space 10752K, 99% used [0x00000000fa000000,0x00000000faa7ec58,0x00000000faa80000)
  to   space 10752K, 0% used [0x00000000f9580000,0x00000000f9580000,0x00000000fa000000)
 ParOldGen       total 175104K, used 6213K [0x00000000e0000000, 0x00000000eab00000, 0x00000000f5580000)
  object space 175104K, 3% used [0x00000000e0000000,0x00000000e06117d8,0x00000000eab00000)
 Metaspace       used 6539K, capacity 7320K, committed 7680K, reserved 1056768K
  class space    used 643K, capacity 656K, committed 768K, reserved 1048576K

Card table byte_map: [0x00000000138b0000,0x00000000139c0000] byte_map_base: 0x00000000131b0000

Marking Bits: (ParMarkBitMap*) 0x000000006266c720
 Begin Bits: [0x0000000013dc0000, 0x00000000145c0000)
 End Bits:   [0x00000000145c0000, 0x0000000014dc0000)

Polling page: 0x00000000041a0000

CodeCache: size=245760Kb used=7372Kb max_used=7372Kb free=238387Kb
 bounds [0x00000000044f0000, 0x0000000004c30000, 0x00000000134f0000]
 total_blobs=2044 nmethods=1778 adapters=178
 compilation: enabled

Compilation events (10 events):
Event: 5.185 Thread 0x00000000158bd000 nmethod 1809 0x0000000004c23a10 code [0x0000000004c23b80, 0x0000000004c23e28]
Event: 5.185 Thread 0x0000000015872800 nmethod 1801 0x0000000004c20110 code [0x0000000004c20260, 0x0000000004c20358]
Event: 5.185 Thread 0x00000000158bd000 1810  s    3       com.android.dx.dex.file.ProtoIdsSection::intern (55 bytes)
Event: 5.185 Thread 0x0000000015872800 1785  s    4       com.android.dx.dex.file.MethodIdsSection::intern (55 bytes)
Event: 5.186 Thread 0x00000000158bd000 nmethod 1810 0x0000000004c22b50 code [0x0000000004c22d40, 0x0000000004c23648]
Event: 5.203 Thread 0x00000000158bd000 1812       3       com.android.dx.dex.file.TypeListItem::<init> (21 bytes)
Event: 5.203 Thread 0x00000000158bd000 nmethod 1812 0x0000000004c27dd0 code [0x0000000004c27f40, 0x0000000004c281d8]
Event: 5.204 Thread 0x00000000158bd000 1813       3       java.lang.StringBuilder::<init> (6 bytes)
Event: 5.204 Thread 0x00000000158bd000 nmethod 1813 0x0000000004c27890 code [0x0000000004c27a00, 0x0000000004c27cb0]
Event: 5.204 Thread 0x00000000158bd000 1814       3       com.android.dx.dex.file.ProtoIdItem::makeShortForm (74 bytes)

GC Heap History (4 events):
Event: 3.833 GC heap before
{Heap before GC invocations=1 (full 0):
 PSYoungGen      total 76288K, used 65536K [0x00000000f5580000, 0x00000000faa80000, 0x0000000100000000)
  eden space 65536K, 100% used [0x00000000f5580000,0x00000000f9580000,0x00000000f9580000)
  from space 10752K, 0% used [0x00000000fa000000,0x00000000fa000000,0x00000000faa80000)
  to   space 10752K, 0% used [0x00000000f9580000,0x00000000f9580000,0x00000000fa000000)
 ParOldGen       total 175104K, used 0K [0x00000000e0000000, 0x00000000eab00000, 0x00000000f5580000)
  object space 175104K, 0% used [0x00000000e0000000,0x00000000e0000000,0x00000000eab00000)
 Metaspace       used 6348K, capacity 7192K, committed 7424K, reserved 1056768K
  class space    used 636K, capacity 656K, committed 768K, reserved 1048576K
Event: 3.866 GC heap after
Heap after GC invocations=1 (full 0):
 PSYoungGen      total 76288K, used 10743K [0x00000000f5580000, 0x00000000faa80000, 0x0000000100000000)
  eden space 65536K, 0% used [0x00000000f5580000,0x00000000f5580000,0x00000000f9580000)
  from space 10752K, 99% used [0x00000000f9580000,0x00000000f9ffdfc8,0x00000000fa000000)
  to   space 10752K, 0% used [0x00000000fa000000,0x00000000fa000000,0x00000000faa80000)
 ParOldGen       total 175104K, used 172K [0x00000000e0000000, 0x00000000eab00000, 0x00000000f5580000)
  object space 175104K, 0% used [0x00000000e0000000,0x00000000e002b070,0x00000000eab00000)
 Metaspace       used 6348K, capacity 7192K, committed 7424K, reserved 1056768K
  class space    used 636K, capacity 656K, committed 768K, reserved 1048576K
}
Event: 4.508 GC heap before
{Heap before GC invocations=2 (full 0):
 PSYoungGen      total 76288K, used 76279K [0x00000000f5580000, 0x00000000faa80000, 0x0000000100000000)
  eden space 65536K, 100% used [0x00000000f5580000,0x00000000f9580000,0x00000000f9580000)
  from space 10752K, 99% used [0x00000000f9580000,0x00000000f9ffdfc8,0x00000000fa000000)
  to   space 10752K, 0% used [0x00000000fa000000,0x00000000fa000000,0x00000000faa80000)
 ParOldGen       total 175104K, used 172K [0x00000000e0000000, 0x00000000eab00000, 0x00000000f5580000)
  object space 175104K, 0% used [0x00000000e0000000,0x00000000e002b070,0x00000000eab00000)
 Metaspace       used 6421K, capacity 7256K, committed 7424K, reserved 1056768K
  class space    used 636K, capacity 656K, committed 768K, reserved 1048576K
Event: 4.546 GC heap after
Heap after GC invocations=2 (full 0):
 PSYoungGen      total 76288K, used 10747K [0x00000000f5580000, 0x00000000fea80000, 0x0000000100000000)
  eden space 65536K, 0% used [0x00000000f5580000,0x00000000f5580000,0x00000000f9580000)
  from space 10752K, 99% used [0x00000000fa000000,0x00000000faa7ec58,0x00000000faa80000)
  to   space 10752K, 0% used [0x00000000f9580000,0x00000000f9580000,0x00000000fa000000)
 ParOldGen       total 175104K, used 6213K [0x00000000e0000000, 0x00000000eab00000, 0x00000000f5580000)
  object space 175104K, 3% used [0x00000000e0000000,0x00000000e06117d8,0x00000000eab00000)
 Metaspace       used 6421K, capacity 7256K, committed 7424K, reserved 1056768K
  class space    used 636K, capacity 656K, committed 768K, reserved 1048576K
}

Deoptimization events (10 events):
Event: 3.564 Thread 0x00000000174e4000 Uncommon trap: reason=unstable_if action=reinterpret pc=0x0000000004afcfc8 method=com.android.dx.rop.code.LocalItem.hashCode()I @ 25
Event: 3.564 Thread 0x00000000174e4000 Uncommon trap: reason=unstable_if action=reinterpret pc=0x00000000047ce4d8 method=com.android.dx.rop.code.LocalItem.hashCode()I @ 25
Event: 3.754 Thread 0x00000000043ee800 Uncommon trap: reason=null_check action=make_not_entrant pc=0x0000000004984568 method=com.android.dx.rop.type.Type.equals(Ljava/lang/Object;)Z @ 8
Event: 4.165 Thread 0x00000000043ee800 Uncommon trap: reason=unstable_if action=reinterpret pc=0x0000000004a22ef8 method=com.android.dx.ssa.SCCP.simulateStmt(Lcom/android/dx/ssa/SsaInsn;)V @ 59
Event: 4.567 Thread 0x0000000017490000 Uncommon trap: reason=unstable_if action=reinterpret pc=0x00000000048de2dc method=com.android.dx.ssa.SsaMethod.updateOneDefinition(Lcom/android/dx/ssa/SsaInsn;Lcom/android/dx/rop/code/RegisterSpec;)V @ 4
Event: 4.947 Thread 0x0000000017489000 Uncommon trap: reason=class_check action=maybe_recompile pc=0x000000000494da88 method=java.util.Arrays.hashCode([Ljava/lang/Object;)I @ 43
Event: 4.947 Thread 0x0000000017489000 Uncommon trap: reason=class_check action=maybe_recompile pc=0x000000000494da88 method=java.util.Arrays.hashCode([Ljava/lang/Object;)I @ 43
Event: 4.948 Thread 0x0000000017489000 Uncommon trap: reason=class_check action=maybe_recompile pc=0x000000000494da88 method=java.util.Arrays.hashCode([Ljava/lang/Object;)I @ 43
Event: 4.948 Thread 0x0000000017489000 Uncommon trap: reason=class_check action=maybe_recompile pc=0x000000000494da88 method=java.util.Arrays.hashCode([Ljava/lang/Object;)I @ 43
Event: 5.155 Thread 0x0000000017489000 Uncommon trap: reason=unstable_if action=reinterpret pc=0x0000000004aba6cc method=java.util.HashMap.putVal(ILjava/lang/Object;Ljava/lang/Object;ZZ)Ljava/lang/Object; @ 162

Internal exceptions (7 events):
Event: 0.145 Thread 0x00000000043ee800 Exception <a 'java/lang/NoSuchMethodError': Method sun.misc.Unsafe.defineClass(Ljava/lang/String;[BII)Ljava/lang/Class; name or signature does not match> (0x00000000f5587ca8) thrown at [C:\re\workspace\8-2-build-windows-amd64-cygwin\jdk8u131\8869\hotspot\
Event: 0.145 Thread 0x00000000043ee800 Exception <a 'java/lang/NoSuchMethodError': Method sun.misc.Unsafe.prefetchRead(Ljava/lang/Object;J)V name or signature does not match> (0x00000000f5587f90) thrown at [C:\re\workspace\8-2-build-windows-amd64-cygwin\jdk8u131\8869\hotspot\src\share\vm\prims
Event: 2.987 Thread 0x000000001748f000 Implicit null exception at 0x0000000004800417 to 0x0000000004802845
Event: 3.196 Thread 0x000000001748f000 Exception <a 'java/lang/ArrayIndexOutOfBoundsException': 18> (0x00000000f86ddf20) thrown at [C:\re\workspace\8-2-build-windows-amd64-cygwin\jdk8u131\8869\hotspot\src\share\vm\interpreter\interpreterRuntime.cpp, line 366]
Event: 3.197 Thread 0x000000001748f000 Exception <a 'java/lang/ArrayIndexOutOfBoundsException'> (0x00000000f86dfaa0) thrown at [C:\re\workspace\8-2-build-windows-amd64-cygwin\jdk8u131\8869\hotspot\src\share\vm\runtime\sharedRuntime.cpp, line 605]
Event: 3.200 Thread 0x000000001748f000 Exception <a 'java/lang/ArrayIndexOutOfBoundsException'> (0x00000000f86e0d88) thrown at [C:\re\workspace\8-2-build-windows-amd64-cygwin\jdk8u131\8869\hotspot\src\share\vm\runtime\sharedRuntime.cpp, line 605]
Event: 3.754 Thread 0x00000000043ee800 Implicit null exception at 0x0000000004984462 to 0x000000000498455a

Events (10 events):
Event: 4.948 Thread 0x0000000017489000 DEOPT UNPACKING pc=0x000000000453582a sp=0x000000001a66eaf0 mode 2
Event: 4.971 loading class com/android/dx/dex/file/CatchStructs
Event: 4.971 loading class com/android/dx/dex/file/CatchStructs done
Event: 5.059 Thread 0x0000000017489000 DEOPT PACKING pc=0x0000000004bf3a2a sp=0x000000001a66ecf0
Event: 5.059 Thread 0x0000000017489000 DEOPT UNPACKING pc=0x000000000453787f sp=0x000000001a66ea80 mode 0
Event: 5.155 Thread 0x0000000017489000 Uncommon trap: trap_request=0xffffff65 fr.pc=0x0000000004aba6cc
Event: 5.155 Thread 0x0000000017489000 DEOPT PACKING pc=0x0000000004aba6cc sp=0x000000001a66ebe0
Event: 5.155 Thread 0x0000000017489000 DEOPT UNPACKING pc=0x000000000453582a sp=0x000000001a66eb00 mode 2
Event: 5.168 loading class com/android/dx/dex/file/ProtoIdItem
Event: 5.168 loading class com/android/dx/dex/file/ProtoIdItem done


Dynamic libraries:
0x00007ff68bf10000 - 0x00007ff68bf47000 	C:\Program Files\Java\jdk1.8.0_131\bin\java.exe
0x00007ffd410d0000 - 0x00007ffd412b0000 	C:\WINDOWS\SYSTEM32\ntdll.dll
0x00007ffd3ea50000 - 0x00007ffd3eafe000 	C:\WINDOWS\System32\KERNEL32.DLL
0x00007ffd3d760000 - 0x00007ffd3d9c6000 	C:\WINDOWS\System32\KERNELBASE.dll
0x00007ffd40850000 - 0x00007ffd408f1000 	C:\WINDOWS\System32\ADVAPI32.dll
0x00007ffd40ee0000 - 0x00007ffd40f7d000 	C:\WINDOWS\System32\msvcrt.dll
0x00007ffd407f0000 - 0x00007ffd4084b000 	C:\WINDOWS\System32\sechost.dll
0x00007ffd40f80000 - 0x00007ffd4109f000 	C:\WINDOWS\System32\RPCRT4.dll
0x00007ffd3ebf0000 - 0x00007ffd3ed7f000 	C:\WINDOWS\System32\USER32.dll
0x00007ffd3e4e0000 - 0x00007ffd3e500000 	C:\WINDOWS\System32\win32u.dll
0x00007ffd40c80000 - 0x00007ffd40ca8000 	C:\WINDOWS\System32\GDI32.dll
0x00007ffd3da20000 - 0x00007ffd3dbb3000 	C:\WINDOWS\System32\gdi32full.dll
0x00007ffd3e500000 - 0x00007ffd3e59b000 	C:\WINDOWS\System32\msvcp_win.dll
0x00007ffd3d600000 - 0x00007ffd3d6f6000 	C:\WINDOWS\System32\ucrtbase.dll
0x00007ffd323f0000 - 0x00007ffd32659000 	C:\WINDOWS\WinSxS\amd64_microsoft.windows.common-controls_6595b64144ccf1df_6.0.16299.125_none_15cbcf8893620c09\COMCTL32.dll
0x00007ffd40900000 - 0x00007ffd40c08000 	C:\WINDOWS\System32\combase.dll
0x00007ffd3d4d0000 - 0x00007ffd3d542000 	C:\WINDOWS\System32\bcryptPrimitives.dll
0x00007ffd40eb0000 - 0x00007ffd40edd000 	C:\WINDOWS\System32\IMM32.DLL
0x00000000619c0000 - 0x0000000061a92000 	C:\Program Files\Java\jdk1.8.0_131\jre\bin\msvcr100.dll
0x0000000061e50000 - 0x00000000626ec000 	C:\Program Files\Java\jdk1.8.0_131\jre\bin\server\jvm.dll
0x00007ffd40cb0000 - 0x00007ffd40cb8000 	C:\WINDOWS\System32\PSAPI.DLL
0x00007ffd21ea0000 - 0x00007ffd21ea9000 	C:\WINDOWS\SYSTEM32\WSOCK32.dll
0x00007ffd40c10000 - 0x00007ffd40c7c000 	C:\WINDOWS\System32\WS2_32.dll
0x00007ffd3b030000 - 0x00007ffd3b053000 	C:\WINDOWS\SYSTEM32\WINMM.dll
0x00007ffd3c590000 - 0x00007ffd3c59a000 	C:\WINDOWS\SYSTEM32\VERSION.dll
0x00007ffd3aeb0000 - 0x00007ffd3aeda000 	C:\WINDOWS\SYSTEM32\WINMMBASE.dll
0x00007ffd3d9d0000 - 0x00007ffd3da1a000 	C:\WINDOWS\System32\cfgmgr32.dll
0x0000000061e40000 - 0x0000000061e4f000 	C:\Program Files\Java\jdk1.8.0_131\jre\bin\verify.dll
0x0000000061e10000 - 0x0000000061e39000 	C:\Program Files\Java\jdk1.8.0_131\jre\bin\java.dll
0x0000000061df0000 - 0x0000000061e06000 	C:\Program Files\Java\jdk1.8.0_131\jre\bin\zip.dll
0x00007ffd3f3b0000 - 0x00007ffd407e6000 	C:\WINDOWS\System32\SHELL32.dll
0x00007ffd3f300000 - 0x00007ffd3f3a6000 	C:\WINDOWS\System32\shcore.dll
0x00007ffd3dd90000 - 0x00007ffd3e4d7000 	C:\WINDOWS\System32\windows.storage.dll
0x00007ffd3eb00000 - 0x00007ffd3eb51000 	C:\WINDOWS\System32\shlwapi.dll
0x00007ffd3d4b0000 - 0x00007ffd3d4c1000 	C:\WINDOWS\System32\kernel.appcore.dll
0x00007ffd3d460000 - 0x00007ffd3d4ac000 	C:\WINDOWS\System32\powrprof.dll
0x00007ffd3d440000 - 0x00007ffd3d45b000 	C:\WINDOWS\System32\profapi.dll

VM Arguments:
jvm_args: -Djava.awt.headless=true -Xmx1024M -Dfile.encoding=windows-1252 -Duser.country=BR -Duser.language=pt -Duser.variant -Xms256m -Xmx512m 
java_command: com.android.dx.command.Main --dex --force-jumbo --num-threads=4 --multi-dex --output C:\Users\nosbo\AndroidStudioProjects\MeuPrimeiroApp\app\build\intermediates\transforms\dex\debug\folders\1000\10\com.android.support-support-core-ui-24.2.1_7d74b252c9fc902d4df0dc31a8a9a07f57254ce5 C:\Users\nosbo\AndroidStudioProjects\MeuPrimeiroApp\app\build\intermediates\exploded-aar\com.android.support\support-core-ui\24.2.1\jars\classes.jar
java_class_path (initial): C:\Android\sdk\build-tools\27.0.3\lib\dx.jar
Launcher Type: SUN_STANDARD

Environment Variables:
JAVA_HOME=C:\Program Files\Java\jdk1.8.0_131
_JAVA_OPTIONS= -Xms256m -Xmx512m
PATH=C:\ProgramData\Oracle\Java\javapath;C:\Program Files (x86)\Intel\iCLS Client\;C:\Program Files\Intel\iCLS Client\;C:\WINDOWS\system32;C:\WINDOWS;C:\WINDOWS\System32\Wbem;C:\WINDOWS\System32\WindowsPowerShell\v1.0\;C:\Program Files\Microsoft SQL Server\130\Tools\Binn\;C:\Program Files (x86)\Intel\Intel(R) Management Engine Components\DAL;C:\Program Files\Intel\Intel(R) Management Engine Components\DAL;C:\Program Files (x86)\Intel\Intel(R) Management Engine Components\IPT;C:\Program Files\Intel\Intel(R) Management Engine Components\IPT;C:\Program Files\Intel\WiFi\bin\;C:\Program Files\Common Files\Intel\WirelessCommon\;C:\Program Files\Java\jdk1.8.0_131\bin;C:\Users\nosbo\AppData\Local\Programs\Python\Python36-32\Scripts\;C:\Users\nosbo\AppData\Local\Programs\Python\Python36-32\;C:\Users\nosbo\AppData\Local\Microsoft\WindowsApps;C:\Program Files\Intel\WiFi\bin\;C:\Program Files\Common Files\Intel\WirelessCommon\
USERNAME=nosbo
OS=Windows_NT
PROCESSOR_IDENTIFIER=Intel64 Family 6 Model 69 Stepping 1, GenuineIntel



---------------  S Y S T E M  ---------------

OS: Windows 10.0 , 64 bit Build 16299 (10.0.16299.15)

CPU:total 4 (initial active 4) (2 cores per cpu, 2 threads per core) family 6 model 69 stepping 1, cmov, cx8, fxsr, mmx, sse, sse2, sse3, ssse3, sse4.1, sse4.2, popcnt, avx, avx2, aes, clmul, erms, lzcnt, ht, tsc, tscinvbit, bmi1, bmi2

Memory: 4k page, physical 3581036k(251900k free), swap 7775340k(4092k free)

vm_info: Java HotSpot(TM) 64-Bit Server VM (25.131-b11) for windows-amd64 JRE (1.8.0_131-b11), built on Mar 15 2017 01:23:53 by "java_re" with MS VC++ 10.0 (VS2010)

time: Mon Jan 08 23:21:18 2018
elapsed time: 5 seconds (0d 0h 0m 5s)

