#
# There is insufficient memory for the Java Runtime Environment to continue.
# Native memory allocation (malloc) failed to allocate 464592 bytes for Chunk::new
# Possible reasons:
#   The system is out of physical RAM or swap space
#   In 32 bit mode, the process size limit was hit
# Possible solutions:
#   Reduce memory load on the system
#   Increase physical memory or swap space
#   Check if swap backing store is full
#   Use 64 bit Java on a 64 bit OS
#   Decrease Java heap size (-Xmx/-Xms)
#   Decrease number of Java threads
#   Decrease Java thread stack sizes (-Xss)
#   Set larger code cache with -XX:ReservedCodeCacheSize=
# This output file may be truncated or incomplete.
#
#  Out of Memory Error (allocation.cpp:390), pid=5468, tid=0x00000000000006dc
#
# JRE version: Java(TM) SE Runtime Environment (8.0_131-b11) (build 1.8.0_131-b11)
# Java VM: Java HotSpot(TM) 64-Bit Server VM (25.131-b11 mixed mode windows-amd64 compressed oops)
# Failed to write core dump. Minidumps are not enabled by default on client versions of Windows
#

---------------  T H R E A D  ---------------

Current thread (0x0000000015f38000):  JavaThread "C2 CompilerThread1" daemon [_thread_in_native, id=1756, stack(0x0000000017730000,0x0000000017830000)]

Stack: [0x0000000017730000,0x0000000017830000]
[error occurred during error reporting (printing stack bounds), id 0xc0000005]

Native frames: (J=compiled Java code, j=interpreted, Vv=VM code, C=native code)


Current CompileTask:
C2:   3914 1442       4       com.android.dx.dex.code.OutputFinisher::addConstants (134 bytes)


---------------  P R O C E S S  ---------------

Java Threads: ( => current thread )
  0x000000001958b000 JavaThread "pool-1-thread-1" [_thread_in_Java, id=956, stack(0x0000000019c00000,0x0000000019d00000)]
  0x0000000017837000 JavaThread "Service Thread" daemon [_thread_blocked, id=7288, stack(0x0000000017d30000,0x0000000017e30000)]
  0x0000000017832000 JavaThread "C1 CompilerThread2" daemon [_thread_in_native, id=10712, stack(0x0000000017c30000,0x0000000017d30000)]
=>0x0000000015f38000 JavaThread "C2 CompilerThread1" daemon [_thread_in_native, id=1756, stack(0x0000000017730000,0x0000000017830000)]
  0x0000000015ee0000 JavaThread "C2 CompilerThread0" daemon [_thread_in_native, id=7604, stack(0x0000000017630000,0x0000000017730000)]
  0x0000000015edc800 JavaThread "Attach Listener" daemon [_thread_blocked, id=8448, stack(0x0000000017530000,0x0000000017630000)]
  0x0000000015edb800 JavaThread "Signal Dispatcher" daemon [_thread_blocked, id=10340, stack(0x0000000017430000,0x0000000017530000)]
  0x0000000015eca000 JavaThread "Finalizer" daemon [_thread_blocked, id=1440, stack(0x0000000017130000,0x0000000017230000)]
  0x0000000004ab1000 JavaThread "Reference Handler" daemon [_thread_blocked, id=8820, stack(0x0000000017030000,0x0000000017130000)]
  0x00000000049be800 JavaThread "main" [_thread_blocked, id=4180, stack(0x00000000048b0000,0x00000000049b0000)]

Other Threads:
  0x0000000015ea7800 VMThread [stack: 0x0000000016f30000,0x0000000017030000] [id=7724]
  0x0000000017843800 WatcherThread [stack: 0x0000000017e30000,0x0000000017f30000] [id=11044]

VM state:not at safepoint (normal execution)

VM Mutex/Monitor currently owned by a thread: None

Heap:
 PSYoungGen      total 76288K, used 53763K [0x00000000f5580000, 0x00000000faa80000, 0x0000000100000000)
  eden space 65536K, 82% used [0x00000000f5580000,0x00000000f8a00ef8,0x00000000f9580000)
  from space 10752K, 0% used [0x00000000fa000000,0x00000000fa000000,0x00000000faa80000)
  to   space 10752K, 0% used [0x00000000f9580000,0x00000000f9580000,0x00000000fa000000)
 ParOldGen       total 175104K, used 0K [0x00000000e0000000, 0x00000000eab00000, 0x00000000f5580000)
  object space 175104K, 0% used [0x00000000e0000000,0x00000000e0000000,0x00000000eab00000)
 Metaspace       used 6600K, capacity 7480K, committed 7680K, reserved 1056768K
  class space    used 639K, capacity 688K, committed 768K, reserved 1048576K

Card table byte_map: [0x0000000013e80000,0x0000000013f90000] byte_map_base: 0x0000000013780000

Marking Bits: (ParMarkBitMap*) 0x000000006266c720
 Begin Bits: [0x0000000014440000, 0x0000000014c40000)
 End Bits:   [0x0000000014c40000, 0x0000000015440000)

Polling page: 0x00000000047e0000

CodeCache: size=245760Kb used=6628Kb max_used=6640Kb free=239131Kb
 bounds [0x0000000004ac0000, 0x0000000005150000, 0x0000000013ac0000]
 total_blobs=1971 nmethods=1703 adapters=181
 compilation: enabled

Compilation events (10 events):
Event: 3.905 Thread 0x0000000017832000 nmethod 1701 0x0000000005134990 code [0x0000000005134d60, 0x0000000005136e78]
Event: 3.905 Thread 0x0000000017832000 1702       3       com.android.dx.rop.cst.CstType::getDescriptor (30 bytes)
Event: 3.905 Thread 0x0000000017832000 nmethod 1702 0x000000000512f110 code [0x000000000512f280, 0x000000000512f568]
Event: 3.905 Thread 0x0000000017832000 1703       3       com.android.dx.dex.file.OffsettedItem::getAbsoluteOffsetOr0 (11 bytes)
Event: 3.906 Thread 0x0000000017832000 nmethod 1703 0x0000000005134250 code [0x00000000051343e0, 0x00000000051347f8]
Event: 3.906 Thread 0x0000000017832000 1704       3       com.android.dx.util.ByteArrayAnnotatedOutput::writeShort (64 bytes)
Event: 3.906 Thread 0x0000000017832000 nmethod 1704 0x0000000005133ad0 code [0x0000000005133c60, 0x0000000005134018]
Event: 3.906 Thread 0x0000000017832000 1706       3       com.android.dx.dex.file.MethodIdItem::getMethodRef (8 bytes)
Event: 3.907 Thread 0x0000000017832000 nmethod 1706 0x0000000005133610 code [0x0000000005133780, 0x0000000005133a50]
Event: 3.907 Thread 0x0000000017832000 1708       3       com.android.dx.dex.file.MemberIdItem::writeTo (231 bytes)

GC Heap History (0 events):
No events

Deoptimization events (10 events):
Event: 3.470 Thread 0x000000001958b000 Uncommon trap: reason=bimorphic action=maybe_recompile pc=0x0000000004d48774 method=java.util.HashMap.getNode(ILjava/lang/Object;)Ljava/util/HashMap$Node; @ 126
Event: 3.470 Thread 0x000000001958b000 Uncommon trap: reason=bimorphic action=maybe_recompile pc=0x0000000004d48774 method=java.util.HashMap.getNode(ILjava/lang/Object;)Ljava/util/HashMap$Node; @ 126
Event: 3.471 Thread 0x000000001958b000 Uncommon trap: reason=bimorphic action=maybe_recompile pc=0x0000000004da9968 method=java.util.HashMap.getNode(ILjava/lang/Object;)Ljava/util/HashMap$Node; @ 126
Event: 3.650 Thread 0x000000001958b000 Uncommon trap: reason=class_check action=maybe_recompile pc=0x0000000004e30194 method=java.util.Arrays.equals([Ljava/lang/Object;[Ljava/lang/Object;)Z @ 62
Event: 3.650 Thread 0x000000001958b000 Uncommon trap: reason=class_check action=maybe_recompile pc=0x0000000004e30194 method=java.util.Arrays.equals([Ljava/lang/Object;[Ljava/lang/Object;)Z @ 62
Event: 3.650 Thread 0x000000001958b000 Uncommon trap: reason=class_check action=maybe_recompile pc=0x0000000004e30194 method=java.util.Arrays.equals([Ljava/lang/Object;[Ljava/lang/Object;)Z @ 62
Event: 3.650 Thread 0x000000001958b000 Uncommon trap: reason=class_check action=maybe_recompile pc=0x0000000004e30194 method=java.util.Arrays.equals([Ljava/lang/Object;[Ljava/lang/Object;)Z @ 62
Event: 3.736 Thread 0x000000001958b000 Uncommon trap: reason=unstable_if action=reinterpret pc=0x00000000050cfdcc method=com.android.dx.dex.code.OutputFinisher.findOpcodeForInsn(Lcom/android/dx/dex/code/DalvInsn;Lcom/android/dx/dex/code/Dop;)Lcom/android/dx/dex/code/Dop; @ 1
Event: 3.892 Thread 0x000000001958b000 Uncommon trap: reason=unstable_if action=reinterpret pc=0x0000000004d598fc method=java.lang.Long.numberOfTrailingZeros(J)I @ 3
Event: 3.900 Thread 0x000000001958b000 Uncommon trap: reason=unstable_if action=reinterpret pc=0x0000000005127284 method=com.android.dx.util.ByteArrayAnnotatedOutput.writeByte(I)V @ 13

Internal exceptions (3 events):
Event: 0.254 Thread 0x00000000049be800 Exception <a 'java/lang/NoSuchMethodError': Method sun.misc.Unsafe.defineClass(Ljava/lang/String;[BII)Ljava/lang/Class; name or signature does not match> (0x00000000f5587ca8) thrown at [C:\re\workspace\8-2-build-windows-amd64-cygwin\jdk8u131\8869\hotspot\
Event: 0.254 Thread 0x00000000049be800 Exception <a 'java/lang/NoSuchMethodError': Method sun.misc.Unsafe.prefetchRead(Ljava/lang/Object;J)V name or signature does not match> (0x00000000f5587f90) thrown at [C:\re\workspace\8-2-build-windows-amd64-cygwin\jdk8u131\8869\hotspot\src\share\vm\prims
Event: 2.517 Thread 0x0000000017b58800 Implicit null exception at 0x0000000004daac68 to 0x0000000004dac3ed

Events (10 events):
Event: 3.892 Thread 0x000000001958b000 Uncommon trap: trap_request=0xffffff65 fr.pc=0x0000000004d598fc
Event: 3.892 Thread 0x000000001958b000 DEOPT PACKING pc=0x0000000004d598fc sp=0x0000000019cfe760
Event: 3.892 Thread 0x000000001958b000 DEOPT UNPACKING pc=0x0000000004b0582a sp=0x0000000019cfe6f0 mode 2
Event: 3.896 loading class com/android/dx/dex/file/MapItem
Event: 3.896 loading class com/android/dx/dex/file/MapItem done
Event: 3.899 loading class com/android/dex/DexFormat
Event: 3.899 loading class com/android/dex/DexFormat done
Event: 3.900 Thread 0x000000001958b000 Uncommon trap: trap_request=0xffffff65 fr.pc=0x0000000005127284
Event: 3.900 Thread 0x000000001958b000 DEOPT PACKING pc=0x0000000005127284 sp=0x0000000019cfe910
Event: 3.900 Thread 0x000000001958b000 DEOPT UNPACKING pc=0x0000000004b0582a sp=0x0000000019cfe8c8 mode 2


Dynamic libraries:
0x00007ff68bf10000 - 0x00007ff68bf47000 	C:\Program Files\Java\jdk1.8.0_131\bin\java.exe
0x00007ffd410d0000 - 0x00007ffd412b0000 	C:\WINDOWS\SYSTEM32\ntdll.dll
0x00007ffd3ea50000 - 0x00007ffd3eafe000 	C:\WINDOWS\System32\KERNEL32.DLL
0x00007ffd3d760000 - 0x00007ffd3d9c6000 	C:\WINDOWS\System32\KERNELBASE.dll
0x00007ffd40850000 - 0x00007ffd408f1000 	C:\WINDOWS\System32\ADVAPI32.dll
0x00007ffd40ee0000 - 0x00007ffd40f7d000 	C:\WINDOWS\System32\msvcrt.dll
0x00007ffd407f0000 - 0x00007ffd4084b000 	C:\WINDOWS\System32\sechost.dll
0x00007ffd40f80000 - 0x00007ffd4109f000 	C:\WINDOWS\System32\RPCRT4.dll
0x00007ffd3ebf0000 - 0x00007ffd3ed7f000 	C:\WINDOWS\System32\USER32.dll
0x00007ffd3e4e0000 - 0x00007ffd3e500000 	C:\WINDOWS\System32\win32u.dll
0x00007ffd40c80000 - 0x00007ffd40ca8000 	C:\WINDOWS\System32\GDI32.dll
0x00007ffd3da20000 - 0x00007ffd3dbb3000 	C:\WINDOWS\System32\gdi32full.dll
0x00007ffd3e500000 - 0x00007ffd3e59b000 	C:\WINDOWS\System32\msvcp_win.dll
0x00007ffd3d600000 - 0x00007ffd3d6f6000 	C:\WINDOWS\System32\ucrtbase.dll
0x00007ffd323f0000 - 0x00007ffd32659000 	C:\WINDOWS\WinSxS\amd64_microsoft.windows.common-controls_6595b64144ccf1df_6.0.16299.125_none_15cbcf8893620c09\COMCTL32.dll
0x00007ffd40900000 - 0x00007ffd40c08000 	C:\WINDOWS\System32\combase.dll
0x00007ffd3d4d0000 - 0x00007ffd3d542000 	C:\WINDOWS\System32\bcryptPrimitives.dll
0x00007ffd40eb0000 - 0x00007ffd40edd000 	C:\WINDOWS\System32\IMM32.DLL
0x00000000619c0000 - 0x0000000061a92000 	C:\Program Files\Java\jdk1.8.0_131\jre\bin\msvcr100.dll
0x0000000061e50000 - 0x00000000626ec000 	C:\Program Files\Java\jdk1.8.0_131\jre\bin\server\jvm.dll
0x00007ffd40cb0000 - 0x00007ffd40cb8000 	C:\WINDOWS\System32\PSAPI.DLL
0x00007ffd21ea0000 - 0x00007ffd21ea9000 	C:\WINDOWS\SYSTEM32\WSOCK32.dll
0x00007ffd40c10000 - 0x00007ffd40c7c000 	C:\WINDOWS\System32\WS2_32.dll
0x00007ffd3b030000 - 0x00007ffd3b053000 	C:\WINDOWS\SYSTEM32\WINMM.dll
0x00007ffd3c590000 - 0x00007ffd3c59a000 	C:\WINDOWS\SYSTEM32\VERSION.dll
0x00007ffd3aeb0000 - 0x00007ffd3aeda000 	C:\WINDOWS\SYSTEM32\WINMMBASE.dll
0x00007ffd3d9d0000 - 0x00007ffd3da1a000 	C:\WINDOWS\System32\cfgmgr32.dll
0x0000000061e40000 - 0x0000000061e4f000 	C:\Program Files\Java\jdk1.8.0_131\jre\bin\verify.dll
0x0000000061e10000 - 0x0000000061e39000 	C:\Program Files\Java\jdk1.8.0_131\jre\bin\java.dll
0x0000000061df0000 - 0x0000000061e06000 	C:\Program Files\Java\jdk1.8.0_131\jre\bin\zip.dll
0x00007ffd3f3b0000 - 0x00007ffd407e6000 	C:\WINDOWS\System32\SHELL32.dll
0x00007ffd3f300000 - 0x00007ffd3f3a6000 	C:\WINDOWS\System32\shcore.dll
0x00007ffd3dd90000 - 0x00007ffd3e4d7000 	C:\WINDOWS\System32\windows.storage.dll
0x00007ffd3eb00000 - 0x00007ffd3eb51000 	C:\WINDOWS\System32\shlwapi.dll
0x00007ffd3d4b0000 - 0x00007ffd3d4c1000 	C:\WINDOWS\System32\kernel.appcore.dll
0x00007ffd3d460000 - 0x00007ffd3d4ac000 	C:\WINDOWS\System32\powrprof.dll
0x00007ffd3d440000 - 0x00007ffd3d45b000 	C:\WINDOWS\System32\profapi.dll

VM Arguments:
jvm_args: -Djava.awt.headless=true -Xmx1024M -Dfile.encoding=windows-1252 -Duser.country=BR -Duser.language=pt -Duser.variant -Xms256m -Xmx512m 
java_command: com.android.dx.command.Main --dex --force-jumbo --num-threads=4 --multi-dex --output C:\Users\nosbo\AndroidStudioProjects\MeuPrimeiroApp\app\build\intermediates\transforms\dex\debug\folders\1000\10\com.android.support-support-core-utils-24.2.1_af2c13374d6305e71973e3f789881e20253ff1af C:\Users\nosbo\AndroidStudioProjects\MeuPrimeiroApp\app\build\intermediates\exploded-aar\com.android.support\support-core-utils\24.2.1\jars\classes.jar
java_class_path (initial): C:\Android\sdk\build-tools\27.0.3\lib\dx.jar
Launcher Type: SUN_STANDARD

Environment Variables:
JAVA_HOME=C:\Program Files\Java\jdk1.8.0_131
_JAVA_OPTIONS= -Xms256m -Xmx512m
PATH=C:\ProgramData\Oracle\Java\javapath;C:\Program Files (x86)\Intel\iCLS Client\;C:\Program Files\Intel\iCLS Client\;C:\WINDOWS\system32;C:\WINDOWS;C:\WINDOWS\System32\Wbem;C:\WINDOWS\System32\WindowsPowerShell\v1.0\;C:\Program Files\Microsoft SQL Server\130\Tools\Binn\;C:\Program Files (x86)\Intel\Intel(R) Management Engine Components\DAL;C:\Program Files\Intel\Intel(R) Management Engine Components\DAL;C:\Program Files (x86)\Intel\Intel(R) Management Engine Components\IPT;C:\Program Files\Intel\Intel(R) Management Engine Components\IPT;C:\Program Files\Intel\WiFi\bin\;C:\Program Files\Common Files\Intel\WirelessCommon\;C:\Program Files\Java\jdk1.8.0_131\bin;C:\Users\nosbo\AppData\Local\Programs\Python\Python36-32\Scripts\;C:\Users\nosbo\AppData\Local\Programs\Python\Python36-32\;C:\Users\nosbo\AppData\Local\Microsoft\WindowsApps;C:\Program Files\Intel\WiFi\bin\;C:\Program Files\Common Files\Intel\WirelessCommon\
USERNAME=nosbo
OS=Windows_NT
PROCESSOR_IDENTIFIER=Intel64 Family 6 Model 69 Stepping 1, GenuineIntel



---------------  S Y S T E M  ---------------

OS: Windows 10.0 , 64 bit Build 16299 (10.0.16299.15)

CPU:total 4 (initial active 4) (2 cores per cpu, 2 threads per core) family 6 model 69 stepping 1, cmov, cx8, fxsr, mmx, sse, sse2, sse3, ssse3, sse4.1, sse4.2, popcnt, avx, avx2, aes, clmul, erms, lzcnt, ht, tsc, tscinvbit, bmi1, bmi2

Memory: 4k page, physical 3581036k(393400k free), swap 7775340k(5120k free)

vm_info: Java HotSpot(TM) 64-Bit Server VM (25.131-b11) for windows-amd64 JRE (1.8.0_131-b11), built on Mar 15 2017 01:23:53 by "java_re" with MS VC++ 10.0 (VS2010)

time: Mon Jan 08 23:22:45 2018
elapsed time: 3 seconds (0d 0h 0m 3s)

