#
# There is insufficient memory for the Java Runtime Environment to continue.
# Native memory allocation (malloc) failed to allocate 32744 bytes for ChunkPool::allocate
# Possible reasons:
#   The system is out of physical RAM or swap space
#   In 32 bit mode, the process size limit was hit
# Possible solutions:
#   Reduce memory load on the system
#   Increase physical memory or swap space
#   Check if swap backing store is full
#   Use 64 bit Java on a 64 bit OS
#   Decrease Java heap size (-Xmx/-Xms)
#   Decrease number of Java threads
#   Decrease Java thread stack sizes (-Xss)
#   Set larger code cache with -XX:ReservedCodeCacheSize=
# This output file may be truncated or incomplete.
#
#  Out of Memory Error (allocation.cpp:273), pid=9344, tid=0x0000000000000bcc
#
# JRE version: Java(TM) SE Runtime Environment (8.0_131-b11) (build 1.8.0_131-b11)
# Java VM: Java HotSpot(TM) 64-Bit Server VM (25.131-b11 mixed mode windows-amd64 compressed oops)
# Failed to write core dump. Minidumps are not enabled by default on client versions of Windows
#

---------------  T H R E A D  ---------------

Current thread (0x0000000015c2d000):  JavaThread "C1 CompilerThread2" daemon [_thread_in_native, id=3020, stack(0x0000000017570000,0x0000000017670000)]

Stack: [0x0000000017570000,0x0000000017670000]
[error occurred during error reporting (printing stack bounds), id 0xc0000005]

Native frames: (J=compiled Java code, j=interpreted, Vv=VM code, C=native code)


Current CompileTask:
C1:   1008   91       3       sun.nio.cs.UTF_8$Decoder::decode (779 bytes)


---------------  P R O C E S S  ---------------

Java Threads: ( => current thread )
  0x0000000017677000 JavaThread "Service Thread" daemon [_thread_blocked, id=4036, stack(0x0000000017a70000,0x0000000017b70000)]
=>0x0000000015c2d000 JavaThread "C1 CompilerThread2" daemon [_thread_in_native, id=3020, stack(0x0000000017570000,0x0000000017670000)]
  0x0000000015bd2000 JavaThread "C2 CompilerThread1" daemon [_thread_blocked, id=8648, stack(0x0000000017470000,0x0000000017570000)]
  0x0000000015bd0000 JavaThread "C2 CompilerThread0" daemon [_thread_blocked, id=4180, stack(0x0000000017370000,0x0000000017470000)]
  0x0000000015bcc800 JavaThread "Attach Listener" daemon [_thread_blocked, id=10136, stack(0x0000000017270000,0x0000000017370000)]
  0x0000000015bcb000 JavaThread "Signal Dispatcher" daemon [_thread_blocked, id=3172, stack(0x0000000017170000,0x0000000017270000)]
  0x0000000015bba000 JavaThread "Finalizer" daemon [_thread_blocked, id=10156, stack(0x0000000016e60000,0x0000000016f60000)]
  0x0000000004781000 JavaThread "Reference Handler" daemon [_thread_blocked, id=9308, stack(0x0000000016d60000,0x0000000016e60000)]
  0x000000000458e800 JavaThread "main" [_thread_in_vm, id=11176, stack(0x0000000004480000,0x0000000004580000)]

Other Threads:
  0x0000000015b97800 VMThread [stack: 0x0000000016c60000,0x0000000016d60000] [id=7044]
  0x000000001768c000 WatcherThread [stack: 0x0000000017b70000,0x0000000017c70000] [id=7680]

VM state:not at safepoint (normal execution)

VM Mutex/Monitor currently owned by a thread:  ([mutex/lock_event])
[0x000000000458d920] AdapterHandlerLibrary_lock - owner thread: 0x000000000458e800

Heap:
 PSYoungGen      total 76288K, used 3932K [0x00000000f5580000, 0x00000000faa80000, 0x0000000100000000)
  eden space 65536K, 6% used [0x00000000f5580000,0x00000000f5957108,0x00000000f9580000)
  from space 10752K, 0% used [0x00000000fa000000,0x00000000fa000000,0x00000000faa80000)
  to   space 10752K, 0% used [0x00000000f9580000,0x00000000f9580000,0x00000000fa000000)
 ParOldGen       total 175104K, used 0K [0x00000000e0000000, 0x00000000eab00000, 0x00000000f5580000)
  object space 175104K, 0% used [0x00000000e0000000,0x00000000e0000000,0x00000000eab00000)
 Metaspace       used 3537K, capacity 4784K, committed 5120K, reserved 1056768K
  class space    used 397K, capacity 424K, committed 512K, reserved 1048576K

Card table byte_map: [0x0000000013b60000,0x0000000013c70000] byte_map_base: 0x0000000013460000

Marking Bits: (ParMarkBitMap*) 0x000000006266c720
 Begin Bits: [0x0000000014120000, 0x0000000014920000)
 End Bits:   [0x0000000014920000, 0x0000000015120000)

Polling page: 0x0000000004450000

CodeCache: size=245760Kb used=1224Kb max_used=1224Kb free=244535Kb
 bounds [0x00000000047a0000, 0x0000000004a10000, 0x00000000137a0000]
 total_blobs=334 nmethods=91 adapters=156
 compilation: enabled

Compilation events (10 events):
Event: 0.979 Thread 0x0000000015c2d000 nmethod 84 0x00000000048d0510 code [0x00000000048d0660, 0x00000000048d0790]
Event: 0.986 Thread 0x0000000015c2d000   86       1       java.util.zip.ZipFile::access$300 (5 bytes)
Event: 0.986 Thread 0x0000000015c2d000 nmethod 86 0x00000000048d0c10 code [0x00000000048d0d60, 0x00000000048d0e50]
Event: 0.986 Thread 0x0000000015c2d000   87       3       java.util.zip.ZipUtils::get16 (19 bytes)
Event: 0.987 Thread 0x0000000015c2d000 nmethod 87 0x00000000048d0ed0 code [0x00000000048d1040, 0x00000000048d1270]
Event: 0.987 Thread 0x0000000015c2d000   88       3       java.util.zip.ZipFile::ensureOpen (37 bytes)
Event: 0.987 Thread 0x0000000015c2d000 nmethod 88 0x00000000048d13d0 code [0x00000000048d1560, 0x00000000048d1838]
Event: 0.987 Thread 0x0000000015c2d000   89       1       java.util.zip.ZipCoder::isUTF8 (5 bytes)
Event: 0.987 Thread 0x0000000015c2d000 nmethod 89 0x00000000048d1950 code [0x00000000048d1aa0, 0x00000000048d1bb0]
Event: 0.990 Thread 0x0000000015c2d000   91       3       sun.nio.cs.UTF_8$Decoder::decode (779 bytes)

GC Heap History (0 events):
No events

Deoptimization events (0 events):
No events

Internal exceptions (2 events):
Event: 0.376 Thread 0x000000000458e800 Exception <a 'java/lang/NoSuchMethodError': Method sun.misc.Unsafe.defineClass(Ljava/lang/String;[BII)Ljava/lang/Class; name or signature does not match> (0x00000000f5587ca8) thrown at [C:\re\workspace\8-2-build-windows-amd64-cygwin\jdk8u131\8869\hotspot\
Event: 0.376 Thread 0x000000000458e800 Exception <a 'java/lang/NoSuchMethodError': Method sun.misc.Unsafe.prefetchRead(Ljava/lang/Object;J)V name or signature does not match> (0x00000000f5587f90) thrown at [C:\re\workspace\8-2-build-windows-amd64-cygwin\jdk8u131\8869\hotspot\src\share\vm\prims

Events (10 events):
Event: 0.972 loading class com/android/dx/cf/direct/ClassPathOpener$1
Event: 0.972 loading class com/android/dx/cf/direct/ClassPathOpener$1 done
Event: 0.975 loading class com/android/dx/command/dexer/Main$FileBytesConsumer
Event: 0.975 loading class com/android/dx/command/dexer/Main$FileBytesConsumer done
Event: 0.977 loading class java/util/zip/ZipFile$ZipEntryIterator
Event: 0.977 loading class java/util/zip/ZipFile$ZipEntryIterator done
Event: 0.977 loading class java/util/zip/ZipUtils
Event: 0.978 loading class java/util/zip/ZipUtils done
Event: 0.978 loading class java/nio/file/attribute/FileTime
Event: 0.978 loading class java/nio/file/attribute/FileTime done


Dynamic libraries:
0x00007ff68bf10000 - 0x00007ff68bf47000 	C:\Program Files\Java\jdk1.8.0_131\bin\java.exe
0x00007ffd410d0000 - 0x00007ffd412b0000 	C:\WINDOWS\SYSTEM32\ntdll.dll
0x00007ffd3ea50000 - 0x00007ffd3eafe000 	C:\WINDOWS\System32\msvcp_win.dll
0x00007ffd3d760000 - 0x00007ffd3d9c6000 	C:\WINDOWS\System32\ucrtbase.dll
0x00007ffd40850000 - 0x00007ffd408f1000 	C:\WINDOWS\System32\combase.dll0x00007ffd40ee0000 - 0x00007ffd40f7d000 	C:\WINDOWS\System32\bcryptPrimitives.dll
0x00007ffd407f0000 - 0x00007ffd4084b000 	C:\WINDOWS\System32\IMM32.DLL
0x00007ffd40f80000 - 0x00007ffd4109f000 	C:\Program Files\Java\jdk1.8.0_131\jre\bin\msvcr100.dll
0x00007ffd3ebf0000 - 0x00007ffd3ed7f000 	C:\Program Files\Java\jdk1.8.0_131\jre\bin\server\jvm.dll
0x00007ffd3e4e0000 - 0x00007ffd3e500000 	C:\WINDOWS\System32\win32u.dll
0x00007ffd40c80000 - 0x00007ffd40ca8000 	C:\WINDOWS\System32\GDI32.dll
0x00007ffd3da20000 - 0x00007ffd3dbb3000 	C:\WINDOWS\System32\gdi32full.dll
0x00007ffd3e500000 - 0x00007ffd3e59b000 	C:\WINDOWS\System32\msvcp_win.dll
0x00007ffd3d600000 - 0x00007ffd3d6f6000 	C:\WINDOWS\System32\ucrtbase.dll
0x00007ffd323f0000 - 0x00007ffd32659000 	C:\WINDOWS\WinSxS\amd64_microsoft.windows.common-controls_6595b64144ccf1df_6.0.16299.125_none_15cbcf8893620c09\COMCTL32.dll
0x00007ffd40900000 - 0x00007ffd40c08000 	C:\Program Files\Java\jdk1.8.0_131\jre\bin\java.dll
0x00007ffd3d4d0000 - 0x00007ffd3d542000 	C:\WINDOWS\System32\bcryptPrimitives.dll
0x00007ffd40eb0000 - 0x00007ffd40edd000 	C:\WINDOWS\System32\IMM32.DLL
0x00000000619c0000 - 0x0000000061a92000 	C:\WINDOWS\SYSTEM32\ntdll.dll
0x0000000061e50000 - 0x00000000626ec000 	C:\WINDOWS\System32\msvcrt.dll
0x00007ffd40cb0000 - 0x00007ffd40cb8000 	C:\WINDOWS\System32\USER32.dll
0x00007ffd21ea0000 - 0x00007ffd21ea9000 	C:\WINDOWS\System32\GDI32.dll
0x00007ffd40c10000 - 0x00007ffd40c7c000 	C:\WINDOWS\System32\msvcp_win.dll
0x00007ffd3b030000 - 0x00007ffd3b053000 	C:\WINDOWS\WinSxS\amd64_microsoft.windows.common-controls_6595b64144ccf1df_6.0.16299.125_none_15cbcf8893620c09\COMCTL32.dll
0x00007ffd3c590000 - 0x00007ffd3c59a000 	C:\WINDOWS\System32\bcryptPrimitives.dll
0x00007ffd3aeb0000 - 0x00007ffd3aeda000 	C:\WINDOWS\SYSTEM32\WINMMBASE.dll
0x00007ffd3d9d0000 - 0x00007ffd3da1a000 	C:\Program Files\Java\jdk1.8.0_131\jre\bin\server\jvm.dll
0x0000000061e40000 - 0x0000000061e4f000 	C:\WINDOWS\SYSTEM32\WSOCK32.dll
0x0000000061e10000 - 0x0000000061e39000 	C:\Program Files\Java\jdk1.8.0_131\jre\bin\java.dll
0x0000000061df0000 - 0x0000000061e06000 	C:\WINDOWS\SYSTEM32\VERSION.dll
0x00007ffd3f3b0000 - 0x00007ffd407e6000 	C:\WINDOWS\System32\cfgmgr32.dll
0x00007ffd3f300000 - 0x00007ffd3f3a6000 	C:\Program Files\Java\jdk1.8.0_131\jre\bin\verify.dll
0x00007ffd3dd90000 - 0x00007ffd3e4d7000 	C:\WINDOWS\System32\windows.storage.dll
0x00007ffd3eb00000 - 0x00007ffd3eb51000 	C:\WINDOWS\System32\shlwapi.dll
0x00007ffd3d4b0000 - 0x00007ffd3d4c1000 	C:\WINDOWS\System32\ADVAPI32.dll0x00007ffd3d460000 - 0x00007ffd3d4ac000 	C:\WINDOWS\System32\USER32.dll
0x00007ffd3d440000 - 0x00007ffd3d45b000 	C:\WINDOWS\System32\msvcp_win.dll

VM Arguments:
jvm_args: -Djava.awt.headless=true -Xmx1024M -Dfile.encoding=windows-1252 -Duser.country=BR -Duser.language=pt -Duser.variant -Xms256m -Xmx512m 
java_command: com.android.dx.command.Main --dex --force-jumbo --num-threads=4 --multi-dex --output C:\Users\nosbo\AndroidStudioProjects\MeuPrimeiroApp\app\build\intermediates\transforms\dex\debug\folders\1000\10\internal_impl-24.2.1_e18ba968cd8485e844820e6ae658bd7025977ad7 C:\Users\nosbo\AndroidStudioProjects\MeuPrimeiroApp\app\build\intermediates\exploded-aar\com.android.support\support-compat\24.2.1\jars\libs\internal_impl-24.2.1.jar
java_class_path (initial): C:\Android\sdk\build-tools\27.0.3\lib\dx.jar
Launcher Type: SUN_STANDARD

Environment Variables:
JAVA_HOME=C:\Program Files\Java\jdk1.8.0_131
_JAVA_OPTIONS= -Xms256m -Xmx512m
PATH=C:\ProgramData\Oracle\Java\javapath;C:\Program Files (x86)\Intel\iCLS Client\;C:\Program Files\Intel\iCLS Client\;C:\WINDOWS\system32;C:\WINDOWS;C:\WINDOWS\System32\Wbem;C:\WINDOWS\System32\WindowsPowerShell\v1.0\;C:\Program Files\Microsoft SQL Server\130\Tools\Binn\;C:\Program Files (x86)\Intel\Intel(R) Management Engine Components\DAL;C:\Program Files\Intel\Intel(R) Management Engine Components\DAL;C:\Program Files (x86)\Intel\Intel(R) Management Engine Components\IPT;C:\Program Files\Intel\Intel(R) Management Engine Components\IPT;C:\Program Files\Intel\WiFi\bin\;C:\Program Files\Common Files\Intel\WirelessCommon\;C:\Program Files\Java\jdk1.8.0_131\bin;C:\Users\nosbo\AppData\Local\Programs\Python\Python36-32\Scripts\;C:\Users\nosbo\AppData\Local\Programs\Python\Python36-32\;C:\Users\nosbo\AppData\Local\Microsoft\WindowsApps;C:\Program Files\Intel\WiFi\bin\;C:\Program Files\Common Files\Intel\WirelessCommon\
USERNAME=nosbo
OS=Windows_NT
PROCESSOR_IDENTIFIER=Intel64 Family 6 Model 69 Stepping 1, GenuineIntel



---------------  S Y S T E M  ---------------

OS: Windows 10.0 , 64 bit Build 16299 (10.0.16299.15)

CPU:total 4 (initial active 4) (2 cores per cpu, 2 threads per core) family 6 model 69 stepping 1, cmov, cx8, fxsr, mmx, sse, sse2, sse3, ssse3, sse4.1, sse4.2, popcnt, avx, avx2, aes, clmul, erms, lzcnt, ht, tsc, tscinvbit, bmi1, bmi2

Memory: 4k page, physical 3581036k(251480k free), swap 7775340k(4092k free)

vm_info: Java HotSpot(TM) 64-Bit Server VM (25.131-b11) for windows-amd64 JRE (1.8.0_131-b11), built on Mar 15 2017 01:23:53 by "java_re" with MS VC++ 10.0 (VS2010)

time: Mon Jan 08 23:21:18 2018
elapsed time: 1 seconds (0d 0h 0m 1s)

