#
# There is insufficient memory for the Java Runtime Environment to continue.
# Native memory allocation (malloc) failed to allocate 598176 bytes for Chunk::new
# Possible reasons:
#   The system is out of physical RAM or swap space
#   In 32 bit mode, the process size limit was hit
# Possible solutions:
#   Reduce memory load on the system
#   Increase physical memory or swap space
#   Check if swap backing store is full
#   Use 64 bit Java on a 64 bit OS
#   Decrease Java heap size (-Xmx/-Xms)
#   Decrease number of Java threads
#   Decrease Java thread stack sizes (-Xss)
#   Set larger code cache with -XX:ReservedCodeCacheSize=
# This output file may be truncated or incomplete.
#
#  Out of Memory Error (allocation.cpp:390), pid=4064, tid=0x0000000000002180
#
# JRE version: Java(TM) SE Runtime Environment (8.0_131-b11) (build 1.8.0_131-b11)
# Java VM: Java HotSpot(TM) 64-Bit Server VM (25.131-b11 mixed mode windows-amd64 compressed oops)
# Failed to write core dump. Minidumps are not enabled by default on client versions of Windows
#

---------------  T H R E A D  ---------------

Current thread (0x0000000015ce8000):  JavaThread "C2 CompilerThread1" daemon [_thread_in_native, id=8576, stack(0x00000000174f0000,0x00000000175f0000)]

Stack: [0x00000000174f0000,0x00000000175f0000]
[error occurred during error reporting (printing stack bounds), id 0xc0000005]

Native frames: (J=compiled Java code, j=interpreted, Vv=VM code, C=native code)


Current CompileTask:
C2:   4574 1458       4       com.android.dx.ssa.SCCP::simulatePhi (169 bytes)


---------------  P R O C E S S  ---------------

Java Threads: ( => current thread )
  0x00000000178f9000 JavaThread "pool-2-thread-4" [_thread_in_Java, id=6320, stack(0x00000000180f0000,0x00000000181f0000)]
  0x00000000178f8800 JavaThread "pool-2-thread-3" [_thread_in_Java, id=8428, stack(0x0000000017ff0000,0x00000000180f0000)]
  0x000000001789b000 JavaThread "pool-2-thread-2" [_thread_blocked, id=3356, stack(0x0000000017ef0000,0x0000000017ff0000)]
  0x0000000017894800 JavaThread "pool-3-thread-1" [_thread_blocked, id=4084, stack(0x0000000017df0000,0x0000000017ef0000)]
  0x00000000178eb800 JavaThread "pool-2-thread-1" [_thread_blocked, id=196, stack(0x0000000017cf0000,0x0000000017df0000)]
  0x00000000175f7000 JavaThread "Service Thread" daemon [_thread_blocked, id=3052, stack(0x0000000017af0000,0x0000000017bf0000)]
  0x00000000175f2000 JavaThread "C1 CompilerThread2" daemon [_thread_blocked, id=6324, stack(0x00000000179f0000,0x0000000017af0000)]
=>0x0000000015ce8000 JavaThread "C2 CompilerThread1" daemon [_thread_in_native, id=8576, stack(0x00000000174f0000,0x00000000175f0000)]
  0x0000000015c90000 JavaThread "C2 CompilerThread0" daemon [_thread_in_native, id=9144, stack(0x00000000173f0000,0x00000000174f0000)]
  0x0000000015c8d000 JavaThread "Attach Listener" daemon [_thread_blocked, id=6356, stack(0x00000000172f0000,0x00000000173f0000)]
  0x0000000015c8c000 JavaThread "Signal Dispatcher" daemon [_thread_blocked, id=3136, stack(0x00000000171f0000,0x00000000172f0000)]
  0x0000000015c7a000 JavaThread "Finalizer" daemon [_thread_blocked, id=6312, stack(0x0000000016ef0000,0x0000000016ff0000)]
  0x0000000004911000 JavaThread "Reference Handler" daemon [_thread_blocked, id=948, stack(0x0000000016df0000,0x0000000016ef0000)]
  0x000000000481e800 JavaThread "main" [_thread_blocked, id=400, stack(0x0000000004490000,0x0000000004590000)]

Other Threads:
  0x0000000015c57800 VMThread [stack: 0x0000000016cf0000,0x0000000016df0000] [id=1496]
  0x000000001761c000 WatcherThread [stack: 0x0000000017bf0000,0x0000000017cf0000] [id=6176]

VM state:not at safepoint (normal execution)

VM Mutex/Monitor currently owned by a thread: None

Heap:
 PSYoungGen      total 76288K, used 17033K [0x00000000f5580000, 0x00000000fea80000, 0x0000000100000000)
  eden space 65536K, 10% used [0x00000000f5580000,0x00000000f5c04120,0x00000000f9580000)
  from space 10752K, 96% used [0x00000000f9580000,0x00000000f9f9e6b8,0x00000000fa000000)
  to   space 10752K, 0% used [0x00000000fe000000,0x00000000fe000000,0x00000000fea80000)
 ParOldGen       total 175104K, used 8K [0x00000000e0000000, 0x00000000eab00000, 0x00000000f5580000)
  object space 175104K, 0% used [0x00000000e0000000,0x00000000e0002000,0x00000000eab00000)
 Metaspace       used 6270K, capacity 7160K, committed 7296K, reserved 1056768K
  class space    used 615K, capacity 624K, committed 640K, reserved 1048576K

Card table byte_map: [0x0000000013ce0000,0x0000000013df0000] byte_map_base: 0x00000000135e0000

Marking Bits: (ParMarkBitMap*) 0x000000006266c720
 Begin Bits: [0x00000000141f0000, 0x00000000149f0000)
 End Bits:   [0x00000000149f0000, 0x00000000151f0000)

Polling page: 0x0000000002c20000

CodeCache: size=245760Kb used=6382Kb max_used=6382Kb free=239377Kb
 bounds [0x0000000004920000, 0x0000000004f70000, 0x0000000013920000]
 total_blobs=1788 nmethods=1523 adapters=178
 compilation: enabled

Compilation events (10 events):
Event: 4.519 Thread 0x00000000175f2000 1510   !   3       java.lang.ref.Finalizer::runFinalizer (62 bytes)
Event: 4.520 Thread 0x00000000175f2000 nmethod 1510 0x0000000004f4a710 code [0x0000000004f4a8c0, 0x0000000004f4b138]
Event: 4.520 Thread 0x00000000175f2000 1511       3       java.lang.ref.Finalizer::hasBeenFinalized (14 bytes)
Event: 4.520 Thread 0x00000000175f2000 nmethod 1511 0x0000000004f4b3d0 code [0x0000000004f4b520, 0x0000000004f4b6d0]
Event: 4.520 Thread 0x00000000175f2000 1512   !   3       java.lang.ref.Finalizer::remove (94 bytes)
Event: 4.521 Thread 0x00000000175f2000 nmethod 1512 0x0000000004f4b750 code [0x0000000004f4b8c0, 0x0000000004f4bd90]
Event: 4.521 Thread 0x00000000175f2000 1513       3       java.lang.System$2::invokeFinalize (5 bytes)
Event: 4.521 Thread 0x00000000175f2000 nmethod 1513 0x0000000004f4bed0 code [0x0000000004f4c040, 0x0000000004f4c268]
Event: 4.521 Thread 0x00000000175f2000 1504   !   3       java.util.zip.ZipFile$ZipFileInflaterInputStream::close (67 bytes)
Event: 4.522 Thread 0x00000000175f2000 nmethod 1504 0x0000000004f4c310 code [0x0000000004f4c4e0, 0x0000000004f4ccd8]

GC Heap History (2 events):
Event: 4.458 GC heap before
{Heap before GC invocations=1 (full 0):
 PSYoungGen      total 76288K, used 65536K [0x00000000f5580000, 0x00000000faa80000, 0x0000000100000000)
  eden space 65536K, 100% used [0x00000000f5580000,0x00000000f9580000,0x00000000f9580000)
  from space 10752K, 0% used [0x00000000fa000000,0x00000000fa000000,0x00000000faa80000)
  to   space 10752K, 0% used [0x00000000f9580000,0x00000000f9580000,0x00000000fa000000)
 ParOldGen       total 175104K, used 0K [0x00000000e0000000, 0x00000000eab00000, 0x00000000f5580000)
  object space 175104K, 0% used [0x00000000e0000000,0x00000000e0000000,0x00000000eab00000)
 Metaspace       used 6254K, capacity 7160K, committed 7296K, reserved 1056768K
  class space    used 615K, capacity 624K, committed 640K, reserved 1048576K
Event: 4.502 GC heap after
Heap after GC invocations=1 (full 0):
 PSYoungGen      total 76288K, used 10361K [0x00000000f5580000, 0x00000000fea80000, 0x0000000100000000)
  eden space 65536K, 0% used [0x00000000f5580000,0x00000000f5580000,0x00000000f9580000)
  from space 10752K, 96% used [0x00000000f9580000,0x00000000f9f9e6b8,0x00000000fa000000)
  to   space 10752K, 0% used [0x00000000fe000000,0x00000000fe000000,0x00000000fea80000)
 ParOldGen       total 175104K, used 8K [0x00000000e0000000, 0x00000000eab00000, 0x00000000f5580000)
  object space 175104K, 0% used [0x00000000e0000000,0x00000000e0002000,0x00000000eab00000)
 Metaspace       used 6254K, capacity 7160K, committed 7296K, reserved 1056768K
  class space    used 615K, capacity 624K, committed 640K, reserved 1048576K
}

Deoptimization events (10 events):
Event: 2.722 Thread 0x00000000178eb800 Uncommon trap: reason=unstable_if action=reinterpret pc=0x0000000004b5ea20 method=java.util.HashMap.getNode(ILjava/lang/Object;)Ljava/util/HashMap$Node; @ 129
Event: 2.919 Thread 0x000000001789b000 Uncommon trap: reason=unstable_if action=reinterpret pc=0x0000000004b98524 method=java.util.HashMap.getNode(ILjava/lang/Object;)Ljava/util/HashMap$Node; @ 129
Event: 2.953 Thread 0x000000001789b000 Uncommon trap: reason=unstable_if action=reinterpret pc=0x0000000004c556a0 method=com.android.dx.rop.code.LocalItem.hashCode()I @ 25
Event: 2.953 Thread 0x000000001789b000 Uncommon trap: reason=unstable_if action=reinterpret pc=0x0000000004c37fa4 method=com.android.dx.rop.code.LocalItem.hashCode()I @ 25
Event: 2.954 Thread 0x000000001789b000 Uncommon trap: reason=unstable_if action=reinterpret pc=0x0000000004c3d86c method=com.android.dx.rop.code.RegisterSpecSet.put(Lcom/android/dx/rop/code/RegisterSpec;)V @ 77
Event: 2.954 Thread 0x000000001789b000 Uncommon trap: reason=unstable_if action=reinterpret pc=0x0000000004c9802c method=com.android.dx.rop.code.RegisterSpecSet.put(Lcom/android/dx/rop/code/RegisterSpec;)V @ 77
Event: 2.955 Thread 0x000000001789b000 Uncommon trap: reason=unstable_if action=reinterpret pc=0x0000000004bd36dc method=com.android.dx.rop.code.LocalItem.hashCode()I @ 25
Event: 3.100 Thread 0x00000000178f8800 Uncommon trap: reason=unstable_if action=reinterpret pc=0x0000000004c3e184 method=com.android.dx.rop.code.RegisterSpec.equals(ILcom/android/dx/rop/type/TypeBearer;Lcom/android/dx/rop/code/LocalItem;)Z @ 42
Event: 3.706 Thread 0x000000000481e800 Uncommon trap: reason=unstable_if action=reinterpret pc=0x0000000004d10bdc method=com.android.dx.rop.cst.Constant.compareTo(Lcom/android/dx/rop/cst/Constant;)I @ 12
Event: 4.408 Thread 0x00000000178f9000 Uncommon trap: reason=null_check action=make_not_entrant pc=0x0000000004c2a9dc method=com.android.dx.ssa.SsaRenamer.getLocalForNewReg(I)Lcom/android/dx/rop/code/LocalItem; @ 19

Internal exceptions (3 events):
Event: 0.704 Thread 0x000000000481e800 Exception <a 'java/lang/NoSuchMethodError': Method sun.misc.Unsafe.defineClass(Ljava/lang/String;[BII)Ljava/lang/Class; name or signature does not match> (0x00000000f5587ca8) thrown at [C:\re\workspace\8-2-build-windows-amd64-cygwin\jdk8u131\8869\hotspot\
Event: 0.704 Thread 0x000000000481e800 Exception <a 'java/lang/NoSuchMethodError': Method sun.misc.Unsafe.prefetchRead(Ljava/lang/Object;J)V name or signature does not match> (0x00000000f5587f90) thrown at [C:\re\workspace\8-2-build-windows-amd64-cygwin\jdk8u131\8869\hotspot\src\share\vm\prims
Event: 4.408 Thread 0x00000000178f9000 Implicit null exception at 0x0000000004c29234 to 0x0000000004c2a995

Events (10 events):
Event: 3.706 Thread 0x000000000481e800 DEOPT UNPACKING pc=0x000000000496582a sp=0x000000000458e080 mode 2
Event: 3.854 Executing VM operation: ForceSafepoint
Event: 3.855 Executing VM operation: ForceSafepoint done
Event: 4.408 Thread 0x00000000178f9000 Uncommon trap: trap_request=0xfffffff4 fr.pc=0x0000000004c2a9dc
Event: 4.408 Thread 0x00000000178f9000 DEOPT PACKING pc=0x0000000004c2a9dc sp=0x00000000181ee710
Event: 4.408 Thread 0x00000000178f9000 DEOPT UNPACKING pc=0x000000000496582a sp=0x00000000181ee568 mode 2
Event: 4.456 loading class com/android/dx/cf/attrib/AttExceptions
Event: 4.456 loading class com/android/dx/cf/attrib/AttExceptions done
Event: 4.457 Executing VM operation: ParallelGCFailedAllocation
Event: 4.503 Executing VM operation: ParallelGCFailedAllocation done


Dynamic libraries:
0x00007ff68bf10000 - 0x00007ff68bf47000 	C:\Program Files\Java\jdk1.8.0_131\bin\java.exe
0x00007ffd410d0000 - 0x00007ffd412b0000 	C:\WINDOWS\SYSTEM32\ntdll.dll
0x00007ffd3ea50000 - 0x00007ffd3eafe000 	C:\WINDOWS\System32\KERNEL32.DLL
0x00007ffd3d760000 - 0x00007ffd3d9c6000 	C:\WINDOWS\System32\KERNELBASE.dll
0x00007ffd40850000 - 0x00007ffd408f1000 	C:\WINDOWS\System32\ADVAPI32.dll
0x00007ffd40ee0000 - 0x00007ffd40f7d000 	C:\WINDOWS\System32\msvcrt.dll
0x00007ffd407f0000 - 0x00007ffd4084b000 	C:\WINDOWS\System32\sechost.dll
0x00007ffd40f80000 - 0x00007ffd4109f000 	C:\WINDOWS\System32\RPCRT4.dll
0x00007ffd3ebf0000 - 0x00007ffd3ed7f000 	C:\WINDOWS\System32\USER32.dll
0x00007ffd3e4e0000 - 0x00007ffd3e500000 	C:\WINDOWS\System32\win32u.dll
0x00007ffd40c80000 - 0x00007ffd40ca8000 	C:\WINDOWS\System32\GDI32.dll
0x00007ffd3da20000 - 0x00007ffd3dbb3000 	C:\WINDOWS\System32\gdi32full.dll
0x00007ffd3e500000 - 0x00007ffd3e59b000 	C:\WINDOWS\System32\msvcp_win.dll
0x00007ffd3d600000 - 0x00007ffd3d6f6000 	C:\WINDOWS\System32\ucrtbase.dll
0x00007ffd323f0000 - 0x00007ffd32659000 	C:\WINDOWS\WinSxS\amd64_microsoft.windows.common-controls_6595b64144ccf1df_6.0.16299.125_none_15cbcf8893620c09\COMCTL32.dll
0x00007ffd40900000 - 0x00007ffd40c08000 	C:\WINDOWS\System32\combase.dll
0x00007ffd3d4d0000 - 0x00007ffd3d542000 	C:\WINDOWS\System32\bcryptPrimitives.dll
0x00007ffd40eb0000 - 0x00007ffd40edd000 	C:\WINDOWS\System32\IMM32.DLL
0x00000000619c0000 - 0x0000000061a92000 	C:\Program Files\Java\jdk1.8.0_131\jre\bin\msvcr100.dll
0x0000000061e50000 - 0x00000000626ec000 	C:\Program Files\Java\jdk1.8.0_131\jre\bin\server\jvm.dll
0x00007ffd40cb0000 - 0x00007ffd40cb8000 	C:\WINDOWS\System32\PSAPI.DLL
0x00007ffd21ea0000 - 0x00007ffd21ea9000 	C:\WINDOWS\SYSTEM32\WSOCK32.dll
0x00007ffd40c10000 - 0x00007ffd40c7c000 	C:\WINDOWS\System32\WS2_32.dll
0x00007ffd3b030000 - 0x00007ffd3b053000 	C:\WINDOWS\SYSTEM32\WINMM.dll
0x00007ffd3c590000 - 0x00007ffd3c59a000 	C:\WINDOWS\SYSTEM32\VERSION.dll
0x00007ffd3aeb0000 - 0x00007ffd3aeda000 	C:\WINDOWS\SYSTEM32\WINMMBASE.dll
0x00007ffd3d9d0000 - 0x00007ffd3da1a000 	C:\WINDOWS\System32\cfgmgr32.dll
0x0000000061e40000 - 0x0000000061e4f000 	C:\Program Files\Java\jdk1.8.0_131\jre\bin\verify.dll
0x0000000061e10000 - 0x0000000061e39000 	C:\Program Files\Java\jdk1.8.0_131\jre\bin\java.dll
0x0000000061df0000 - 0x0000000061e06000 	C:\Program Files\Java\jdk1.8.0_131\jre\bin\zip.dll
0x00007ffd3f3b0000 - 0x00007ffd407e6000 	C:\WINDOWS\System32\SHELL32.dll
0x00007ffd3f300000 - 0x00007ffd3f3a6000 	C:\WINDOWS\System32\shcore.dll
0x00007ffd3dd90000 - 0x00007ffd3e4d7000 	C:\WINDOWS\System32\windows.storage.dll
0x00007ffd3eb00000 - 0x00007ffd3eb51000 	C:\WINDOWS\System32\shlwapi.dll
0x00007ffd3d4b0000 - 0x00007ffd3d4c1000 	C:\WINDOWS\System32\kernel.appcore.dll
0x00007ffd3d460000 - 0x00007ffd3d4ac000 	C:\WINDOWS\System32\powrprof.dll
0x00007ffd3d440000 - 0x00007ffd3d45b000 	C:\WINDOWS\System32\profapi.dll

VM Arguments:
jvm_args: -Djava.awt.headless=true -Xmx1024M -Dfile.encoding=windows-1252 -Duser.country=BR -Duser.language=pt -Duser.variant -Xms256m -Xmx512m 
java_command: com.android.dx.command.Main --dex --force-jumbo --num-threads=4 --multi-dex --output C:\Users\nosbo\AndroidStudioProjects\MeuPrimeiroApp\app\build\intermediates\transforms\dex\debug\folders\1000\10\com.android.support-appcompat-v7-24.2.1_b7946a3a4bf1ffc0cb622a1434e179bccb59e3fc C:\Users\nosbo\AndroidStudioProjects\MeuPrimeiroApp\app\build\intermediates\exploded-aar\com.android.support\appcompat-v7\24.2.1\jars\classes.jar
java_class_path (initial): C:\Android\sdk\build-tools\27.0.3\lib\dx.jar
Launcher Type: SUN_STANDARD

Environment Variables:
JAVA_HOME=C:\Program Files\Java\jdk1.8.0_131
_JAVA_OPTIONS= -Xms256m -Xmx512m
PATH=C:\ProgramData\Oracle\Java\javapath;C:\Program Files (x86)\Intel\iCLS Client\;C:\Program Files\Intel\iCLS Client\;C:\WINDOWS\system32;C:\WINDOWS;C:\WINDOWS\System32\Wbem;C:\WINDOWS\System32\WindowsPowerShell\v1.0\;C:\Program Files\Microsoft SQL Server\130\Tools\Binn\;C:\Program Files (x86)\Intel\Intel(R) Management Engine Components\DAL;C:\Program Files\Intel\Intel(R) Management Engine Components\DAL;C:\Program Files (x86)\Intel\Intel(R) Management Engine Components\IPT;C:\Program Files\Intel\Intel(R) Management Engine Components\IPT;C:\Program Files\Intel\WiFi\bin\;C:\Program Files\Common Files\Intel\WirelessCommon\;C:\Program Files\Java\jdk1.8.0_131\bin;C:\Users\nosbo\AppData\Local\Programs\Python\Python36-32\Scripts\;C:\Users\nosbo\AppData\Local\Programs\Python\Python36-32\;C:\Users\nosbo\AppData\Local\Microsoft\WindowsApps;C:\Program Files\Intel\WiFi\bin\;C:\Program Files\Common Files\Intel\WirelessCommon\
USERNAME=nosbo
OS=Windows_NT
PROCESSOR_IDENTIFIER=Intel64 Family 6 Model 69 Stepping 1, GenuineIntel



---------------  S Y S T E M  ---------------

OS: Windows 10.0 , 64 bit Build 16299 (10.0.16299.15)

CPU:total 4 (initial active 4) (2 cores per cpu, 2 threads per core) family 6 model 69 stepping 1, cmov, cx8, fxsr, mmx, sse, sse2, sse3, ssse3, sse4.1, sse4.2, popcnt, avx, avx2, aes, clmul, erms, lzcnt, ht, tsc, tscinvbit, bmi1, bmi2

Memory: 4k page, physical 3581036k(377164k free), swap 7775340k(4628k free)

vm_info: Java HotSpot(TM) 64-Bit Server VM (25.131-b11) for windows-amd64 JRE (1.8.0_131-b11), built on Mar 15 2017 01:23:53 by "java_re" with MS VC++ 10.0 (VS2010)

time: Mon Jan 08 23:21:31 2018
elapsed time: 4 seconds (0d 0h 0m 4s)

