#
# There is insufficient memory for the Java Runtime Environment to continue.
# Native memory allocation (malloc) failed to allocate 57360 bytes for Chunk::new
# Possible reasons:
#   The system is out of physical RAM or swap space
#   In 32 bit mode, the process size limit was hit
# Possible solutions:
#   Reduce memory load on the system
#   Increase physical memory or swap space
#   Check if swap backing store is full
#   Use 64 bit Java on a 64 bit OS
#   Decrease Java heap size (-Xmx/-Xms)
#   Decrease number of Java threads
#   Decrease Java thread stack sizes (-Xss)
#   Set larger code cache with -XX:ReservedCodeCacheSize=
# This output file may be truncated or incomplete.
#
#  Out of Memory Error (allocation.cpp:390), pid=12264, tid=0x0000000000002080
#
# JRE version: Java(TM) SE Runtime Environment (8.0_131-b11) (build 1.8.0_131-b11)
# Java VM: Java HotSpot(TM) 64-Bit Server VM (25.131-b11 mixed mode windows-amd64 compressed oops)
# Failed to write core dump. Minidumps are not enabled by default on client versions of Windows
#

---------------  T H R E A D  ---------------

Current thread (0x0000000016b77000):  JavaThread "C2 CompilerThread1" daemon [_thread_in_native, id=8320, stack(0x0000000018390000,0x0000000018490000)]

Stack: [0x0000000018390000,0x0000000018490000]
[error occurred during error reporting (printing stack bounds), id 0xc0000005]

Native frames: (J=compiled Java code, j=interpreted, Vv=VM code, C=native code)


Current CompileTask:
C2:   4385 1295       4       java.util.HashMap::putVal (300 bytes)


---------------  P R O C E S S  ---------------

Java Threads: ( => current thread )
  0x00000000186ca800 JavaThread "pool-1-thread-1" [_thread_in_Java, id=6828, stack(0x0000000019890000,0x0000000019990000)]
  0x0000000018495000 JavaThread "Service Thread" daemon [_thread_blocked, id=10328, stack(0x0000000018990000,0x0000000018a90000)]
  0x0000000018491000 JavaThread "C1 CompilerThread2" daemon [_thread_blocked, id=4620, stack(0x0000000018890000,0x0000000018990000)]
=>0x0000000016b77000 JavaThread "C2 CompilerThread1" daemon [_thread_in_native, id=8320, stack(0x0000000018390000,0x0000000018490000)]
  0x0000000016b23800 JavaThread "C2 CompilerThread0" daemon [_thread_in_native, id=7792, stack(0x0000000018290000,0x0000000018390000)]
  0x0000000016b20800 JavaThread "Attach Listener" daemon [_thread_blocked, id=10684, stack(0x0000000018190000,0x0000000018290000)]
  0x0000000016b1f000 JavaThread "Signal Dispatcher" daemon [_thread_blocked, id=12004, stack(0x0000000018090000,0x0000000018190000)]
  0x0000000016b0a000 JavaThread "Finalizer" daemon [_thread_blocked, id=10204, stack(0x0000000017d90000,0x0000000017e90000)]
  0x0000000016ae9000 JavaThread "Reference Handler" daemon [_thread_blocked, id=11748, stack(0x0000000017c90000,0x0000000017d90000)]
  0x00000000041ce000 JavaThread "main" [_thread_blocked, id=9644, stack(0x00000000041d0000,0x00000000042d0000)]

Other Threads:
  0x0000000016ae7800 VMThread [stack: 0x0000000017b90000,0x0000000017c90000] [id=3336]
  0x000000001849b000 WatcherThread [stack: 0x0000000018a90000,0x0000000018b90000] [id=6824]

VM state:not at safepoint (normal execution)

VM Mutex/Monitor currently owned by a thread: None

Heap:
 PSYoungGen      total 16896K, used 15854K [0x00000000eab00000, 0x00000000ecc00000, 0x0000000100000000)
  eden space 14848K, 93% used [0x00000000eab00000,0x00000000eb87dbf0,0x00000000eb980000)
  from space 2048K, 99% used [0x00000000eb980000,0x00000000ebb7dcb8,0x00000000ebb80000)
  to   space 2048K, 0% used [0x00000000eca00000,0x00000000eca00000,0x00000000ecc00000)
 ParOldGen       total 38400K, used 1905K [0x00000000c0000000, 0x00000000c2580000, 0x00000000eab00000)
  object space 38400K, 4% used [0x00000000c0000000,0x00000000c01dc488,0x00000000c2580000)
 Metaspace       used 6152K, capacity 7064K, committed 7424K, reserved 1056768K
  class space    used 618K, capacity 656K, committed 768K, reserved 1048576K

Card table byte_map: [0x0000000013810000,0x0000000013a20000] byte_map_base: 0x0000000013210000

Marking Bits: (ParMarkBitMap*) 0x00000000750dc720
 Begin Bits: [0x0000000013f80000, 0x0000000014f80000)
 End Bits:   [0x0000000014f80000, 0x0000000015f80000)

Polling page: 0x0000000004190000

CodeCache: size=245760Kb used=5127Kb max_used=5127Kb free=240632Kb
 bounds [0x0000000004450000, 0x0000000004960000, 0x0000000013450000]
 total_blobs=1556 nmethods=1291 adapters=178
 compilation: enabled

Compilation events (10 events):
Event: 4.375 Thread 0x0000000018491000 1303       3       java.util.HashMap$KeyIterator::next (8 bytes)
Event: 4.375 Thread 0x0000000018491000 nmethod 1303 0x000000000494e890 code [0x000000000494ea00, 0x000000000494ec08]
Event: 4.377 Thread 0x0000000018491000 1305       3       java.util.HashMap$HashIterator::<init> (79 bytes)
Event: 4.377 Thread 0x0000000018491000 nmethod 1305 0x00000000049540d0 code [0x0000000004954240, 0x00000000049545d0]
Event: 4.377 Thread 0x0000000018491000 1306       1       com.android.dx.dex.file.DexFile::getByteData (5 bytes)
Event: 4.377 Thread 0x0000000018491000 nmethod 1306 0x0000000004954750 code [0x00000000049548a0, 0x00000000049549b0]
Event: 4.380 Thread 0x0000000018491000 1307       1       java.util.HashMap::afterNodeAccess (1 bytes)
Event: 4.380 Thread 0x0000000018491000 nmethod 1307 0x0000000004954a10 code [0x0000000004954b60, 0x0000000004954c70]
Event: 4.380 Thread 0x0000000018491000 1308       3       com.android.dx.rop.cst.CstMemberRef::hashCode (19 bytes)
Event: 4.381 Thread 0x0000000018491000 nmethod 1308 0x0000000004954cd0 code [0x0000000004954e80, 0x00000000049556a8]

GC Heap History (2 events):
Event: 2.195 GC heap before
{Heap before GC invocations=1 (full 0):
 PSYoungGen      total 16896K, used 14848K [0x00000000eab00000, 0x00000000ebd80000, 0x0000000100000000)
  eden space 14848K, 100% used [0x00000000eab00000,0x00000000eb980000,0x00000000eb980000)
  from space 2048K, 0% used [0x00000000ebb80000,0x00000000ebb80000,0x00000000ebd80000)
  to   space 2048K, 0% used [0x00000000eb980000,0x00000000eb980000,0x00000000ebb80000)
 ParOldGen       total 38400K, used 0K [0x00000000c0000000, 0x00000000c2580000, 0x00000000eab00000)
  object space 38400K, 0% used [0x00000000c0000000,0x00000000c0000000,0x00000000c2580000)
 Metaspace       used 5816K, capacity 6774K, committed 7040K, reserved 1056768K
  class space    used 609K, capacity 622K, committed 640K, reserved 1048576K
Event: 2.325 GC heap after
Heap after GC invocations=1 (full 0):
 PSYoungGen      total 16896K, used 2039K [0x00000000eab00000, 0x00000000ecc00000, 0x0000000100000000)
  eden space 14848K, 0% used [0x00000000eab00000,0x00000000eab00000,0x00000000eb980000)
  from space 2048K, 99% used [0x00000000eb980000,0x00000000ebb7dcb8,0x00000000ebb80000)
  to   space 2048K, 0% used [0x00000000eca00000,0x00000000eca00000,0x00000000ecc00000)
 ParOldGen       total 38400K, used 1905K [0x00000000c0000000, 0x00000000c2580000, 0x00000000eab00000)
  object space 38400K, 4% used [0x00000000c0000000,0x00000000c01dc488,0x00000000c2580000)
 Metaspace       used 5816K, capacity 6774K, committed 7040K, reserved 1056768K
  class space    used 609K, capacity 622K, committed 640K, reserved 1048576K
}

Deoptimization events (10 events):
Event: 3.273 Thread 0x00000000186a4800 Uncommon trap: reason=null_check action=make_not_entrant pc=0x0000000004837de8 method=com.android.dx.rop.type.Type.equals(Ljava/lang/Object;)Z @ 8
Event: 4.349 Thread 0x00000000186ca800 Uncommon trap: reason=class_check action=maybe_recompile pc=0x00000000048fd578 method=java.util.Arrays.hashCode([Ljava/lang/Object;)I @ 43
Event: 4.349 Thread 0x00000000186ca800 Uncommon trap: reason=class_check action=maybe_recompile pc=0x00000000048fd578 method=java.util.Arrays.hashCode([Ljava/lang/Object;)I @ 43
Event: 4.349 Thread 0x00000000186ca800 Uncommon trap: reason=class_check action=maybe_recompile pc=0x00000000048fd578 method=java.util.Arrays.hashCode([Ljava/lang/Object;)I @ 43
Event: 4.349 Thread 0x00000000186ca800 Uncommon trap: reason=class_check action=maybe_recompile pc=0x00000000048fd578 method=java.util.Arrays.hashCode([Ljava/lang/Object;)I @ 43
Event: 4.350 Thread 0x00000000186ca800 Uncommon trap: reason=bimorphic action=maybe_recompile pc=0x000000000470b550 method=java.util.HashMap.getNode(ILjava/lang/Object;)Ljava/util/HashMap$Node; @ 126
Event: 4.351 Thread 0x00000000186ca800 Uncommon trap: reason=bimorphic action=maybe_recompile pc=0x000000000470b550 method=java.util.HashMap.getNode(ILjava/lang/Object;)Ljava/util/HashMap$Node; @ 126
Event: 4.351 Thread 0x00000000186ca800 Uncommon trap: reason=bimorphic action=maybe_recompile pc=0x000000000470b550 method=java.util.HashMap.getNode(ILjava/lang/Object;)Ljava/util/HashMap$Node; @ 126
Event: 4.351 Thread 0x00000000186ca800 Uncommon trap: reason=bimorphic action=maybe_recompile pc=0x000000000470b550 method=java.util.HashMap.getNode(ILjava/lang/Object;)Ljava/util/HashMap$Node; @ 126
Event: 4.351 Thread 0x00000000186ca800 Uncommon trap: reason=bimorphic action=maybe_recompile pc=0x00000000047a99a8 method=java.util.HashMap.getNode(ILjava/lang/Object;)Ljava/util/HashMap$Node; @ 126

Internal exceptions (3 events):
Event: 0.256 Thread 0x00000000041ce000 Exception <a 'java/lang/NoSuchMethodError': Method sun.misc.Unsafe.defineClass(Ljava/lang/String;[BII)Ljava/lang/Class; name or signature does not match> (0x00000000eab07ca8) thrown at [C:\re\workspace\8-2-build-windows-amd64-cygwin\jdk8u131\8869\hotspot\
Event: 0.256 Thread 0x00000000041ce000 Exception <a 'java/lang/NoSuchMethodError': Method sun.misc.Unsafe.prefetchRead(Ljava/lang/Object;J)V name or signature does not match> (0x00000000eab07f90) thrown at [C:\re\workspace\8-2-build-windows-amd64-cygwin\jdk8u131\8869\hotspot\src\share\vm\prims
Event: 3.273 Thread 0x00000000186a4800 Implicit null exception at 0x0000000004837ce2 to 0x0000000004837dda

Events (10 events):
Event: 4.351 Thread 0x00000000186ca800 DEOPT PACKING pc=0x000000000470b550 sp=0x000000001998eb90
Event: 4.351 Thread 0x00000000186ca800 DEOPT UNPACKING pc=0x000000000449582a sp=0x000000001998eac8 mode 2
Event: 4.351 Thread 0x00000000186ca800 Uncommon trap: trap_request=0xffffffc6 fr.pc=0x000000000470b550
Event: 4.351 Thread 0x00000000186ca800 DEOPT PACKING pc=0x000000000470b550 sp=0x000000001998eb90
Event: 4.351 Thread 0x00000000186ca800 DEOPT UNPACKING pc=0x000000000449582a sp=0x000000001998eac8 mode 2
Event: 4.351 Thread 0x00000000186ca800 Uncommon trap: trap_request=0xffffffc6 fr.pc=0x00000000047a99a8
Event: 4.351 Thread 0x00000000186ca800 DEOPT PACKING pc=0x00000000047a99a8 sp=0x000000001998eb30
Event: 4.351 Thread 0x00000000186ca800 DEOPT UNPACKING pc=0x000000000449582a sp=0x000000001998eac8 mode 2
Event: 4.378 loading class com/android/dx/dex/file/CatchStructs
Event: 4.378 loading class com/android/dx/dex/file/CatchStructs done


Dynamic libraries:
0x00007ff68d0f0000 - 0x00007ff68d127000 	C:\Program Files\Java\jdk1.8.0_131\bin\java.exe
0x00007ffd0cdf0000 - 0x00007ffd0cfd0000 	C:\WINDOWS\SYSTEM32\ntdll.dll
0x00007ffd0cd10000 - 0x00007ffd0cdbe000 	C:\WINDOWS\System32\KERNEL32.DLL
0x00007ffd09c10000 - 0x00007ffd09e76000 	C:\WINDOWS\System32\KERNELBASE.dll
0x00007ffd0a430000 - 0x00007ffd0a4d1000 	C:\WINDOWS\System32\ADVAPI32.dll
0x00007ffd0a390000 - 0x00007ffd0a42d000 	C:\WINDOWS\System32\msvcrt.dll
0x00007ffd0c160000 - 0x00007ffd0c1bb000 	C:\WINDOWS\System32\sechost.dll
0x00007ffd0bf90000 - 0x00007ffd0c0af000 	C:\WINDOWS\System32\RPCRT4.dll
0x00007ffd0cb10000 - 0x00007ffd0cc9f000 	C:\WINDOWS\System32\USER32.dll
0x00007ffd0a000000 - 0x00007ffd0a020000 	C:\WINDOWS\System32\win32u.dll
0x00007ffd0bc50000 - 0x00007ffd0bc78000 	C:\WINDOWS\System32\GDI32.dll
0x00007ffd0a120000 - 0x00007ffd0a2b3000 	C:\WINDOWS\System32\gdi32full.dll
0x00007ffd09e80000 - 0x00007ffd09f1b000 	C:\WINDOWS\System32\msvcp_win.dll
0x00007ffd0a020000 - 0x00007ffd0a116000 	C:\WINDOWS\System32\ucrtbase.dll
0x00007ffcfe0e0000 - 0x00007ffcfe349000 	C:\WINDOWS\WinSxS\amd64_microsoft.windows.common-controls_6595b64144ccf1df_6.0.16299.125_none_15cbcf8893620c09\COMCTL32.dll
0x00007ffd0c7a0000 - 0x00007ffd0caa8000 	C:\WINDOWS\System32\combase.dll
0x00007ffd09f20000 - 0x00007ffd09f92000 	C:\WINDOWS\System32\bcryptPrimitives.dll
0x00007ffd0a360000 - 0x00007ffd0a38d000 	C:\WINDOWS\System32\IMM32.DLL
0x0000000074430000 - 0x0000000074502000 	C:\Program Files\Java\jdk1.8.0_131\jre\bin\msvcr100.dll
0x00000000748c0000 - 0x000000007515c000 	C:\Program Files\Java\jdk1.8.0_131\jre\bin\server\jvm.dll
0x00007ffd0c610000 - 0x00007ffd0c618000 	C:\WINDOWS\System32\PSAPI.DLL
0x00007ffcf2bd0000 - 0x00007ffcf2bd9000 	C:\WINDOWS\SYSTEM32\WSOCK32.dll
0x00007ffd0c620000 - 0x00007ffd0c68c000 	C:\WINDOWS\System32\WS2_32.dll
0x00007ffd06c00000 - 0x00007ffd06c23000 	C:\WINDOWS\SYSTEM32\WINMM.dll
0x00007ffd082b0000 - 0x00007ffd082ba000 	C:\WINDOWS\SYSTEM32\VERSION.dll
0x00007ffd06bd0000 - 0x00007ffd06bfa000 	C:\WINDOWS\SYSTEM32\WINMMBASE.dll
0x00007ffd09bc0000 - 0x00007ffd09c0a000 	C:\WINDOWS\System32\cfgmgr32.dll
0x00000000748b0000 - 0x00000000748bf000 	C:\Program Files\Java\jdk1.8.0_131\jre\bin\verify.dll
0x0000000074880000 - 0x00000000748a9000 	C:\Program Files\Java\jdk1.8.0_131\jre\bin\java.dll
0x0000000074860000 - 0x0000000074876000 	C:\Program Files\Java\jdk1.8.0_131\jre\bin\zip.dll
0x00007ffd0a810000 - 0x00007ffd0bc46000 	C:\WINDOWS\System32\SHELL32.dll
0x00007ffd0c0b0000 - 0x00007ffd0c156000 	C:\WINDOWS\System32\shcore.dll
0x00007ffd091f0000 - 0x00007ffd09937000 	C:\WINDOWS\System32\windows.storage.dll
0x00007ffd0a7b0000 - 0x00007ffd0a801000 	C:\WINDOWS\System32\shlwapi.dll
0x00007ffd09180000 - 0x00007ffd09191000 	C:\WINDOWS\System32\kernel.appcore.dll
0x00007ffd091a0000 - 0x00007ffd091ec000 	C:\WINDOWS\System32\powrprof.dll
0x00007ffd09140000 - 0x00007ffd0915b000 	C:\WINDOWS\System32\profapi.dll

VM Arguments:
jvm_args: -Djava.awt.headless=true -Xmx1024M -Dfile.encoding=windows-1252 -Duser.country=BR -Duser.language=pt -Duser.variant 
java_command: com.android.dx.command.Main --dex --force-jumbo --num-threads=4 --multi-dex --output C:\Users\nosbo\AndroidStudioProjects\HelloWorld\app\build\intermediates\transforms\dex\debug\folders\1000\10\internal_impl-24.2.1_ceedabc3e5269f42bda12d73a565d9ab4a736f63 C:\Users\nosbo\AndroidStudioProjects\HelloWorld\app\build\intermediates\exploded-aar\com.android.support\support-media-compat\24.2.1\jars\libs\internal_impl-24.2.1.jar
java_class_path (initial): C:\Android\sdk\build-tools\27.0.3\lib\dx.jar
Launcher Type: SUN_STANDARD

Environment Variables:
JAVA_HOME=C:\Program Files\Java\jdk1.8.0_131
PATH=C:\ProgramData\Oracle\Java\javapath;C:\Program Files (x86)\Intel\iCLS Client\;C:\Program Files\Intel\iCLS Client\;C:\WINDOWS\system32;C:\WINDOWS;C:\WINDOWS\System32\Wbem;C:\WINDOWS\System32\WindowsPowerShell\v1.0\;C:\Program Files\Microsoft SQL Server\130\Tools\Binn\;C:\Program Files (x86)\Intel\Intel(R) Management Engine Components\DAL;C:\Program Files\Intel\Intel(R) Management Engine Components\DAL;C:\Program Files (x86)\Intel\Intel(R) Management Engine Components\IPT;C:\Program Files\Intel\Intel(R) Management Engine Components\IPT;C:\Program Files\Intel\WiFi\bin\;C:\Program Files\Common Files\Intel\WirelessCommon\;C:\Program Files\Java\jdk1.8.0_131\bin;C:\Users\nosbo\AppData\Local\Programs\Python\Python36-32\Scripts\;C:\Users\nosbo\AppData\Local\Programs\Python\Python36-32\;C:\Users\nosbo\AppData\Local\Microsoft\WindowsApps;C:\Program Files\Intel\WiFi\bin\;C:\Program Files\Common Files\Intel\WirelessCommon\
USERNAME=nosbo
OS=Windows_NT
PROCESSOR_IDENTIFIER=Intel64 Family 6 Model 69 Stepping 1, GenuineIntel



---------------  S Y S T E M  ---------------

OS: Windows 10.0 , 64 bit Build 16299 (10.0.16299.15)

CPU:total 4 (initial active 4) (2 cores per cpu, 2 threads per core) family 6 model 69 stepping 1, cmov, cx8, fxsr, mmx, sse, sse2, sse3, ssse3, sse4.1, sse4.2, popcnt, avx, avx2, aes, clmul, erms, lzcnt, ht, tsc, tscinvbit, bmi1, bmi2

Memory: 4k page, physical 3581036k(179108k free), swap 7775340k(2692k free)

vm_info: Java HotSpot(TM) 64-Bit Server VM (25.131-b11) for windows-amd64 JRE (1.8.0_131-b11), built on Mar 15 2017 01:23:53 by "java_re" with MS VC++ 10.0 (VS2010)

time: Mon Jan 08 21:46:19 2018
elapsed time: 4 seconds (0d 0h 0m 4s)

