#
# There is insufficient memory for the Java Runtime Environment to continue.
# Native memory allocation (malloc) failed to allocate 32744 bytes for ChunkPool::allocate
# Possible reasons:
#   The system is out of physical RAM or swap space
#   In 32 bit mode, the process size limit was hit
# Possible solutions:
#   Reduce memory load on the system
#   Increase physical memory or swap space
#   Check if swap backing store is full
#   Use 64 bit Java on a 64 bit OS
#   Decrease Java heap size (-Xmx/-Xms)
#   Decrease number of Java threads
#   Decrease Java thread stack sizes (-Xss)
#   Set larger code cache with -XX:ReservedCodeCacheSize=
# This output file may be truncated or incomplete.
#
#  Out of Memory Error (allocation.cpp:273), pid=7656, tid=0x0000000000000ee8
#
# JRE version: Java(TM) SE Runtime Environment (8.0_131-b11) (build 1.8.0_131-b11)
# Java VM: Java HotSpot(TM) 64-Bit Server VM (25.131-b11 mixed mode windows-amd64 compressed oops)
# Failed to write core dump. Minidumps are not enabled by default on client versions of Windows
#

---------------  T H R E A D  ---------------

Current thread (0x000000001703d800):  JavaThread "C1 CompilerThread2" daemon [_thread_in_native, id=3816, stack(0x0000000018d40000,0x0000000018e40000)]

Stack: [0x0000000018d40000,0x0000000018e40000]
[error occurred during error reporting (printing stack bounds), id 0xc0000005]

Native frames: (J=compiled Java code, j=interpreted, Vv=VM code, C=native code)


Current CompileTask:
C1:   5133  705   !   3       com.android.dx.cf.code.BytecodeArray::parseInstruction (2796 bytes)


---------------  P R O C E S S  ---------------

Java Threads: ( => current thread )
  0x0000000018bd6800 JavaThread "pool-2-thread-4" [_thread_blocked, id=7084, stack(0x0000000019440000,0x0000000019540000)]
  0x0000000018bd6000 JavaThread "pool-2-thread-3" [_thread_blocked, id=9320, stack(0x0000000019340000,0x0000000019440000)]
  0x0000000018bd0800 JavaThread "pool-2-thread-2" [_thread_blocked, id=11980, stack(0x0000000019240000,0x0000000019340000)]
  0x0000000018bce000 JavaThread "pool-3-thread-1" [_thread_blocked, id=7200, stack(0x0000000019140000,0x0000000019240000)]
  0x0000000018b98800 JavaThread "pool-2-thread-1" [_thread_in_vm, id=11392, stack(0x0000000019040000,0x0000000019140000)]
  0x0000000018946000 JavaThread "Service Thread" daemon [_thread_blocked, id=4648, stack(0x0000000018e40000,0x0000000018f40000)]
=>0x000000001703d800 JavaThread "C1 CompilerThread2" daemon [_thread_in_native, id=3816, stack(0x0000000018d40000,0x0000000018e40000)]
  0x0000000017032000 JavaThread "C2 CompilerThread1" daemon [_thread_blocked, id=2856, stack(0x0000000018840000,0x0000000018940000)]
  0x0000000016fe3800 JavaThread "C2 CompilerThread0" daemon [_thread_blocked, id=2340, stack(0x0000000018740000,0x0000000018840000)]
  0x0000000016fe0800 JavaThread "Attach Listener" daemon [_thread_blocked, id=4656, stack(0x0000000018640000,0x0000000018740000)]
  0x0000000016fdf000 JavaThread "Signal Dispatcher" daemon [_thread_blocked, id=5676, stack(0x0000000018540000,0x0000000018640000)]
  0x0000000016fca000 JavaThread "Finalizer" daemon [_thread_blocked, id=3152, stack(0x0000000018240000,0x0000000018340000)]
  0x0000000016fa9000 JavaThread "Reference Handler" daemon [_thread_blocked, id=9492, stack(0x0000000018140000,0x0000000018240000)]
  0x000000000480e000 JavaThread "main" [_thread_blocked, id=11468, stack(0x0000000004570000,0x0000000004670000)]

Other Threads:
  0x0000000016fa7800 VMThread [stack: 0x0000000018040000,0x0000000018140000] [id=9396]
  0x000000001896a000 WatcherThread [stack: 0x0000000018f40000,0x0000000019040000] [id=11516]

VM state:synchronizing (normal execution)

VM Mutex/Monitor currently owned by a thread:  ([mutex/lock_event])
[0x000000000480cc00] Threads_lock - owner thread: 0x0000000016fa7800

Heap:
 PSYoungGen      total 16896K, used 6481K [0x00000000eab00000, 0x00000000ecc00000, 0x0000000100000000)
  eden space 14848K, 29% used [0x00000000eab00000,0x00000000eaf54660,0x00000000eb980000)
  from space 2048K, 99% used [0x00000000eb980000,0x00000000ebb7ff38,0x00000000ebb80000)
  to   space 2048K, 0% used [0x00000000eca00000,0x00000000eca00000,0x00000000ecc00000)
 ParOldGen       total 38400K, used 956K [0x00000000c0000000, 0x00000000c2580000, 0x00000000eab00000)
  object space 38400K, 2% used [0x00000000c0000000,0x00000000c00ef368,0x00000000c2580000)
 Metaspace       used 5742K, capacity 6710K, committed 6784K, reserved 1056768K
  class space    used 611K, capacity 622K, committed 640K, reserved 1048576K

Card table byte_map: [0x0000000013cd0000,0x0000000013ee0000] byte_map_base: 0x00000000136d0000

Marking Bits: (ParMarkBitMap*) 0x00000000750dc720
 Begin Bits: [0x0000000014440000, 0x0000000015440000)
 End Bits:   [0x0000000015440000, 0x0000000016440000)

Polling page: 0x0000000002f20000

CodeCache: size=245760Kb used=2615Kb max_used=2615Kb free=243144Kb
 bounds [0x0000000004910000, 0x0000000004ba0000, 0x0000000013910000]
 total_blobs=953 nmethods=688 adapters=178
 compilation: enabled

Compilation events (10 events):
Event: 5.097 Thread 0x000000001703d800 nmethod 689 0x0000000004b99410 code [0x0000000004b996e0, 0x0000000004b9b288]
Event: 5.097 Thread 0x000000001703d800  697       3       com.android.dx.ssa.SsaMethod::getUseListForRegister (18 bytes)
Event: 5.098 Thread 0x000000001703d800 nmethod 697 0x0000000004b9bfd0 code [0x0000000004b9c140, 0x0000000004b9c348]
Event: 5.098 Thread 0x000000001703d800  695       3       com.android.dx.ssa.SsaMethod$2::visitNonMoveInsn (6 bytes)
Event: 5.098 Thread 0x000000001703d800 nmethod 695 0x0000000004b9c450 code [0x0000000004b9c5c0, 0x0000000004b9c748]
Event: 5.098 Thread 0x000000001703d800  692       3       com.android.dx.ssa.SCCP::addBlockToWorklist (47 bytes)
Event: 5.099 Thread 0x000000001703d800 nmethod 692 0x0000000004b9cb90 code [0x0000000004b9cda0, 0x0000000004b9d978]
Event: 5.099 Thread 0x000000001703d800  690       3       com.android.dx.rop.code.BasicBlock::getLastInsn (8 bytes)
Event: 5.100 Thread 0x000000001703d800 nmethod 690 0x0000000004b9dfd0 code [0x0000000004b9e160, 0x0000000004b9e708]
Event: 5.100 Thread 0x000000001703d800  705   !   3       com.android.dx.cf.code.BytecodeArray::parseInstruction (2796 bytes)

GC Heap History (2 events):
Event: 4.067 GC heap before
{Heap before GC invocations=1 (full 0):
 PSYoungGen      total 16896K, used 14775K [0x00000000eab00000, 0x00000000ebd80000, 0x0000000100000000)
  eden space 14848K, 99% used [0x00000000eab00000,0x00000000eb96dce8,0x00000000eb980000)
  from space 2048K, 0% used [0x00000000ebb80000,0x00000000ebb80000,0x00000000ebd80000)
  to   space 2048K, 0% used [0x00000000eb980000,0x00000000eb980000,0x00000000ebb80000)
 ParOldGen       total 38400K, used 0K [0x00000000c0000000, 0x00000000c2580000, 0x00000000eab00000)
  object space 38400K, 0% used [0x00000000c0000000,0x00000000c0000000,0x00000000c2580000)
 Metaspace       used 5355K, capacity 6386K, committed 6528K, reserved 1056768K
  class space    used 595K, capacity 618K, committed 640K, reserved 1048576K
Event: 4.557 GC heap after
Heap after GC invocations=1 (full 0):
 PSYoungGen      total 16896K, used 2047K [0x00000000eab00000, 0x00000000ecc00000, 0x0000000100000000)
  eden space 14848K, 0% used [0x00000000eab00000,0x00000000eab00000,0x00000000eb980000)
  from space 2048K, 99% used [0x00000000eb980000,0x00000000ebb7ff38,0x00000000ebb80000)
  to   space 2048K, 0% used [0x00000000eca00000,0x00000000eca00000,0x00000000ecc00000)
 ParOldGen       total 38400K, used 956K [0x00000000c0000000, 0x00000000c2580000, 0x00000000eab00000)
  object space 38400K, 2% used [0x00000000c0000000,0x00000000c00ef368,0x00000000c2580000)
 Metaspace       used 5355K, capacity 6386K, committed 6528K, reserved 1056768K
  class space    used 595K, capacity 618K, committed 640K, reserved 1048576K
}

Deoptimization events (2 events):
Event: 1.235 Thread 0x000000000480e000 Uncommon trap: reason=unstable_if action=reinterpret pc=0x0000000004a664d4 method=java.lang.String.compareTo(Ljava/lang/String;)I @ 38
Event: 5.014 Thread 0x0000000018b98800 Uncommon trap: reason=unstable_if action=reinterpret pc=0x0000000004b3f38c method=java.util.HashMap.getNode(ILjava/lang/Object;)Ljava/util/HashMap$Node; @ 62

Internal exceptions (2 events):
Event: 0.178 Thread 0x000000000480e000 Exception <a 'java/lang/NoSuchMethodError': Method sun.misc.Unsafe.defineClass(Ljava/lang/String;[BII)Ljava/lang/Class; name or signature does not match> (0x00000000eab07ca8) thrown at [C:\re\workspace\8-2-build-windows-amd64-cygwin\jdk8u131\8869\hotspot\
Event: 0.178 Thread 0x000000000480e000 Exception <a 'java/lang/NoSuchMethodError': Method sun.misc.Unsafe.prefetchRead(Ljava/lang/Object;J)V name or signature does not match> (0x00000000eab07f90) thrown at [C:\re\workspace\8-2-build-windows-amd64-cygwin\jdk8u131\8869\hotspot\src\share\vm\prims

Events (10 events):
Event: 5.088 loading class com/android/dx/cf/code/BytecodeArray$ConstantParserVisitor done
Event: 5.101 Executing VM operation: RevokeBias
Event: 5.101 Executing VM operation: RevokeBias done
Event: 5.102 Executing VM operation: RevokeBias
Event: 5.102 Executing VM operation: RevokeBias done
Event: 5.113 loading class com/android/dx/cf/attrib/AttSignature
Event: 5.113 loading class com/android/dx/cf/attrib/AttSignature done
Event: 5.118 loading class com/android/dx/cf/code/Ropper$ExceptionHandlerSetup
Event: 5.118 loading class com/android/dx/cf/code/Ropper$ExceptionHandlerSetup done
Event: 5.122 Executing VM operation: RevokeBias


Dynamic libraries:
0x00007ff68d0f0000 - 0x00007ff68d127000 	C:\Program Files\Java\jdk1.8.0_131\bin\java.exe
0x00007ffd0cdf0000 - 0x00007ffd0cfd0000 	C:\WINDOWS\SYSTEM32\ntdll.dll
0x00007ffd0cd10000 - 0x00007ffd0cdbe000 	C:\WINDOWS\System32\KERNEL32.DLL
0x00007ffd09c10000 - 0x00007ffd09e76000 	C:\WINDOWS\System32\KERNELBASE.dll
0x00007ffd0a430000 - 0x00007ffd0a4d1000 	C:\WINDOWS\System32\ADVAPI32.dll
0x00007ffd0a390000 - 0x00007ffd0a42d000 	C:\WINDOWS\System32\msvcrt.dll
0x00007ffd0c160000 - 0x00007ffd0c1bb000 	C:\WINDOWS\System32\sechost.dll
0x00007ffd0bf90000 - 0x00007ffd0c0af000 	C:\WINDOWS\System32\RPCRT4.dll
0x00007ffd0cb10000 - 0x00007ffd0cc9f000 	C:\WINDOWS\System32\USER32.dll
0x00007ffd0a000000 - 0x00007ffd0a020000 	C:\WINDOWS\System32\win32u.dll
0x00007ffd0bc50000 - 0x00007ffd0bc78000 	C:\WINDOWS\System32\GDI32.dll
0x00007ffd0a120000 - 0x00007ffd0a2b3000 	C:\WINDOWS\System32\gdi32full.dll
0x00007ffd09e80000 - 0x00007ffd09f1b000 	C:\WINDOWS\System32\msvcp_win.dll
0x00007ffd0a020000 - 0x00007ffd0a116000 	C:\WINDOWS\System32\ucrtbase.dll
0x00007ffcfe0e0000 - 0x00007ffcfe349000 	C:\WINDOWS\WinSxS\amd64_microsoft.windows.common-controls_6595b64144ccf1df_6.0.16299.125_none_15cbcf8893620c09\COMCTL32.dll
0x00007ffd0c7a0000 - 0x00007ffd0caa8000 	C:\WINDOWS\System32\combase.dll
0x00007ffd09f20000 - 0x00007ffd09f92000 	C:\WINDOWS\System32\bcryptPrimitives.dll
0x00007ffd0a360000 - 0x00007ffd0a38d000 	C:\WINDOWS\System32\IMM32.DLL
0x0000000074430000 - 0x0000000074502000 	C:\Program Files\Java\jdk1.8.0_131\jre\bin\msvcr100.dll
0x00000000748c0000 - 0x000000007515c000 	C:\Program Files\Java\jdk1.8.0_131\jre\bin\server\jvm.dll
0x00007ffd0c610000 - 0x00007ffd0c618000 	C:\WINDOWS\System32\PSAPI.DLL
0x00007ffcf2bd0000 - 0x00007ffcf2bd9000 	C:\WINDOWS\SYSTEM32\WSOCK32.dll
0x00007ffd0c620000 - 0x00007ffd0c68c000 	C:\WINDOWS\System32\WS2_32.dll
0x00007ffd06c00000 - 0x00007ffd06c23000 	C:\WINDOWS\SYSTEM32\WINMM.dll
0x00007ffd082b0000 - 0x00007ffd082ba000 	C:\WINDOWS\SYSTEM32\VERSION.dll
0x00007ffd06bd0000 - 0x00007ffd06bfa000 	C:\WINDOWS\SYSTEM32\WINMMBASE.dll
0x00007ffd09bc0000 - 0x00007ffd09c0a000 	C:\WINDOWS\System32\cfgmgr32.dll
0x00000000748b0000 - 0x00000000748bf000 	C:\Program Files\Java\jdk1.8.0_131\jre\bin\verify.dll
0x0000000074880000 - 0x00000000748a9000 	C:\Program Files\Java\jdk1.8.0_131\jre\bin\java.dll
0x0000000074860000 - 0x0000000074876000 	C:\Program Files\Java\jdk1.8.0_131\jre\bin\zip.dll
0x00007ffd0a810000 - 0x00007ffd0bc46000 	C:\WINDOWS\System32\SHELL32.dll
0x00007ffd0c0b0000 - 0x00007ffd0c156000 	C:\WINDOWS\System32\shcore.dll
0x00007ffd091f0000 - 0x00007ffd09937000 	C:\WINDOWS\System32\windows.storage.dll
0x00007ffd0a7b0000 - 0x00007ffd0a801000 	C:\WINDOWS\System32\shlwapi.dll
0x00007ffd09180000 - 0x00007ffd09191000 	C:\WINDOWS\System32\kernel.appcore.dll
0x00007ffd091a0000 - 0x00007ffd091ec000 	C:\WINDOWS\System32\powrprof.dll
0x00007ffd09140000 - 0x00007ffd0915b000 	C:\WINDOWS\System32\profapi.dll

VM Arguments:
jvm_args: -Djava.awt.headless=true -Xmx1024M -Dfile.encoding=windows-1252 -Duser.country=BR -Duser.language=pt -Duser.variant 
java_command: com.android.dx.command.Main --dex --force-jumbo --num-threads=4 --multi-dex --output C:\Users\nosbo\AndroidStudioProjects\HelloWorld\app\build\intermediates\transforms\dex\debug\folders\1000\10\com.android.support-appcompat-v7-24.2.1_e3d5a5bfd005c1ae69957c5fabf52aed669f98ce C:\Users\nosbo\AndroidStudioProjects\HelloWorld\app\build\intermediates\exploded-aar\com.android.support\appcompat-v7\24.2.1\jars\classes.jar
java_class_path (initial): C:\Android\sdk\build-tools\27.0.3\lib\dx.jar
Launcher Type: SUN_STANDARD

Environment Variables:
JAVA_HOME=C:\Program Files\Java\jdk1.8.0_131
PATH=C:\ProgramData\Oracle\Java\javapath;C:\Program Files (x86)\Intel\iCLS Client\;C:\Program Files\Intel\iCLS Client\;C:\WINDOWS\system32;C:\WINDOWS;C:\WINDOWS\System32\Wbem;C:\WINDOWS\System32\WindowsPowerShell\v1.0\;C:\Program Files\Microsoft SQL Server\130\Tools\Binn\;C:\Program Files (x86)\Intel\Intel(R) Management Engine Components\DAL;C:\Program Files\Intel\Intel(R) Management Engine Components\DAL;C:\Program Files (x86)\Intel\Intel(R) Management Engine Components\IPT;C:\Program Files\Intel\Intel(R) Management Engine Components\IPT;C:\Program Files\Intel\WiFi\bin\;C:\Program Files\Common Files\Intel\WirelessCommon\;C:\Program Files\Java\jdk1.8.0_131\bin;C:\Users\nosbo\AppData\Local\Programs\Python\Python36-32\Scripts\;C:\Users\nosbo\AppData\Local\Programs\Python\Python36-32\;C:\Users\nosbo\AppData\Local\Microsoft\WindowsApps;C:\Program Files\Intel\WiFi\bin\;C:\Program Files\Common Files\Intel\WirelessCommon\
USERNAME=nosbo
OS=Windows_NT
PROCESSOR_IDENTIFIER=Intel64 Family 6 Model 69 Stepping 1, GenuineIntel



---------------  S Y S T E M  ---------------

OS: Windows 10.0 , 64 bit Build 16299 (10.0.16299.15)

CPU:total 4 (initial active 4) (2 cores per cpu, 2 threads per core) family 6 model 69 stepping 1, cmov, cx8, fxsr, mmx, sse, sse2, sse3, ssse3, sse4.1, sse4.2, popcnt, avx, avx2, aes, clmul, erms, lzcnt, ht, tsc, tscinvbit, bmi1, bmi2

Memory: 4k page, physical 3581036k(260488k free), swap 7775340k(3108k free)

vm_info: Java HotSpot(TM) 64-Bit Server VM (25.131-b11) for windows-amd64 JRE (1.8.0_131-b11), built on Mar 15 2017 01:23:53 by "java_re" with MS VC++ 10.0 (VS2010)

time: Mon Jan 08 21:46:24 2018
elapsed time: 5 seconds (0d 0h 0m 5s)

