#
# There is insufficient memory for the Java Runtime Environment to continue.
# Native memory allocation (malloc) failed to allocate 851856 bytes for Chunk::new
# Possible reasons:
#   The system is out of physical RAM or swap space
#   In 32 bit mode, the process size limit was hit
# Possible solutions:
#   Reduce memory load on the system
#   Increase physical memory or swap space
#   Check if swap backing store is full
#   Use 64 bit Java on a 64 bit OS
#   Decrease Java heap size (-Xmx/-Xms)
#   Decrease number of Java threads
#   Decrease Java thread stack sizes (-Xss)
#   Set larger code cache with -XX:ReservedCodeCacheSize=
# This output file may be truncated or incomplete.
#
#  Out of Memory Error (allocation.cpp:390), pid=5404, tid=0x0000000000000fb0
#
# JRE version: Java(TM) SE Runtime Environment (8.0_131-b11) (build 1.8.0_131-b11)
# Java VM: Java HotSpot(TM) 64-Bit Server VM (25.131-b11 mixed mode windows-amd64 compressed oops)
# Failed to write core dump. Minidumps are not enabled by default on client versions of Windows
#

---------------  T H R E A D  ---------------

Current thread (0x000000000520d800):  JavaThread "C2 CompilerThread1" daemon [_thread_in_native, id=4016, stack(0x0000000019140000,0x0000000019240000)]

Stack: [0x0000000019140000,0x0000000019240000]
[error occurred during error reporting (printing stack bounds), id 0xc0000005]

Native frames: (J=compiled Java code, j=interpreted, Vv=VM code, C=native code)


Current CompileTask:
C2:  14882 1688   !   4       com.android.dx.cf.code.BytecodeArray::parseInstruction (2796 bytes)


---------------  P R O C E S S  ---------------

Java Threads: ( => current thread )
  0x0000000019606000 JavaThread "pool-2-thread-4" [_thread_blocked, id=5440, stack(0x0000000019d40000,0x0000000019e40000)]
  0x0000000019605800 JavaThread "pool-2-thread-3" [_thread_in_Java, id=6352, stack(0x0000000019c40000,0x0000000019d40000)]
  0x0000000019604000 JavaThread "pool-2-thread-2" [_thread_blocked, id=3732, stack(0x0000000019b40000,0x0000000019c40000)]
  0x0000000019600800 JavaThread "pool-3-thread-1" [_thread_blocked, id=2396, stack(0x0000000019a40000,0x0000000019b40000)]
  0x00000000195fe800 JavaThread "pool-2-thread-1" [_thread_in_vm, id=10892, stack(0x0000000019940000,0x0000000019a40000)]
  0x0000000019358800 JavaThread "Service Thread" daemon [_thread_blocked, id=6880, stack(0x0000000019740000,0x0000000019840000)]
  0x0000000017908800 JavaThread "C1 CompilerThread2" daemon [_thread_blocked, id=9768, stack(0x0000000019240000,0x0000000019340000)]
=>0x000000000520d800 JavaThread "C2 CompilerThread1" daemon [_thread_in_native, id=4016, stack(0x0000000019140000,0x0000000019240000)]
  0x00000000178e3800 JavaThread "C2 CompilerThread0" daemon [_thread_in_native, id=1124, stack(0x0000000019040000,0x0000000019140000)]
  0x00000000178e0800 JavaThread "Attach Listener" daemon [_thread_blocked, id=9792, stack(0x0000000018f40000,0x0000000019040000)]
  0x00000000178df800 JavaThread "Signal Dispatcher" daemon [_thread_blocked, id=9668, stack(0x0000000018e40000,0x0000000018f40000)]
  0x00000000178ca000 JavaThread "Finalizer" daemon [_thread_blocked, id=8940, stack(0x0000000018b40000,0x0000000018c40000)]
  0x00000000178a9000 JavaThread "Reference Handler" daemon [_thread_blocked, id=4856, stack(0x0000000018a40000,0x0000000018b40000)]
  0x0000000004ffd800 JavaThread "main" [_thread_blocked, id=9992, stack(0x0000000004e20000,0x0000000004f20000)]

Other Threads:
  0x00000000178a7800 VMThread [stack: 0x0000000018940000,0x0000000018a40000] [id=2880]
  0x0000000017921000 WatcherThread [stack: 0x0000000019840000,0x0000000019940000] [id=7032]

VM state:not at safepoint (normal execution)

VM Mutex/Monitor currently owned by a thread: None

Heap:
 PSYoungGen      total 31744K, used 30335K [0x00000000eab00000, 0x00000000ecc00000, 0x0000000100000000)
  eden space 29696K, 95% used [0x00000000eab00000,0x00000000ec69fec8,0x00000000ec800000)
  from space 2048K, 100% used [0x00000000eca00000,0x00000000ecc00000,0x00000000ecc00000)
  to   space 2048K, 0% used [0x00000000ec800000,0x00000000ec800000,0x00000000eca00000)
 ParOldGen       total 38400K, used 7807K [0x00000000c0000000, 0x00000000c2580000, 0x00000000eab00000)
  object space 38400K, 20% used [0x00000000c0000000,0x00000000c079fe38,0x00000000c2580000)
 Metaspace       used 6388K, capacity 7256K, committed 7424K, reserved 1056768K
  class space    used 618K, capacity 656K, committed 768K, reserved 1048576K

Card table byte_map: [0x00000000145d0000,0x00000000147e0000] byte_map_base: 0x0000000013fd0000

Marking Bits: (ParMarkBitMap*) 0x00000000750dc720
 Begin Bits: [0x0000000014d40000, 0x0000000015d40000)
 End Bits:   [0x0000000015d40000, 0x0000000016d40000)

Polling page: 0x0000000004f20000

CodeCache: size=245760Kb used=7484Kb max_used=7484Kb free=238275Kb
 bounds [0x0000000005210000, 0x0000000005970000, 0x0000000014210000]
 total_blobs=1970 nmethods=1701 adapters=181
 compilation: enabled

Compilation events (10 events):
Event: 14.850 Thread 0x0000000017908800 1725       2       com.android.dx.cf.code.Ropper$CatchInfo::getSetup (53 bytes)
Event: 14.851 Thread 0x0000000017908800 nmethod 1725 0x00000000059621d0 code [0x0000000005962360, 0x00000000059626c8]
Event: 14.859 Thread 0x0000000017908800 1726       2       com.android.dx.util.MutabilityControl::isImmutable (13 bytes)
Event: 14.860 Thread 0x0000000017908800 nmethod 1726 0x0000000005962910 code [0x0000000005962a60, 0x0000000005962bd0]
Event: 14.860 Thread 0x0000000017908800 1727       2       com.android.dx.ssa.SCCP::simulateMath (424 bytes)
Event: 14.862 Thread 0x0000000017908800 nmethod 1727 0x0000000005962c50 code [0x0000000005962e60, 0x00000000059635a8]
Event: 14.865 Thread 0x0000000017908800 1728       2       com.android.dx.cf.code.LocalVariableList::itemToLocal (47 bytes)
Event: 14.866 Thread 0x0000000017908800 nmethod 1728 0x0000000005963e90 code [0x0000000005964020, 0x00000000059642b8]
Event: 14.868 Thread 0x0000000017908800 1729       2       java.util.concurrent.FutureTask::set (36 bytes)
Event: 14.868 Thread 0x0000000017908800 nmethod 1729 0x0000000005964450 code [0x00000000059645c0, 0x00000000059647a8]

GC Heap History (8 events):
Event: 9.111 GC heap before
{Heap before GC invocations=1 (full 0):
 PSYoungGen      total 16896K, used 14848K [0x00000000eab00000, 0x00000000ebd80000, 0x0000000100000000)
  eden space 14848K, 100% used [0x00000000eab00000,0x00000000eb980000,0x00000000eb980000)
  from space 2048K, 0% used [0x00000000ebb80000,0x00000000ebb80000,0x00000000ebd80000)
  to   space 2048K, 0% used [0x00000000eb980000,0x00000000eb980000,0x00000000ebb80000)
 ParOldGen       total 38400K, used 0K [0x00000000c0000000, 0x00000000c2580000, 0x00000000eab00000)
  object space 38400K, 0% used [0x00000000c0000000,0x00000000c0000000,0x00000000c2580000)
 Metaspace       used 5198K, capacity 6164K, committed 6272K, reserved 1056768K
  class space    used 577K, capacity 588K, committed 640K, reserved 1048576K
Event: 9.167 GC heap after
Heap after GC invocations=1 (full 0):
 PSYoungGen      total 16896K, used 2046K [0x00000000eab00000, 0x00000000ebd80000, 0x0000000100000000)
  eden space 14848K, 0% used [0x00000000eab00000,0x00000000eab00000,0x00000000eb980000)
  from space 2048K, 99% used [0x00000000eb980000,0x00000000ebb7fa18,0x00000000ebb80000)
  to   space 2048K, 0% used [0x00000000ebb80000,0x00000000ebb80000,0x00000000ebd80000)
 ParOldGen       total 38400K, used 746K [0x00000000c0000000, 0x00000000c2580000, 0x00000000eab00000)
  object space 38400K, 1% used [0x00000000c0000000,0x00000000c00ba9d0,0x00000000c2580000)
 Metaspace       used 5198K, capacity 6164K, committed 6272K, reserved 1056768K
  class space    used 577K, capacity 588K, committed 640K, reserved 1048576K
}
Event: 10.415 GC heap before
{Heap before GC invocations=2 (full 0):
 PSYoungGen      total 16896K, used 16894K [0x00000000eab00000, 0x00000000ebd80000, 0x0000000100000000)
  eden space 14848K, 100% used [0x00000000eab00000,0x00000000eb980000,0x00000000eb980000)
  from space 2048K, 99% used [0x00000000eb980000,0x00000000ebb7fa18,0x00000000ebb80000)
  to   space 2048K, 0% used [0x00000000ebb80000,0x00000000ebb80000,0x00000000ebd80000)
 ParOldGen       total 38400K, used 746K [0x00000000c0000000, 0x00000000c2580000, 0x00000000eab00000)
  object space 38400K, 1% used [0x00000000c0000000,0x00000000c00ba9d0,0x00000000c2580000)
 Metaspace       used 6134K, capacity 7064K, committed 7424K, reserved 1056768K
  class space    used 618K, capacity 656K, committed 768K, reserved 1048576K
Event: 10.456 GC heap after
Heap after GC invocations=2 (full 0):
 PSYoungGen      total 16896K, used 2039K [0x00000000eab00000, 0x00000000ecc00000, 0x0000000100000000)
  eden space 14848K, 0% used [0x00000000eab00000,0x00000000eab00000,0x00000000eb980000)
  from space 2048K, 99% used [0x00000000ebb80000,0x00000000ebd7dc60,0x00000000ebd80000)
  to   space 2048K, 0% used [0x00000000eb980000,0x00000000eb980000,0x00000000ebb80000)
 ParOldGen       total 38400K, used 2880K [0x00000000c0000000, 0x00000000c2580000, 0x00000000eab00000)
  object space 38400K, 7% used [0x00000000c0000000,0x00000000c02d03c0,0x00000000c2580000)
 Metaspace       used 6134K, capacity 7064K, committed 7424K, reserved 1056768K
  class space    used 618K, capacity 656K, committed 768K, reserved 1048576K
}
Event: 10.838 GC heap before
{Heap before GC invocations=3 (full 0):
 PSYoungGen      total 16896K, used 16887K [0x00000000eab00000, 0x00000000ecc00000, 0x0000000100000000)
  eden space 14848K, 100% used [0x00000000eab00000,0x00000000eb980000,0x00000000eb980000)
  from space 2048K, 99% used [0x00000000ebb80000,0x00000000ebd7dc60,0x00000000ebd80000)
  to   space 2048K, 0% used [0x00000000eb980000,0x00000000eb980000,0x00000000ebb80000)
 ParOldGen       total 38400K, used 2880K [0x00000000c0000000, 0x00000000c2580000, 0x00000000eab00000)
  object space 38400K, 7% used [0x00000000c0000000,0x00000000c02d03c0,0x00000000c2580000)
 Metaspace       used 6224K, capacity 7128K, committed 7424K, reserved 1056768K
  class space    used 618K, capacity 656K, committed 768K, reserved 1048576K
Event: 10.850 GC heap after
Heap after GC invocations=3 (full 0):
 PSYoungGen      total 16896K, used 2032K [0x00000000eab00000, 0x00000000ecc00000, 0x0000000100000000)
  eden space 14848K, 0% used [0x00000000eab00000,0x00000000eab00000,0x00000000eb980000)
  from space 2048K, 99% used [0x00000000eb980000,0x00000000ebb7c010,0x00000000ebb80000)
  to   space 2048K, 0% used [0x00000000eca00000,0x00000000eca00000,0x00000000ecc00000)
 ParOldGen       total 38400K, used 5228K [0x00000000c0000000, 0x00000000c2580000, 0x00000000eab00000)
  object space 38400K, 13% used [0x00000000c0000000,0x00000000c051b178,0x00000000c2580000)
 Metaspace       used 6224K, capacity 7128K, committed 7424K, reserved 1056768K
  class space    used 618K, capacity 656K, committed 768K, reserved 1048576K
}
Event: 12.395 GC heap before
{Heap before GC invocations=4 (full 0):
 PSYoungGen      total 16896K, used 16880K [0x00000000eab00000, 0x00000000ecc00000, 0x0000000100000000)
  eden space 14848K, 100% used [0x00000000eab00000,0x00000000eb980000,0x00000000eb980000)
  from space 2048K, 99% used [0x00000000eb980000,0x00000000ebb7c010,0x00000000ebb80000)
  to   space 2048K, 0% used [0x00000000eca00000,0x00000000eca00000,0x00000000ecc00000)
 ParOldGen       total 38400K, used 5228K [0x00000000c0000000, 0x00000000c2580000, 0x00000000eab00000)
  object space 38400K, 13% used [0x00000000c0000000,0x00000000c051b178,0x00000000c2580000)
 Metaspace       used 6318K, capacity 7192K, committed 7424K, reserved 1056768K
  class space    used 618K, capacity 656K, committed 768K, reserved 1048576K
Event: 12.446 GC heap after
Heap after GC invocations=4 (full 0):
 PSYoungGen      total 31744K, used 2048K [0x00000000eab00000, 0x00000000ecc00000, 0x0000000100000000)
  eden space 29696K, 0% used [0x00000000eab00000,0x00000000eab00000,0x00000000ec800000)
  from space 2048K, 100% used [0x00000000eca00000,0x00000000ecc00000,0x00000000ecc00000)
  to   space 2048K, 0% used [0x00000000ec800000,0x00000000ec800000,0x00000000eca00000)
 ParOldGen       total 38400K, used 7807K [0x00000000c0000000, 0x00000000c2580000, 0x00000000eab00000)
  object space 38400K, 20% used [0x00000000c0000000,0x00000000c079fe38,0x00000000c2580000)
 Metaspace       used 6318K, capacity 7192K, committed 7424K, reserved 1056768K
  class space    used 618K, capacity 656K, committed 768K, reserved 1048576K
}

Deoptimization events (10 events):
Event: 10.364 Thread 0x0000000004ffd800 Uncommon trap: reason=unstable_if action=reinterpret pc=0x000000000563452c method=com.android.dx.rop.code.RegisterSpecSet.put(Lcom/android/dx/rop/code/RegisterSpec;)V @ 77
Event: 10.364 Thread 0x0000000004ffd800 Uncommon trap: reason=unstable_if action=reinterpret pc=0x00000000056ab3ec method=com.android.dx.rop.code.RegisterSpecSet.put(Lcom/android/dx/rop/code/RegisterSpec;)V @ 77
Event: 10.865 Thread 0x00000000195fe800 Uncommon trap: reason=null_check action=make_not_entrant pc=0x000000000564bdcc method=com.android.dx.ssa.SsaRenamer.getLocalForNewReg(I)Lcom/android/dx/rop/code/LocalItem; @ 19
Event: 13.021 Thread 0x0000000019606000 Uncommon trap: reason=uninitialized action=reinterpret pc=0x00000000058664b8 method=com.android.dx.cf.code.BytecodeArray.parseInstruction(ILcom/android/dx/cf/code/BytecodeArray$Visitor;)I @ 1047
Event: 13.039 Thread 0x0000000019606000 Uncommon trap: reason=unstable_if action=reinterpret pc=0x00000000055d051c method=com.android.dx.rop.cst.Constant.compareTo(Lcom/android/dx/rop/cst/Constant;)I @ 12
Event: 13.044 Thread 0x0000000019606000 Uncommon trap: reason=null_check action=make_not_entrant pc=0x00000000056142e8 method=com.android.dx.rop.type.Type.equals(Ljava/lang/Object;)Z @ 8
Event: 13.429 Thread 0x0000000019606000 Uncommon trap: reason=class_check action=maybe_recompile pc=0x00000000058d3858 method=com.android.dx.rop.code.RegisterSpec.withSimpleType()Lcom/android/dx/rop/code/RegisterSpec; @ 21
Event: 14.779 Thread 0x0000000019605800 Uncommon trap: reason=class_check action=maybe_recompile pc=0x00000000058d3858 method=com.android.dx.rop.code.RegisterSpec.withSimpleType()Lcom/android/dx/rop/code/RegisterSpec; @ 21
Event: 14.784 Thread 0x0000000019605800 Uncommon trap: reason=class_check action=maybe_recompile pc=0x00000000058d3858 method=com.android.dx.rop.code.RegisterSpec.withSimpleType()Lcom/android/dx/rop/code/RegisterSpec; @ 21
Event: 14.806 Thread 0x0000000019605800 Uncommon trap: reason=unstable_if action=reinterpret pc=0x00000000058d29f4 method=com.android.dx.rop.code.RegisterSpec.equals(ILcom/android/dx/rop/type/TypeBearer;Lcom/android/dx/rop/code/LocalItem;)Z @ 42

Internal exceptions (4 events):
Event: 1.770 Thread 0x0000000004ffd800 Exception <a 'java/lang/NoSuchMethodError': Method sun.misc.Unsafe.defineClass(Ljava/lang/String;[BII)Ljava/lang/Class; name or signature does not match> (0x00000000eab07ca8) thrown at [C:\re\workspace\8-2-build-windows-amd64-cygwin\jdk8u131\8869\hotspot\
Event: 1.770 Thread 0x0000000004ffd800 Exception <a 'java/lang/NoSuchMethodError': Method sun.misc.Unsafe.prefetchRead(Ljava/lang/Object;J)V name or signature does not match> (0x00000000eab07f90) thrown at [C:\re\workspace\8-2-build-windows-amd64-cygwin\jdk8u131\8869\hotspot\src\share\vm\prims
Event: 10.865 Thread 0x00000000195fe800 Implicit null exception at 0x000000000564abe2 to 0x000000000564bd81
Event: 13.043 Thread 0x0000000019606000 Implicit null exception at 0x00000000056141e2 to 0x00000000056142da

Events (10 events):
Event: 14.339 loading class com/android/dx/rop/code/RegisterSpec$1 done
Event: 14.779 Thread 0x0000000019605800 Uncommon trap: trap_request=0xffffffde fr.pc=0x00000000058d3858
Event: 14.779 Thread 0x0000000019605800 DEOPT PACKING pc=0x00000000058d3858 sp=0x0000000019d3e610
Event: 14.779 Thread 0x0000000019605800 DEOPT UNPACKING pc=0x000000000525582a sp=0x0000000019d3e578 mode 2
Event: 14.784 Thread 0x0000000019605800 Uncommon trap: trap_request=0xffffffde fr.pc=0x00000000058d3858
Event: 14.784 Thread 0x0000000019605800 DEOPT PACKING pc=0x00000000058d3858 sp=0x0000000019d3e560
Event: 14.784 Thread 0x0000000019605800 DEOPT UNPACKING pc=0x000000000525582a sp=0x0000000019d3e4c8 mode 2
Event: 14.806 Thread 0x0000000019605800 Uncommon trap: trap_request=0xffffff65 fr.pc=0x00000000058d29f4
Event: 14.806 Thread 0x0000000019605800 DEOPT PACKING pc=0x00000000058d29f4 sp=0x0000000019d3e610
Event: 14.807 Thread 0x0000000019605800 DEOPT UNPACKING pc=0x000000000525582a sp=0x0000000019d3e508 mode 2


Dynamic libraries:
0x00007ff6b8fc0000 - 0x00007ff6b8ff7000 	C:\Program Files\Java\jdk1.8.0_131\bin\java.exe
0x00007ffd0cdf0000 - 0x00007ffd0cfd0000 	C:\WINDOWS\SYSTEM32\ntdll.dll
0x00007ffd0cd10000 - 0x00007ffd0cdbe000 	C:\WINDOWS\System32\KERNEL32.DLL
0x00007ffd09c10000 - 0x00007ffd09e76000 	C:\WINDOWS\System32\KERNELBASE.dll
0x00007ffd0a430000 - 0x00007ffd0a4d1000 	C:\WINDOWS\System32\ADVAPI32.dll
0x00007ffd0a390000 - 0x00007ffd0a42d000 	C:\WINDOWS\System32\msvcrt.dll
0x00007ffd0c160000 - 0x00007ffd0c1bb000 	C:\WINDOWS\System32\sechost.dll
0x00007ffd0bf90000 - 0x00007ffd0c0af000 	C:\WINDOWS\System32\RPCRT4.dll
0x00007ffd0cb10000 - 0x00007ffd0cc9f000 	C:\WINDOWS\System32\USER32.dll
0x00007ffd0a000000 - 0x00007ffd0a020000 	C:\WINDOWS\System32\win32u.dll
0x00007ffd0bc50000 - 0x00007ffd0bc78000 	C:\WINDOWS\System32\GDI32.dll
0x00007ffd0a120000 - 0x00007ffd0a2b3000 	C:\WINDOWS\System32\gdi32full.dll
0x00007ffd09e80000 - 0x00007ffd09f1b000 	C:\WINDOWS\System32\msvcp_win.dll
0x00007ffd0a020000 - 0x00007ffd0a116000 	C:\WINDOWS\System32\ucrtbase.dll
0x00007ffcfe0e0000 - 0x00007ffcfe349000 	C:\WINDOWS\WinSxS\amd64_microsoft.windows.common-controls_6595b64144ccf1df_6.0.16299.125_none_15cbcf8893620c09\COMCTL32.dll
0x00007ffd0c7a0000 - 0x00007ffd0caa8000 	C:\WINDOWS\System32\combase.dll
0x00007ffd09f20000 - 0x00007ffd09f92000 	C:\WINDOWS\System32\bcryptPrimitives.dll
0x00007ffd0a360000 - 0x00007ffd0a38d000 	C:\WINDOWS\System32\IMM32.DLL
0x0000000074430000 - 0x0000000074502000 	C:\Program Files\Java\jdk1.8.0_131\jre\bin\msvcr100.dll
0x00000000748c0000 - 0x000000007515c000 	C:\Program Files\Java\jdk1.8.0_131\jre\bin\server\jvm.dll
0x00007ffd0c610000 - 0x00007ffd0c618000 	C:\WINDOWS\System32\PSAPI.DLL
0x00007ffcf2bd0000 - 0x00007ffcf2bd9000 	C:\WINDOWS\SYSTEM32\WSOCK32.dll
0x00007ffd0c620000 - 0x00007ffd0c68c000 	C:\WINDOWS\System32\WS2_32.dll
0x00007ffd06c00000 - 0x00007ffd06c23000 	C:\WINDOWS\SYSTEM32\WINMM.dll
0x00007ffd082b0000 - 0x00007ffd082ba000 	C:\WINDOWS\SYSTEM32\VERSION.dll
0x00007ffd06bd0000 - 0x00007ffd06bfa000 	C:\WINDOWS\SYSTEM32\WINMMBASE.dll
0x00007ffd09bc0000 - 0x00007ffd09c0a000 	C:\WINDOWS\System32\cfgmgr32.dll
0x00000000748b0000 - 0x00000000748bf000 	C:\Program Files\Java\jdk1.8.0_131\jre\bin\verify.dll
0x0000000074880000 - 0x00000000748a9000 	C:\Program Files\Java\jdk1.8.0_131\jre\bin\java.dll
0x0000000074860000 - 0x0000000074876000 	C:\Program Files\Java\jdk1.8.0_131\jre\bin\zip.dll
0x00007ffd0a810000 - 0x00007ffd0bc46000 	C:\WINDOWS\System32\SHELL32.dll
0x00007ffd0c0b0000 - 0x00007ffd0c156000 	C:\WINDOWS\System32\shcore.dll
0x00007ffd091f0000 - 0x00007ffd09937000 	C:\WINDOWS\System32\windows.storage.dll
0x00007ffd0a7b0000 - 0x00007ffd0a801000 	C:\WINDOWS\System32\shlwapi.dll
0x00007ffd09180000 - 0x00007ffd09191000 	C:\WINDOWS\System32\kernel.appcore.dll
0x00007ffd091a0000 - 0x00007ffd091ec000 	C:\WINDOWS\System32\powrprof.dll
0x00007ffd09140000 - 0x00007ffd0915b000 	C:\WINDOWS\System32\profapi.dll

VM Arguments:
jvm_args: -Djava.awt.headless=true -Xmx1024M -Dfile.encoding=windows-1252 -Duser.country=BR -Duser.language=pt -Duser.variant 
java_command: com.android.dx.command.Main --dex --force-jumbo --num-threads=4 --multi-dex --output C:\Users\nosbo\AndroidStudioProjects\HelloWorld\app\build\intermediates\transforms\dex\debug\folders\1000\10\com.android.support-support-compat-24.2.1_34b053515ad1e4aa07b3031bb643c89b188ed7f3 C:\Users\nosbo\AndroidStudioProjects\HelloWorld\app\build\intermediates\exploded-aar\com.android.support\support-compat\24.2.1\jars\classes.jar
java_class_path (initial): C:\Android\sdk\build-tools\27.0.3\lib\dx.jar
Launcher Type: SUN_STANDARD

Environment Variables:
JAVA_HOME=C:\Program Files\Java\jdk1.8.0_131
PATH=C:\ProgramData\Oracle\Java\javapath;C:\Program Files (x86)\Intel\iCLS Client\;C:\Program Files\Intel\iCLS Client\;C:\WINDOWS\system32;C:\WINDOWS;C:\WINDOWS\System32\Wbem;C:\WINDOWS\System32\WindowsPowerShell\v1.0\;C:\Program Files\Microsoft SQL Server\130\Tools\Binn\;C:\Program Files (x86)\Intel\Intel(R) Management Engine Components\DAL;C:\Program Files\Intel\Intel(R) Management Engine Components\DAL;C:\Program Files (x86)\Intel\Intel(R) Management Engine Components\IPT;C:\Program Files\Intel\Intel(R) Management Engine Components\IPT;C:\Program Files\Intel\WiFi\bin\;C:\Program Files\Common Files\Intel\WirelessCommon\;C:\Program Files\Java\jdk1.8.0_131\bin;C:\Users\nosbo\AppData\Local\Programs\Python\Python36-32\Scripts\;C:\Users\nosbo\AppData\Local\Programs\Python\Python36-32\;C:\Users\nosbo\AppData\Local\Microsoft\WindowsApps;C:\Program Files\Intel\WiFi\bin\;C:\Program Files\Common Files\Intel\WirelessCommon\
USERNAME=nosbo
OS=Windows_NT
PROCESSOR_IDENTIFIER=Intel64 Family 6 Model 69 Stepping 1, GenuineIntel



---------------  S Y S T E M  ---------------

OS: Windows 10.0 , 64 bit Build 16299 (10.0.16299.15)

CPU:total 4 (initial active 4) (2 cores per cpu, 2 threads per core) family 6 model 69 stepping 1, cmov, cx8, fxsr, mmx, sse, sse2, sse3, ssse3, sse4.1, sse4.2, popcnt, avx, avx2, aes, clmul, erms, lzcnt, ht, tsc, tscinvbit, bmi1, bmi2

Memory: 4k page, physical 3581036k(284316k free), swap 7775340k(4788k free)

vm_info: Java HotSpot(TM) 64-Bit Server VM (25.131-b11) for windows-amd64 JRE (1.8.0_131-b11), built on Mar 15 2017 01:23:53 by "java_re" with MS VC++ 10.0 (VS2010)

time: Mon Jan 08 21:07:24 2018
elapsed time: 14 seconds (0d 0h 0m 14s)

