#
# There is insufficient memory for the Java Runtime Environment to continue.
# Native memory allocation (malloc) failed to allocate 1048576 bytes for AllocateHeap
# Possible reasons:
#   The system is out of physical RAM or swap space
#   In 32 bit mode, the process size limit was hit
# Possible solutions:
#   Reduce memory load on the system
#   Increase physical memory or swap space
#   Check if swap backing store is full
#   Use 64 bit Java on a 64 bit OS
#   Decrease Java heap size (-Xmx/-Xms)
#   Decrease number of Java threads
#   Decrease Java thread stack sizes (-Xss)
#   Set larger code cache with -XX:ReservedCodeCacheSize=
# This output file may be truncated or incomplete.
#
#  Out of Memory Error (memory/allocation.inline.hpp:61), pid=12416, tid=0x0000000000000d24
#
# JRE version:  (8.0_131-b11) (build )
# Java VM: Java HotSpot(TM) 64-Bit Server VM (25.131-b11 mixed mode windows-amd64 compressed oops)
# Failed to write core dump. Minidumps are not enabled by default on client versions of Windows
#

---------------  T H R E A D  ---------------

Current thread (0x0000000004cf2800):  JavaThread "Unknown thread" [_thread_in_vm, id=3364, stack(0x0000000004bf0000,0x0000000004cf0000)]

Stack: [0x0000000004bf0000,0x0000000004cf0000]
[error occurred during error reporting (printing stack bounds), id 0xc0000005]

Native frames: (J=compiled Java code, j=interpreted, Vv=VM code, C=native code)


---------------  P R O C E S S  ---------------

Java Threads: ( => current thread )

Other Threads:

=>0x0000000004cf2800 (exited) JavaThread "Unknown thread" [_thread_in_vm, id=3364, stack(0x0000000004bf0000,0x0000000004cf0000)]

VM state:not at safepoint (normal execution)

VM Mutex/Monitor currently owned by a thread: None

Heap:
 PSYoungGen      total 16896K, used 296K [0x00000000eab00000, 0x00000000ebd80000, 0x0000000100000000)
  eden space 14848K, 2% used [0x00000000eab00000,0x00000000eab4a3e0,0x00000000eb980000)
  from space 2048K, 0% used [0x00000000ebb80000,0x00000000ebb80000,0x00000000ebd80000)
  to   space 2048K, 0% used [0x00000000eb980000,0x00000000eb980000,0x00000000ebb80000)
 ParOldGen       total 38400K, used 0K [0x00000000c0000000, 0x00000000c2580000, 0x00000000eab00000)
  object space 38400K, 0% used [0x00000000c0000000,0x00000000c0000000,0x00000000c2580000)
 Metaspace       used 770K, capacity 4480K, committed 4480K, reserved 1056768K
  class space    used 75K, capacity 384K, committed 384K, reserved 1048576K

Card table byte_map: [0x00000000141b0000,0x00000000143c0000] byte_map_base: 0x0000000013bb0000

Marking Bits: (ParMarkBitMap*) 0x000000005f8ac720
 Begin Bits: [0x0000000014920000, 0x0000000015920000)
 End Bits:   [0x0000000015920000, 0x0000000016920000)

Polling page: 0x00000000033b0000

CodeCache: size=245760Kb used=328Kb max_used=328Kb free=245431Kb
 bounds [0x0000000004df0000, 0x0000000005060000, 0x0000000013df0000]
 total_blobs=58 nmethods=0 adapters=38
 compilation: enabled

Compilation events (0 events):
No events

GC Heap History (0 events):
No events

Deoptimization events (0 events):
No events

Internal exceptions (0 events):
No events

Events (10 events):
Event: 0.123 loading class java/lang/Short
Event: 0.124 loading class java/lang/Short done
Event: 0.124 loading class java/lang/Integer
Event: 0.124 loading class java/lang/Integer done
Event: 0.124 loading class java/lang/Long
Event: 0.124 loading class java/lang/Long done
Event: 0.126 loading class java/lang/NullPointerException
Event: 0.126 loading class java/lang/NullPointerException done
Event: 0.126 loading class java/lang/ArithmeticException
Event: 0.126 loading class java/lang/ArithmeticException done


Dynamic libraries:
0x00007ff723310000 - 0x00007ff723347000 	C:\Program Files\Java\jdk1.8.0_131\bin\java.exe
0x00007ff94fd50000 - 0x00007ff94ff30000 	C:\WINDOWS\SYSTEM32\ntdll.dll
0x00007ff94d220000 - 0x00007ff94d2ce000 	C:\WINDOWS\System32\KERNEL32.DLL
0x00007ff94cc10000 - 0x00007ff94ce76000 	C:\WINDOWS\System32\KERNELBASE.dll
0x00007ff94a060000 - 0x00007ff94a0e8000 	C:\WINDOWS\SYSTEM32\apphelp.dll
0x00007ff94f430000 - 0x00007ff94f4d1000 	C:\WINDOWS\System32\ADVAPI32.dll
0x00007ff94f390000 - 0x00007ff94f42d000 	C:\WINDOWS\System32\msvcrt.dll
0x00007ff94f330000 - 0x00007ff94f38b000 	C:\WINDOWS\System32\sechost.dll
0x00007ff94d400000 - 0x00007ff94d51f000 	C:\WINDOWS\System32\RPCRT4.dll
0x00007ff94db70000 - 0x00007ff94dcff000 	C:\WINDOWS\System32\USER32.dll
0x00007ff94cee0000 - 0x00007ff94cf00000 	C:\WINDOWS\System32\win32u.dll
0x00007ff94d530000 - 0x00007ff94d558000 	C:\WINDOWS\System32\GDI32.dll
0x00007ff94c150000 - 0x00007ff94c2e3000 	C:\WINDOWS\System32\gdi32full.dll
0x00007ff94d0d0000 - 0x00007ff94d16b000 	C:\WINDOWS\System32\msvcp_win.dll
0x00007ff94c2f0000 - 0x00007ff94c3e6000 	C:\WINDOWS\System32\ucrtbase.dll
0x00007ff9410e0000 - 0x00007ff941349000 	C:\WINDOWS\WinSxS\amd64_microsoft.windows.common-controls_6595b64144ccf1df_6.0.16299.125_none_15cbcf8893620c09\COMCTL32.dll
0x00007ff94f4f0000 - 0x00007ff94f7f8000 	C:\WINDOWS\System32\combase.dll
0x00007ff94c440000 - 0x00007ff94c4b2000 	C:\WINDOWS\System32\bcryptPrimitives.dll
0x00007ff94d6f0000 - 0x00007ff94d71d000 	C:\WINDOWS\System32\IMM32.DLL
0x000000005ec40000 - 0x000000005ed12000 	C:\Program Files\Java\jdk1.8.0_131\jre\bin\msvcr100.dll
0x000000005f090000 - 0x000000005f92c000 	C:\Program Files\Java\jdk1.8.0_131\jre\bin\server\jvm.dll
0x00007ff94d520000 - 0x00007ff94d528000 	C:\WINDOWS\System32\PSAPI.DLL
0x00007ff934bd0000 - 0x00007ff934bd9000 	C:\WINDOWS\SYSTEM32\WSOCK32.dll
0x00007ff94f2c0000 - 0x00007ff94f32c000 	C:\WINDOWS\System32\WS2_32.dll
0x00007ff94b1c0000 - 0x00007ff94b1ca000 	C:\WINDOWS\SYSTEM32\VERSION.dll
0x00007ff94a120000 - 0x00007ff94a143000 	C:\WINDOWS\SYSTEM32\WINMM.dll
0x00007ff94a0f0000 - 0x00007ff94a11a000 	C:\WINDOWS\SYSTEM32\winmmbase.dll
0x00007ff94c3f0000 - 0x00007ff94c43a000 	C:\WINDOWS\System32\cfgmgr32.dll
0x000000005f080000 - 0x000000005f08f000 	C:\Program Files\Java\jdk1.8.0_131\jre\bin\verify.dll
0x000000005f050000 - 0x000000005f079000 	C:\Program Files\Java\jdk1.8.0_131\jre\bin\java.dll
0x000000005f030000 - 0x000000005f046000 	C:\Program Files\Java\jdk1.8.0_131\jre\bin\zip.dll

VM Arguments:
jvm_args: -Djava.awt.headless=true -Xmx1024M -Dfile.encoding=windows-1252 -Duser.country=BR -Duser.language=pt -Duser.variant 
java_command: com.android.dx.command.Main --dex --force-jumbo --num-threads=4 --multi-dex --output C:\Users\nosbo\AndroidStudioProjects\HelloWorld\app\build\intermediates\transforms\dex\debug\folders\1000\10\com.android.support-support-core-ui-24.2.1_3ba54cf66f50df4ead5098a682af8cdd8aa98eea C:\Users\nosbo\AndroidStudioProjects\HelloWorld\app\build\intermediates\exploded-aar\com.android.support\support-core-ui\24.2.1\jars\classes.jar
java_class_path (initial): C:\Android\sdk\build-tools\27.0.3\lib\dx.jar
Launcher Type: SUN_STANDARD

Environment Variables:
PATH=C:\ProgramData\Oracle\Java\javapath;C:\Program Files (x86)\Intel\iCLS Client\;C:\Program Files\Intel\iCLS Client\;C:\WINDOWS\system32;C:\WINDOWS;C:\WINDOWS\System32\Wbem;C:\WINDOWS\System32\WindowsPowerShell\v1.0\;C:\Program Files\Microsoft SQL Server\130\Tools\Binn\;C:\Program Files (x86)\Intel\Intel(R) Management Engine Components\DAL;C:\Program Files\Intel\Intel(R) Management Engine Components\DAL;C:\Program Files (x86)\Intel\Intel(R) Management Engine Components\IPT;C:\Program Files\Intel\Intel(R) Management Engine Components\IPT;C:\Program Files\Intel\WiFi\bin\;C:\Program Files\Common Files\Intel\WirelessCommon\;C:\Users\nosbo\AppData\Local\Programs\Python\Python36-32\Scripts\;C:\Users\nosbo\AppData\Local\Programs\Python\Python36-32\;C:\Users\nosbo\AppData\Local\Microsoft\WindowsApps;C:\Program Files\Intel\WiFi\bin\;C:\Program Files\Common Files\Intel\WirelessCommon\
USERNAME=nosbo
OS=Windows_NT
PROCESSOR_IDENTIFIER=Intel64 Family 6 Model 69 Stepping 1, GenuineIntel



---------------  S Y S T E M  ---------------

OS: Windows 10.0 , 64 bit Build 16299 (10.0.16299.15)

CPU:total 4 (initial active 4) (2 cores per cpu, 2 threads per core) family 6 model 69 stepping 1, cmov, cx8, fxsr, mmx, sse, sse2, sse3, ssse3, sse4.1, sse4.2, popcnt, avx, avx2, aes, clmul, erms, lzcnt, ht, tsc, tscinvbit, bmi1, bmi2

Memory: 4k page, physical 3581036k(340768k free), swap 7775340k(3120k free)

vm_info: Java HotSpot(TM) 64-Bit Server VM (25.131-b11) for windows-amd64 JRE (1.8.0_131-b11), built on Mar 15 2017 01:23:53 by "java_re" with MS VC++ 10.0 (VS2010)

time: Mon Jan 08 20:28:12 2018
elapsed time: 0 seconds (0d 0h 0m 0s)

