#
# There is insufficient memory for the Java Runtime Environment to continue.
# Native memory allocation (malloc) failed to allocate 238416 bytes for Chunk::new
# Possible reasons:
#   The system is out of physical RAM or swap space
#   In 32 bit mode, the process size limit was hit
# Possible solutions:
#   Reduce memory load on the system
#   Increase physical memory or swap space
#   Check if swap backing store is full
#   Use 64 bit Java on a 64 bit OS
#   Decrease Java heap size (-Xmx/-Xms)
#   Decrease number of Java threads
#   Decrease Java thread stack sizes (-Xss)
#   Set larger code cache with -XX:ReservedCodeCacheSize=
# This output file may be truncated or incomplete.
#
#  Out of Memory Error (allocation.cpp:390), pid=3444, tid=0x0000000000002688
#
# JRE version: Java(TM) SE Runtime Environment (8.0_131-b11) (build 1.8.0_131-b11)
# Java VM: Java HotSpot(TM) 64-Bit Server VM (25.131-b11 mixed mode windows-amd64 compressed oops)
# Failed to write core dump. Minidumps are not enabled by default on client versions of Windows
#

---------------  T H R E A D  ---------------

Current thread (0x000000001744f000):  JavaThread "C2 CompilerThread0" daemon [_thread_in_native, id=9864, stack(0x0000000018bb0000,0x0000000018cb0000)]

Stack: [0x0000000018bb0000,0x0000000018cb0000]
[error occurred during error reporting (printing stack bounds), id 0xc0000005]

Native frames: (J=compiled Java code, j=interpreted, Vv=VM code, C=native code)


Current CompileTask:
C2:   6371 1518       4       com.android.dx.ssa.SsaRenamer$BlockRenamer$RenamingMapper::map (28 bytes)


---------------  P R O C E S S  ---------------

Java Threads: ( => current thread )
  0x00000000191cb000 JavaThread "pool-2-thread-4" [_thread_blocked, id=7808, stack(0x00000000198b0000,0x00000000199b0000)]
  0x00000000191ca000 JavaThread "pool-2-thread-3" [_thread_blocked, id=11644, stack(0x00000000197b0000,0x00000000198b0000)]
  0x0000000019150800 JavaThread "pool-2-thread-2" [_thread_blocked, id=744, stack(0x00000000196b0000,0x00000000197b0000)]
  0x0000000019142800 JavaThread "pool-3-thread-1" [_thread_blocked, id=10216, stack(0x00000000195b0000,0x00000000196b0000)]
  0x0000000019142000 JavaThread "pool-2-thread-1" [_thread_in_Java, id=8280, stack(0x00000000194b0000,0x00000000195b0000)]
  0x00000000174ae800 JavaThread "Service Thread" daemon [_thread_blocked, id=11892, stack(0x00000000192b0000,0x00000000193b0000)]
  0x00000000174a9000 JavaThread "C1 CompilerThread2" daemon [_thread_blocked, id=2528, stack(0x0000000018db0000,0x0000000018eb0000)]
  0x0000000017450800 JavaThread "C2 CompilerThread1" daemon [_thread_in_native, id=11540, stack(0x0000000018cb0000,0x0000000018db0000)]
=>0x000000001744f000 JavaThread "C2 CompilerThread0" daemon [_thread_in_native, id=9864, stack(0x0000000018bb0000,0x0000000018cb0000)]
  0x000000001744c000 JavaThread "Attach Listener" daemon [_thread_blocked, id=296, stack(0x0000000018ab0000,0x0000000018bb0000)]
  0x000000001744b000 JavaThread "Signal Dispatcher" daemon [_thread_blocked, id=2104, stack(0x00000000189b0000,0x0000000018ab0000)]
  0x0000000004d7b800 JavaThread "Finalizer" daemon [_thread_blocked, id=11372, stack(0x00000000186b0000,0x00000000187b0000)]
  0x0000000004d71000 JavaThread "Reference Handler" daemon [_thread_blocked, id=9476, stack(0x00000000185b0000,0x00000000186b0000)]
  0x000000000333d800 JavaThread "main" [_thread_in_Java, id=8888, stack(0x0000000004b30000,0x0000000004c30000)]

Other Threads:
  0x0000000017418000 VMThread [stack: 0x00000000184b0000,0x00000000185b0000] [id=2060]
  0x0000000018ed6800 WatcherThread [stack: 0x00000000193b0000,0x00000000194b0000] [id=9688]

VM state:not at safepoint (normal execution)

VM Mutex/Monitor currently owned by a thread: None

Heap:
 PSYoungGen      total 31744K, used 5638K [0x00000000eab00000, 0x00000000ee900000, 0x0000000100000000)
  eden space 29696K, 12% used [0x00000000eab00000,0x00000000eae88898,0x00000000ec800000)
  from space 2048K, 98% used [0x00000000ec800000,0x00000000ec9f91b0,0x00000000eca00000)
  to   space 2048K, 0% used [0x00000000ee700000,0x00000000ee700000,0x00000000ee900000)
 ParOldGen       total 38400K, used 8599K [0x00000000c0000000, 0x00000000c2580000, 0x00000000eab00000)
  object space 38400K, 22% used [0x00000000c0000000,0x00000000c0865c38,0x00000000c2580000)
 Metaspace       used 6324K, capacity 7192K, committed 7424K, reserved 1056768K
  class space    used 635K, capacity 656K, committed 768K, reserved 1048576K

Card table byte_map: [0x0000000014140000,0x0000000014350000] byte_map_base: 0x0000000013b40000

Marking Bits: (ParMarkBitMap*) 0x00000000750dc720
 Begin Bits: [0x00000000148b0000, 0x00000000158b0000)
 End Bits:   [0x00000000158b0000, 0x00000000168b0000)

Polling page: 0x00000000032a0000

CodeCache: size=245760Kb used=6535Kb max_used=6540Kb free=239224Kb
 bounds [0x0000000004d80000, 0x00000000053f0000, 0x0000000013d80000]
 total_blobs=1756 nmethods=1491 adapters=178
 compilation: enabled

Compilation events (10 events):
Event: 6.348 Thread 0x000000001744f000 nmethod 1517 0x00000000053e7150 code [0x00000000053e72a0, 0x00000000053e76f8]
Event: 6.348 Thread 0x000000001744f000 1498       4       com.android.dx.cf.code.BasicBlocker::addWorkIfNecessary (32 bytes)
Event: 6.351 Thread 0x000000001744f000 nmethod 1498 0x00000000053de6d0 code [0x00000000053de820, 0x00000000053de958]
Event: 6.351 Thread 0x000000001744f000 1518       4       com.android.dx.ssa.SsaRenamer$BlockRenamer$RenamingMapper::map (28 bytes)
Event: 6.351 Thread 0x00000000174a9000 1522       3       com.android.dx.ssa.back.FirstFitLocalCombiningAllocator$Multiset::getAndRemoveHighestCount (63 bytes)
Event: 6.352 Thread 0x00000000174a9000 nmethod 1522 0x00000000053e6ad0 code [0x00000000053e6c40, 0x00000000053e6f10]
Event: 6.360 Thread 0x00000000174a9000 1524       1       com.android.dx.rop.cst.CstString::getType (4 bytes)
Event: 6.360 Thread 0x00000000174a9000 nmethod 1524 0x00000000053e4810 code [0x00000000053e4960, 0x00000000053e4a70]
Event: 6.363 Thread 0x00000000174a9000 1526       3       com.android.dx.rop.type.Type::getInitializedType (42 bytes)
Event: 6.364 Thread 0x00000000174a9000 nmethod 1526 0x00000000053e0010 code [0x00000000053e01e0, 0x00000000053e09f8]

GC Heap History (6 events):
Event: 2.136 GC heap before
{Heap before GC invocations=1 (full 0):
 PSYoungGen      total 16896K, used 14848K [0x00000000eab00000, 0x00000000ebd80000, 0x0000000100000000)
  eden space 14848K, 100% used [0x00000000eab00000,0x00000000eb980000,0x00000000eb980000)
  from space 2048K, 0% used [0x00000000ebb80000,0x00000000ebb80000,0x00000000ebd80000)
  to   space 2048K, 0% used [0x00000000eb980000,0x00000000eb980000,0x00000000ebb80000)
 ParOldGen       total 38400K, used 0K [0x00000000c0000000, 0x00000000c2580000, 0x00000000eab00000)
  object space 38400K, 0% used [0x00000000c0000000,0x00000000c0000000,0x00000000c2580000)
 Metaspace       used 5818K, capacity 6774K, committed 7040K, reserved 1056768K
  class space    used 612K, capacity 622K, committed 640K, reserved 1048576K
Event: 2.237 GC heap after
Heap after GC invocations=1 (full 0):
 PSYoungGen      total 16896K, used 2020K [0x00000000eab00000, 0x00000000ecc00000, 0x0000000100000000)
  eden space 14848K, 0% used [0x00000000eab00000,0x00000000eab00000,0x00000000eb980000)
  from space 2048K, 98% used [0x00000000eb980000,0x00000000ebb792e8,0x00000000ebb80000)
  to   space 2048K, 0% used [0x00000000eca00000,0x00000000eca00000,0x00000000ecc00000)
 ParOldGen       total 38400K, used 2152K [0x00000000c0000000, 0x00000000c2580000, 0x00000000eab00000)
  object space 38400K, 5% used [0x00000000c0000000,0x00000000c021a088,0x00000000c2580000)
 Metaspace       used 5818K, capacity 6774K, committed 7040K, reserved 1056768K
  class space    used 612K, capacity 622K, committed 640K, reserved 1048576K
}
Event: 3.097 GC heap before
{Heap before GC invocations=2 (full 0):
 PSYoungGen      total 16896K, used 16868K [0x00000000eab00000, 0x00000000ecc00000, 0x0000000100000000)
  eden space 14848K, 100% used [0x00000000eab00000,0x00000000eb980000,0x00000000eb980000)
  from space 2048K, 98% used [0x00000000eb980000,0x00000000ebb792e8,0x00000000ebb80000)
  to   space 2048K, 0% used [0x00000000eca00000,0x00000000eca00000,0x00000000ecc00000)
 ParOldGen       total 38400K, used 2152K [0x00000000c0000000, 0x00000000c2580000, 0x00000000eab00000)
  object space 38400K, 5% used [0x00000000c0000000,0x00000000c021a088,0x00000000c2580000)
 Metaspace       used 6108K, capacity 7032K, committed 7296K, reserved 1056768K
  class space    used 616K, capacity 624K, committed 640K, reserved 1048576K
Event: 3.281 GC heap after
Heap after GC invocations=2 (full 0):
 PSYoungGen      total 31744K, used 2017K [0x00000000eab00000, 0x00000000ecc00000, 0x0000000100000000)
  eden space 29696K, 0% used [0x00000000eab00000,0x00000000eab00000,0x00000000ec800000)
  from space 2048K, 98% used [0x00000000eca00000,0x00000000ecbf84b8,0x00000000ecc00000)
  to   space 2048K, 0% used [0x00000000ec800000,0x00000000ec800000,0x00000000eca00000)
 ParOldGen       total 38400K, used 4809K [0x00000000c0000000, 0x00000000c2580000, 0x00000000eab00000)
  object space 38400K, 12% used [0x00000000c0000000,0x00000000c04b26e8,0x00000000c2580000)
 Metaspace       used 6108K, capacity 7032K, committed 7296K, reserved 1056768K
  class space    used 616K, capacity 624K, committed 640K, reserved 1048576K
}
Event: 6.197 GC heap before
{Heap before GC invocations=3 (full 0):
 PSYoungGen      total 31744K, used 31713K [0x00000000eab00000, 0x00000000ecc00000, 0x0000000100000000)
  eden space 29696K, 100% used [0x00000000eab00000,0x00000000ec800000,0x00000000ec800000)
  from space 2048K, 98% used [0x00000000eca00000,0x00000000ecbf84b8,0x00000000ecc00000)
  to   space 2048K, 0% used [0x00000000ec800000,0x00000000ec800000,0x00000000eca00000)
 ParOldGen       total 38400K, used 4809K [0x00000000c0000000, 0x00000000c2580000, 0x00000000eab00000)
  object space 38400K, 12% used [0x00000000c0000000,0x00000000c04b26e8,0x00000000c2580000)
 Metaspace       used 6321K, capacity 7192K, committed 7424K, reserved 1056768K
  class space    used 635K, capacity 656K, committed 768K, reserved 1048576K
Event: 6.215 GC heap after
Heap after GC invocations=3 (full 0):
 PSYoungGen      total 31744K, used 2020K [0x00000000eab00000, 0x00000000ee900000, 0x0000000100000000)
  eden space 29696K, 0% used [0x00000000eab00000,0x00000000eab00000,0x00000000ec800000)
  from space 2048K, 98% used [0x00000000ec800000,0x00000000ec9f91b0,0x00000000eca00000)
  to   space 2048K, 0% used [0x00000000ee700000,0x00000000ee700000,0x00000000ee900000)
 ParOldGen       total 38400K, used 8599K [0x00000000c0000000, 0x00000000c2580000, 0x00000000eab00000)
  object space 38400K, 22% used [0x00000000c0000000,0x00000000c0865c38,0x00000000c2580000)
 Metaspace       used 6321K, capacity 7192K, committed 7424K, reserved 1056768K
  class space    used 635K, capacity 656K, committed 768K, reserved 1048576K
}

Deoptimization events (10 events):
Event: 4.383 Thread 0x00000000191ca000 Uncommon trap: reason=bimorphic action=maybe_recompile pc=0x00000000050e8f6c method=java.util.HashMap.getNode(ILjava/lang/Object;)Ljava/util/HashMap$Node; @ 126
Event: 4.383 Thread 0x00000000191ca000 Uncommon trap: reason=bimorphic action=maybe_recompile pc=0x00000000050e8f6c method=java.util.HashMap.getNode(ILjava/lang/Object;)Ljava/util/HashMap$Node; @ 126
Event: 4.383 Thread 0x00000000191ca000 Uncommon trap: reason=unstable_if action=reinterpret pc=0x000000000513e0d0 method=java.util.HashMap.putVal(ILjava/lang/Object;Ljava/lang/Object;ZZ)Ljava/lang/Object; @ 162
Event: 4.415 Thread 0x00000000191ca000 Uncommon trap: reason=unstable_if action=reinterpret pc=0x00000000052b906c method=com.android.dx.rop.code.RegisterSpecSet.put(Lcom/android/dx/rop/code/RegisterSpec;)V @ 77
Event: 4.415 Thread 0x00000000191ca000 Uncommon trap: reason=unstable_if action=reinterpret pc=0x000000000518a9e0 method=com.android.dx.rop.code.RegisterSpecSet.put(Lcom/android/dx/rop/code/RegisterSpec;)V @ 77
Event: 4.461 Thread 0x000000000333d800 Uncommon trap: reason=class_check action=maybe_recompile pc=0x00000000053187b0 method=com.android.dx.cf.code.BytecodeArray.parseInstruction(ILcom/android/dx/cf/code/BytecodeArray$Visitor;)I @ 987
Event: 4.461 Thread 0x000000000333d800 Uncommon trap: reason=class_check action=maybe_recompile pc=0x00000000053187b0 method=com.android.dx.cf.code.BytecodeArray.parseInstruction(ILcom/android/dx/cf/code/BytecodeArray$Visitor;)I @ 987
Event: 4.777 Thread 0x000000000333d800 Uncommon trap: reason=unstable_if action=reinterpret pc=0x00000000050cd13c method=com.android.dx.rop.code.RegisterSpec.equals(ILcom/android/dx/rop/type/TypeBearer;Lcom/android/dx/rop/code/LocalItem;)Z @ 42
Event: 6.220 Thread 0x0000000019142000 Uncommon trap: reason=unstable_if action=reinterpret pc=0x00000000053476dc method=com.android.dx.rop.code.LocalItem.hashCode()I @ 25
Event: 6.220 Thread 0x0000000019142000 Uncommon trap: reason=unstable_if action=reinterpret pc=0x00000000050c448c method=com.android.dx.rop.code.LocalItem.hashCode()I @ 25

Internal exceptions (5 events):
Event: 0.179 Thread 0x000000000333d800 Exception <a 'java/lang/NoSuchMethodError': Method sun.misc.Unsafe.defineClass(Ljava/lang/String;[BII)Ljava/lang/Class; name or signature does not match> (0x00000000eab07ca8) thrown at [C:\re\workspace\8-2-build-windows-amd64-cygwin\jdk8u131\8869\hotspot\
Event: 0.179 Thread 0x000000000333d800 Exception <a 'java/lang/NoSuchMethodError': Method sun.misc.Unsafe.prefetchRead(Ljava/lang/Object;J)V name or signature does not match> (0x00000000eab07f90) thrown at [C:\re\workspace\8-2-build-windows-amd64-cygwin\jdk8u131\8869\hotspot\src\share\vm\prims
Event: 4.405 Thread 0x00000000191ca000 Exception <a 'java/lang/ArrayIndexOutOfBoundsException': 18> (0x00000000eabcfd70) thrown at [C:\re\workspace\8-2-build-windows-amd64-cygwin\jdk8u131\8869\hotspot\src\share\vm\interpreter\interpreterRuntime.cpp, line 366]
Event: 4.406 Thread 0x00000000191ca000 Exception <a 'java/lang/ArrayIndexOutOfBoundsException': 145> (0x00000000eabd18f0) thrown at [C:\re\workspace\8-2-build-windows-amd64-cygwin\jdk8u131\8869\hotspot\src\share\vm\interpreter\interpreterRuntime.cpp, line 366]
Event: 4.409 Thread 0x00000000191ca000 Exception <a 'java/lang/ArrayIndexOutOfBoundsException'> (0x00000000eabd2bd8) thrown at [C:\re\workspace\8-2-build-windows-amd64-cygwin\jdk8u131\8869\hotspot\src\share\vm\runtime\sharedRuntime.cpp, line 605]

Events (10 events):
Event: 6.197 Executing VM operation: ParallelGCFailedAllocation
Event: 6.215 Executing VM operation: ParallelGCFailedAllocation done
Event: 6.220 Thread 0x0000000019142000 Uncommon trap: trap_request=0xffffff65 fr.pc=0x00000000053476dc
Event: 6.220 Thread 0x0000000019142000 DEOPT PACKING pc=0x00000000053476dc sp=0x00000000195ae930
Event: 6.220 Thread 0x0000000019142000 DEOPT UNPACKING pc=0x0000000004dc582a sp=0x00000000195ae698 mode 2
Event: 6.220 Thread 0x0000000019142000 Uncommon trap: trap_request=0xffffff65 fr.pc=0x00000000050c448c
Event: 6.220 Thread 0x0000000019142000 DEOPT PACKING pc=0x00000000050c448c sp=0x00000000195ae7d0
Event: 6.220 Thread 0x0000000019142000 DEOPT UNPACKING pc=0x0000000004dc582a sp=0x00000000195ae720 mode 2
Event: 6.234 Executing VM operation: RevokeBias
Event: 6.345 Executing VM operation: RevokeBias done


Dynamic libraries:
0x00007ff602d60000 - 0x00007ff602d97000 	C:\Program Files\Java\jdk1.8.0_131\bin\java.exe
0x00007ffd0cdf0000 - 0x00007ffd0cfd0000 	C:\WINDOWS\SYSTEM32\ntdll.dll
0x00007ffd0cd10000 - 0x00007ffd0cdbe000 	C:\WINDOWS\System32\KERNEL32.DLL
0x00007ffd09c10000 - 0x00007ffd09e76000 	C:\WINDOWS\System32\KERNELBASE.dll
0x00007ffd0a430000 - 0x00007ffd0a4d1000 	C:\WINDOWS\System32\ADVAPI32.dll
0x00007ffd0a390000 - 0x00007ffd0a42d000 	C:\WINDOWS\System32\msvcrt.dll
0x00007ffd0c160000 - 0x00007ffd0c1bb000 	C:\WINDOWS\System32\sechost.dll
0x00007ffd0bf90000 - 0x00007ffd0c0af000 	C:\WINDOWS\System32\RPCRT4.dll
0x00007ffd0cb10000 - 0x00007ffd0cc9f000 	C:\WINDOWS\System32\USER32.dll
0x00007ffd0a000000 - 0x00007ffd0a020000 	C:\WINDOWS\System32\win32u.dll
0x00007ffd0bc50000 - 0x00007ffd0bc78000 	C:\WINDOWS\System32\GDI32.dll
0x00007ffd0a120000 - 0x00007ffd0a2b3000 	C:\WINDOWS\System32\gdi32full.dll
0x00007ffd09e80000 - 0x00007ffd09f1b000 	C:\WINDOWS\System32\msvcp_win.dll
0x00007ffd0a020000 - 0x00007ffd0a116000 	C:\WINDOWS\System32\ucrtbase.dll
0x00007ffcfe0e0000 - 0x00007ffcfe349000 	C:\WINDOWS\WinSxS\amd64_microsoft.windows.common-controls_6595b64144ccf1df_6.0.16299.125_none_15cbcf8893620c09\COMCTL32.dll
0x00007ffd0c7a0000 - 0x00007ffd0caa8000 	C:\WINDOWS\System32\combase.dll
0x00007ffd09f20000 - 0x00007ffd09f92000 	C:\WINDOWS\System32\bcryptPrimitives.dll
0x00007ffd0a360000 - 0x00007ffd0a38d000 	C:\WINDOWS\System32\IMM32.DLL
0x0000000074430000 - 0x0000000074502000 	C:\Program Files\Java\jdk1.8.0_131\jre\bin\msvcr100.dll
0x00000000748c0000 - 0x000000007515c000 	C:\Program Files\Java\jdk1.8.0_131\jre\bin\server\jvm.dll
0x00007ffd0c610000 - 0x00007ffd0c618000 	C:\WINDOWS\System32\PSAPI.DLL
0x00007ffcf2bd0000 - 0x00007ffcf2bd9000 	C:\WINDOWS\SYSTEM32\WSOCK32.dll
0x00007ffd0c620000 - 0x00007ffd0c68c000 	C:\WINDOWS\System32\WS2_32.dll
0x00007ffd06c00000 - 0x00007ffd06c23000 	C:\WINDOWS\SYSTEM32\WINMM.dll
0x00007ffd082b0000 - 0x00007ffd082ba000 	C:\WINDOWS\SYSTEM32\VERSION.dll
0x00007ffd06bd0000 - 0x00007ffd06bfa000 	C:\WINDOWS\SYSTEM32\WINMMBASE.dll
0x00007ffd09bc0000 - 0x00007ffd09c0a000 	C:\WINDOWS\System32\cfgmgr32.dll
0x00000000748b0000 - 0x00000000748bf000 	C:\Program Files\Java\jdk1.8.0_131\jre\bin\verify.dll
0x0000000074880000 - 0x00000000748a9000 	C:\Program Files\Java\jdk1.8.0_131\jre\bin\java.dll
0x0000000074860000 - 0x0000000074876000 	C:\Program Files\Java\jdk1.8.0_131\jre\bin\zip.dll
0x00007ffd0a810000 - 0x00007ffd0bc46000 	C:\WINDOWS\System32\SHELL32.dll
0x00007ffd0c0b0000 - 0x00007ffd0c156000 	C:\WINDOWS\System32\shcore.dll
0x00007ffd091f0000 - 0x00007ffd09937000 	C:\WINDOWS\System32\windows.storage.dll
0x00007ffd0a7b0000 - 0x00007ffd0a801000 	C:\WINDOWS\System32\shlwapi.dll
0x00007ffd09180000 - 0x00007ffd09191000 	C:\WINDOWS\System32\kernel.appcore.dll
0x00007ffd091a0000 - 0x00007ffd091ec000 	C:\WINDOWS\System32\powrprof.dll
0x00007ffd09140000 - 0x00007ffd0915b000 	C:\WINDOWS\System32\profapi.dll

VM Arguments:
jvm_args: -Djava.awt.headless=true -Xmx1024M -Dfile.encoding=windows-1252 -Duser.country=BR -Duser.language=pt -Duser.variant 
java_command: com.android.dx.command.Main --dex --force-jumbo --num-threads=4 --multi-dex --output C:\Users\nosbo\AndroidStudioProjects\HelloWorld\app\build\intermediates\transforms\dex\debug\folders\1000\10\com.android.support-support-core-ui-24.2.1_3ba54cf66f50df4ead5098a682af8cdd8aa98eea C:\Users\nosbo\AndroidStudioProjects\HelloWorld\app\build\intermediates\exploded-aar\com.android.support\support-core-ui\24.2.1\jars\classes.jar
java_class_path (initial): C:\Android\sdk\build-tools\27.0.3\lib\dx.jar
Launcher Type: SUN_STANDARD

Environment Variables:
JAVA_HOME=C:\Program Files\Java\jdk1.8.0_131
PATH=C:\ProgramData\Oracle\Java\javapath;C:\Program Files (x86)\Intel\iCLS Client\;C:\Program Files\Intel\iCLS Client\;C:\WINDOWS\system32;C:\WINDOWS;C:\WINDOWS\System32\Wbem;C:\WINDOWS\System32\WindowsPowerShell\v1.0\;C:\Program Files\Microsoft SQL Server\130\Tools\Binn\;C:\Program Files (x86)\Intel\Intel(R) Management Engine Components\DAL;C:\Program Files\Intel\Intel(R) Management Engine Components\DAL;C:\Program Files (x86)\Intel\Intel(R) Management Engine Components\IPT;C:\Program Files\Intel\Intel(R) Management Engine Components\IPT;C:\Program Files\Intel\WiFi\bin\;C:\Program Files\Common Files\Intel\WirelessCommon\;C:\Program Files\Java\jdk1.8.0_131\bin;C:\Users\nosbo\AppData\Local\Programs\Python\Python36-32\Scripts\;C:\Users\nosbo\AppData\Local\Programs\Python\Python36-32\;C:\Users\nosbo\AppData\Local\Microsoft\WindowsApps;C:\Program Files\Intel\WiFi\bin\;C:\Program Files\Common Files\Intel\WirelessCommon\
USERNAME=nosbo
OS=Windows_NT
PROCESSOR_IDENTIFIER=Intel64 Family 6 Model 69 Stepping 1, GenuineIntel



---------------  S Y S T E M  ---------------

OS: Windows 10.0 , 64 bit Build 16299 (10.0.16299.15)

CPU:total 4 (initial active 4) (2 cores per cpu, 2 threads per core) family 6 model 69 stepping 1, cmov, cx8, fxsr, mmx, sse, sse2, sse3, ssse3, sse4.1, sse4.2, popcnt, avx, avx2, aes, clmul, erms, lzcnt, ht, tsc, tscinvbit, bmi1, bmi2

Memory: 4k page, physical 3581036k(222896k free), swap 7775340k(756k free)

vm_info: Java HotSpot(TM) 64-Bit Server VM (25.131-b11) for windows-amd64 JRE (1.8.0_131-b11), built on Mar 15 2017 01:23:53 by "java_re" with MS VC++ 10.0 (VS2010)

time: Mon Jan 08 21:27:52 2018
elapsed time: 6 seconds (0d 0h 0m 6s)

