#
# There is insufficient memory for the Java Runtime Environment to continue.
# Native memory allocation (malloc) failed to allocate 510064 bytes for Chunk::new
# Possible reasons:
#   The system is out of physical RAM or swap space
#   In 32 bit mode, the process size limit was hit
# Possible solutions:
#   Reduce memory load on the system
#   Increase physical memory or swap space
#   Check if swap backing store is full
#   Use 64 bit Java on a 64 bit OS
#   Decrease Java heap size (-Xmx/-Xms)
#   Decrease number of Java threads
#   Decrease Java thread stack sizes (-Xss)
#   Set larger code cache with -XX:ReservedCodeCacheSize=
# This output file may be truncated or incomplete.
#
#  Out of Memory Error (allocation.cpp:390), pid=3504, tid=0x0000000000000930
#
# JRE version: Java(TM) SE Runtime Environment (8.0_131-b11) (build 1.8.0_131-b11)
# Java VM: Java HotSpot(TM) 64-Bit Server VM (25.131-b11 mixed mode windows-amd64 compressed oops)
# Failed to write core dump. Minidumps are not enabled by default on client versions of Windows
#

---------------  T H R E A D  ---------------

Current thread (0x00000000174d7000):  JavaThread "C2 CompilerThread1" daemon [_thread_in_native, id=2352, stack(0x0000000018ce0000,0x0000000018de0000)]

Stack: [0x0000000018ce0000,0x0000000018de0000]
[error occurred during error reporting (printing stack bounds), id 0xc0000005]

Native frames: (J=compiled Java code, j=interpreted, Vv=VM code, C=native code)


Current CompileTask:
C2:  13633 1902 %     4       com.android.dx.ssa.SsaConverter::placePhiFunctions @ 53 (394 bytes)


---------------  P R O C E S S  ---------------

Java Threads: ( => current thread )
  0x00000000191f8000 JavaThread "pool-2-thread-4" [_thread_blocked, id=2908, stack(0x00000000198e0000,0x00000000199e0000)]
  0x00000000191c9800 JavaThread "pool-2-thread-3" [_thread_blocked, id=7200, stack(0x00000000197e0000,0x00000000198e0000)]
  0x0000000019193800 JavaThread "pool-2-thread-2" [_thread_blocked, id=12228, stack(0x00000000196e0000,0x00000000197e0000)]
  0x000000001918e800 JavaThread "pool-3-thread-1" [_thread_blocked, id=10924, stack(0x00000000195e0000,0x00000000196e0000)]
  0x0000000019183800 JavaThread "pool-2-thread-1" [_thread_blocked, id=7404, stack(0x00000000194e0000,0x00000000195e0000)]
  0x00000000174de000 JavaThread "Service Thread" daemon [_thread_blocked, id=1212, stack(0x00000000192e0000,0x00000000193e0000)]
  0x00000000174da000 JavaThread "C1 CompilerThread2" daemon [_thread_blocked, id=3152, stack(0x0000000018de0000,0x0000000018ee0000)]
=>0x00000000174d7000 JavaThread "C2 CompilerThread1" daemon [_thread_in_native, id=2352, stack(0x0000000018ce0000,0x0000000018de0000)]
  0x0000000017483800 JavaThread "C2 CompilerThread0" daemon [_thread_in_native, id=9680, stack(0x0000000018be0000,0x0000000018ce0000)]
  0x0000000017480800 JavaThread "Attach Listener" daemon [_thread_blocked, id=11312, stack(0x0000000018ae0000,0x0000000018be0000)]
  0x000000001747f800 JavaThread "Signal Dispatcher" daemon [_thread_blocked, id=4664, stack(0x00000000189e0000,0x0000000018ae0000)]
  0x000000001746a000 JavaThread "Finalizer" daemon [_thread_blocked, id=3348, stack(0x00000000186e0000,0x00000000187e0000)]
  0x0000000017449000 JavaThread "Reference Handler" daemon [_thread_blocked, id=1688, stack(0x00000000185e0000,0x00000000186e0000)]
  0x0000000004bad800 JavaThread "main" [_thread_blocked, id=10836, stack(0x00000000049c0000,0x0000000004ac0000)]

Other Threads:
  0x0000000017447800 VMThread [stack: 0x00000000184e0000,0x00000000185e0000] [id=2992]
  0x0000000018ee7000 WatcherThread [stack: 0x00000000193e0000,0x00000000194e0000] [id=5224]

VM state:not at safepoint (normal execution)

VM Mutex/Monitor currently owned by a thread: None

Heap:
 PSYoungGen      total 69120K, used 17562K [0x00000000eab00000, 0x00000000ef800000, 0x0000000100000000)
  eden space 59392K, 18% used [0x00000000eab00000,0x00000000eb5da398,0x00000000ee500000)
  from space 9728K, 66% used [0x00000000eee80000,0x00000000ef4cc800,0x00000000ef800000)
  to   space 9728K, 0% used [0x00000000ee500000,0x00000000ee500000,0x00000000eee80000)
 ParOldGen       total 38400K, used 17494K [0x00000000c0000000, 0x00000000c2580000, 0x00000000eab00000)
  object space 38400K, 45% used [0x00000000c0000000,0x00000000c1115950,0x00000000c2580000)
 Metaspace       used 6445K, capacity 7288K, committed 7552K, reserved 1056768K
  class space    used 616K, capacity 624K, committed 640K, reserved 1048576K

Card table byte_map: [0x0000000014170000,0x0000000014380000] byte_map_base: 0x0000000013b70000

Marking Bits: (ParMarkBitMap*) 0x00000000750dc720
 Begin Bits: [0x00000000148e0000, 0x00000000158e0000)
 End Bits:   [0x00000000158e0000, 0x00000000168e0000)

Polling page: 0x0000000003120000

CodeCache: size=245760Kb used=8701Kb max_used=8714Kb free=237058Kb
 bounds [0x0000000004db0000, 0x0000000005640000, 0x0000000013db0000]
 total_blobs=2138 nmethods=1872 adapters=178
 compilation: enabled

Compilation events (10 events):
Event: 13.182 Thread 0x00000000174da000 1901       2       java.util.concurrent.locks.AbstractQueuedSynchronizer$ConditionObject::doSignal (43 bytes)
Event: 13.183 Thread 0x00000000174da000 nmethod 1901 0x00000000055ffe90 code [0x0000000005600000, 0x0000000005600248]
Event: 13.202 Thread 0x00000000174d7000 nmethod 1886 0x00000000056351d0 code [0x0000000005635460, 0x0000000005636f90]
Event: 13.202 Thread 0x00000000174d7000 1898   !   4       com.android.dx.rop.type.Type::intern (307 bytes)
Event: 13.233 Thread 0x00000000174d7000 nmethod 1898 0x00000000055e7610 code [0x00000000055e77e0, 0x00000000055e8210]
Event: 13.233 Thread 0x00000000174d7000 1902 %     4       com.android.dx.ssa.SsaConverter::placePhiFunctions @ 53 (394 bytes)
Event: 13.234 Thread 0x0000000017483800 nmethod 1896 0x0000000005639a50 code [0x0000000005639cc0, 0x000000000563ad90]
Event: 13.234 Thread 0x0000000017483800 1890       4       com.android.dx.cf.code.BaseMachine::popArgs (62 bytes)
Event: 13.248 Thread 0x0000000017483800 nmethod 1890 0x00000000056007d0 code [0x0000000005600940, 0x0000000005600db8]
Event: 13.248 Thread 0x0000000017483800 1900       4       com.android.dx.ssa.SCCP::run (298 bytes)

GC Heap History (10 events):
Event: 6.068 GC heap before
{Heap before GC invocations=2 (full 0):
 PSYoungGen      total 16896K, used 16895K [0x00000000eab00000, 0x00000000ecc00000, 0x0000000100000000)
  eden space 14848K, 100% used [0x00000000eab00000,0x00000000eb980000,0x00000000eb980000)
  from space 2048K, 99% used [0x00000000eb980000,0x00000000ebb7ff40,0x00000000ebb80000)
  to   space 2048K, 0% used [0x00000000eca00000,0x00000000eca00000,0x00000000ecc00000)
 ParOldGen       total 38400K, used 554K [0x00000000c0000000, 0x00000000c2580000, 0x00000000eab00000)
  object space 38400K, 1% used [0x00000000c0000000,0x00000000c008ab68,0x00000000c2580000)
 Metaspace       used 6055K, capacity 6968K, committed 7040K, reserved 1056768K
  class space    used 616K, capacity 624K, committed 640K, reserved 1048576K
Event: 6.177 GC heap after
Heap after GC invocations=2 (full 0):
 PSYoungGen      total 31744K, used 2026K [0x00000000eab00000, 0x00000000ecc00000, 0x0000000100000000)
  eden space 29696K, 0% used [0x00000000eab00000,0x00000000eab00000,0x00000000ec800000)
  from space 2048K, 98% used [0x00000000eca00000,0x00000000ecbfaab8,0x00000000ecc00000)
  to   space 2048K, 0% used [0x00000000ec800000,0x00000000ec800000,0x00000000eca00000)
 ParOldGen       total 38400K, used 2669K [0x00000000c0000000, 0x00000000c2580000, 0x00000000eab00000)
  object space 38400K, 6% used [0x00000000c0000000,0x00000000c029b7f0,0x00000000c2580000)
 Metaspace       used 6055K, capacity 6968K, committed 7040K, reserved 1056768K
  class space    used 616K, capacity 624K, committed 640K, reserved 1048576K
}
Event: 8.331 GC heap before
{Heap before GC invocations=3 (full 0):
 PSYoungGen      total 31744K, used 31722K [0x00000000eab00000, 0x00000000ecc00000, 0x0000000100000000)
  eden space 29696K, 100% used [0x00000000eab00000,0x00000000ec800000,0x00000000ec800000)
  from space 2048K, 98% used [0x00000000eca00000,0x00000000ecbfaab8,0x00000000ecc00000)
  to   space 2048K, 0% used [0x00000000ec800000,0x00000000ec800000,0x00000000eca00000)
 ParOldGen       total 38400K, used 2669K [0x00000000c0000000, 0x00000000c2580000, 0x00000000eab00000)
  object space 38400K, 6% used [0x00000000c0000000,0x00000000c029b7f0,0x00000000c2580000)
 Metaspace       used 6277K, capacity 7160K, committed 7296K, reserved 1056768K
  class space    used 616K, capacity 624K, committed 640K, reserved 1048576K
Event: 8.509 GC heap after
Heap after GC invocations=3 (full 0):
 PSYoungGen      total 31744K, used 2032K [0x00000000eab00000, 0x00000000ecc00000, 0x0000000100000000)
  eden space 29696K, 0% used [0x00000000eab00000,0x00000000eab00000,0x00000000ec800000)
  from space 2048K, 99% used [0x00000000ec800000,0x00000000ec9fc038,0x00000000eca00000)
  to   space 2048K, 0% used [0x00000000eca00000,0x00000000eca00000,0x00000000ecc00000)
 ParOldGen       total 38400K, used 7278K [0x00000000c0000000, 0x00000000c2580000, 0x00000000eab00000)
  object space 38400K, 18% used [0x00000000c0000000,0x00000000c071b8b8,0x00000000c2580000)
 Metaspace       used 6277K, capacity 7160K, committed 7296K, reserved 1056768K
  class space    used 616K, capacity 624K, committed 640K, reserved 1048576K
}
Event: 9.557 GC heap before
{Heap before GC invocations=4 (full 0):
 PSYoungGen      total 31744K, used 31728K [0x00000000eab00000, 0x00000000ecc00000, 0x0000000100000000)
  eden space 29696K, 100% used [0x00000000eab00000,0x00000000ec800000,0x00000000ec800000)
  from space 2048K, 99% used [0x00000000ec800000,0x00000000ec9fc038,0x00000000eca00000)
  to   space 2048K, 0% used [0x00000000eca00000,0x00000000eca00000,0x00000000ecc00000)
 ParOldGen       total 38400K, used 7278K [0x00000000c0000000, 0x00000000c2580000, 0x00000000eab00000)
  object space 38400K, 18% used [0x00000000c0000000,0x00000000c071b8b8,0x00000000c2580000)
 Metaspace       used 6351K, capacity 7224K, committed 7296K, reserved 1056768K
  class space    used 616K, capacity 624K, committed 640K, reserved 1048576K
Event: 9.669 GC heap after
Heap after GC invocations=4 (full 0):
 PSYoungGen      total 31744K, used 2048K [0x00000000eab00000, 0x00000000ee900000, 0x0000000100000000)
  eden space 29696K, 0% used [0x00000000eab00000,0x00000000eab00000,0x00000000ec800000)
  from space 2048K, 100% used [0x00000000eca00000,0x00000000ecc00000,0x00000000ecc00000)
  to   space 2048K, 0% used [0x00000000ec800000,0x00000000ec800000,0x00000000eca00000)
 ParOldGen       total 38400K, used 12422K [0x00000000c0000000, 0x00000000c2580000, 0x00000000eab00000)
  object space 38400K, 32% used [0x00000000c0000000,0x00000000c0c21998,0x00000000c2580000)
 Metaspace       used 6351K, capacity 7224K, committed 7296K, reserved 1056768K
  class space    used 616K, capacity 624K, committed 640K, reserved 1048576K
}
Event: 11.245 GC heap before
{Heap before GC invocations=5 (full 0):
 PSYoungGen      total 31744K, used 31744K [0x00000000eab00000, 0x00000000ee900000, 0x0000000100000000)
  eden space 29696K, 100% used [0x00000000eab00000,0x00000000ec800000,0x00000000ec800000)
  from space 2048K, 100% used [0x00000000eca00000,0x00000000ecc00000,0x00000000ecc00000)
  to   space 2048K, 0% used [0x00000000ec800000,0x00000000ec800000,0x00000000eca00000)
 ParOldGen       total 38400K, used 12422K [0x00000000c0000000, 0x00000000c2580000, 0x00000000eab00000)
  object space 38400K, 32% used [0x00000000c0000000,0x00000000c0c21998,0x00000000c2580000)
 Metaspace       used 6380K, capacity 7224K, committed 7296K, reserved 1056768K
  class space    used 616K, capacity 624K, committed 640K, reserved 1048576K
Event: 11.513 GC heap after
Heap after GC invocations=5 (full 0):
 PSYoungGen      total 31744K, used 2028K [0x00000000eab00000, 0x00000000ef800000, 0x0000000100000000)
  eden space 29696K, 0% used [0x00000000eab00000,0x00000000eab00000,0x00000000ec800000)
  from space 2048K, 99% used [0x00000000ec800000,0x00000000ec9fb080,0x00000000eca00000)
  to   space 9728K, 0% used [0x00000000eee80000,0x00000000eee80000,0x00000000ef800000)
 ParOldGen       total 38400K, used 17494K [0x00000000c0000000, 0x00000000c2580000, 0x00000000eab00000)
  object space 38400K, 45% used [0x00000000c0000000,0x00000000c1115950,0x00000000c2580000)
 Metaspace       used 6380K, capacity 7224K, committed 7296K, reserved 1056768K
  class space    used 616K, capacity 624K, committed 640K, reserved 1048576K
}
Event: 12.393 GC heap before
{Heap before GC invocations=6 (full 0):
 PSYoungGen      total 31744K, used 31724K [0x00000000eab00000, 0x00000000ef800000, 0x0000000100000000)
  eden space 29696K, 100% used [0x00000000eab00000,0x00000000ec800000,0x00000000ec800000)
  from space 2048K, 99% used [0x00000000ec800000,0x00000000ec9fb080,0x00000000eca00000)
  to   space 9728K, 0% used [0x00000000eee80000,0x00000000eee80000,0x00000000ef800000)
 ParOldGen       total 38400K, used 17494K [0x00000000c0000000, 0x00000000c2580000, 0x00000000eab00000)
  object space 38400K, 45% used [0x00000000c0000000,0x00000000c1115950,0x00000000c2580000)
 Metaspace       used 6445K, capacity 7288K, committed 7552K, reserved 1056768K
  class space    used 616K, capacity 624K, committed 640K, reserved 1048576K
Event: 12.724 GC heap after
Heap after GC invocations=6 (full 0):
 PSYoungGen      total 69120K, used 6450K [0x00000000eab00000, 0x00000000ef800000, 0x0000000100000000)
  eden space 59392K, 0% used [0x00000000eab00000,0x00000000eab00000,0x00000000ee500000)
  from space 9728K, 66% used [0x00000000eee80000,0x00000000ef4cc800,0x00000000ef800000)
  to   space 9728K, 0% used [0x00000000ee500000,0x00000000ee500000,0x00000000eee80000)
 ParOldGen       total 38400K, used 17494K [0x00000000c0000000, 0x00000000c2580000, 0x00000000eab00000)
  object space 38400K, 45% used [0x00000000c0000000,0x00000000c1115950,0x00000000c2580000)
 Metaspace       used 6445K, capacity 7288K, committed 7552K, reserved 1056768K
  class space    used 616K, capacity 624K, committed 640K, reserved 1048576K
}

Deoptimization events (10 events):
Event: 10.885 Thread 0x0000000019183800 Uncommon trap: reason=bimorphic action=maybe_recompile pc=0x0000000005560f54 method=com.android.dx.ssa.LiteralOpUpgrader.tryReplacingWithConstant(Lcom/android/dx/ssa/NormalSsaInsn;)Z @ 62
Event: 10.886 Thread 0x0000000019183800 Uncommon trap: reason=unstable_if action=reinterpret pc=0x0000000005458e30 method=com.android.dx.ssa.LiteralOpUpgrader$1.visitNonMoveInsn(Lcom/android/dx/ssa/NormalSsaInsn;)V @ 24
Event: 10.890 Thread 0x0000000019183800 Uncommon trap: reason=bimorphic action=maybe_recompile pc=0x00000000053ea3fc method=java.util.HashMap.putVal(ILjava/lang/Object;Ljava/lang/Object;ZZ)Ljava/lang/Object; @ 91
Event: 10.890 Thread 0x0000000019183800 Uncommon trap: reason=bimorphic action=maybe_recompile pc=0x00000000053ea3fc method=java.util.HashMap.putVal(ILjava/lang/Object;Ljava/lang/Object;ZZ)Ljava/lang/Object; @ 91
Event: 11.032 Thread 0x0000000004bad800 Uncommon trap: reason=unstable_if action=reinterpret pc=0x000000000543b180 method=java.util.concurrent.ConcurrentHashMap.get(Ljava/lang/Object;)Ljava/lang/Object; @ 127
Event: 11.519 Thread 0x0000000019183800 Uncommon trap: reason=bimorphic action=maybe_recompile pc=0x000000000558039c method=com.android.dx.ssa.SCCP.simulatePhi(Lcom/android/dx/ssa/PhiInsn;)V @ 124
Event: 11.520 Thread 0x0000000019183800 Uncommon trap: reason=bimorphic action=maybe_recompile pc=0x0000000005560f54 method=com.android.dx.ssa.LiteralOpUpgrader.tryReplacingWithConstant(Lcom/android/dx/ssa/NormalSsaInsn;)Z @ 62
Event: 11.533 Thread 0x0000000019193800 Uncommon trap: reason=bimorphic action=maybe_recompile pc=0x000000000558039c method=com.android.dx.ssa.SCCP.simulatePhi(Lcom/android/dx/ssa/PhiInsn;)V @ 124
Event: 11.533 Thread 0x0000000019193800 Uncommon trap: reason=bimorphic action=maybe_recompile pc=0x0000000005576b8c method=com.android.dx.ssa.SCCP.simulatePhi(Lcom/android/dx/ssa/PhiInsn;)V @ 124
Event: 11.543 Thread 0x0000000019193800 Uncommon trap: reason=bimorphic action=maybe_recompile pc=0x000000000558039c method=com.android.dx.ssa.SCCP.simulatePhi(Lcom/android/dx/ssa/PhiInsn;)V @ 124

Internal exceptions (4 events):
Event: 1.128 Thread 0x0000000004bad800 Exception <a 'java/lang/NoSuchMethodError': Method sun.misc.Unsafe.defineClass(Ljava/lang/String;[BII)Ljava/lang/Class; name or signature does not match> (0x00000000eab07ca8) thrown at [C:\re\workspace\8-2-build-windows-amd64-cygwin\jdk8u131\8869\hotspot\
Event: 1.128 Thread 0x0000000004bad800 Exception <a 'java/lang/NoSuchMethodError': Method sun.misc.Unsafe.prefetchRead(Ljava/lang/Object;J)V name or signature does not match> (0x00000000eab07f90) thrown at [C:\re\workspace\8-2-build-windows-amd64-cygwin\jdk8u131\8869\hotspot\src\share\vm\prims
Event: 7.375 Thread 0x0000000004bad800 Implicit null exception at 0x0000000005126713 to 0x0000000005127d15
Event: 8.631 Thread 0x0000000019193800 Implicit null exception at 0x00000000053e679a to 0x00000000053e6897

Events (10 events):
Event: 11.533 Thread 0x0000000019193800 DEOPT PACKING pc=0x000000000558039c sp=0x00000000197dec00
Event: 11.533 Thread 0x0000000019193800 DEOPT UNPACKING pc=0x0000000004df582a sp=0x00000000197deb78 mode 2
Event: 11.533 Thread 0x0000000019193800 Uncommon trap: trap_request=0xffffffc6 fr.pc=0x0000000005576b8c
Event: 11.533 Thread 0x0000000019193800 DEOPT PACKING pc=0x0000000005576b8c sp=0x00000000197dec20
Event: 11.533 Thread 0x0000000019193800 DEOPT UNPACKING pc=0x0000000004df582a sp=0x00000000197debe8 mode 2
Event: 11.543 Thread 0x0000000019193800 Uncommon trap: trap_request=0xffffffc6 fr.pc=0x000000000558039c
Event: 11.543 Thread 0x0000000019193800 DEOPT PACKING pc=0x000000000558039c sp=0x00000000197deb50
Event: 11.543 Thread 0x0000000019193800 DEOPT UNPACKING pc=0x0000000004df582a sp=0x00000000197deac8 mode 2
Event: 12.393 Executing VM operation: ParallelGCFailedAllocation
Event: 12.725 Executing VM operation: ParallelGCFailedAllocation done


Dynamic libraries:
0x00007ff68d0f0000 - 0x00007ff68d127000 	C:\Program Files\Java\jdk1.8.0_131\bin\java.exe
0x00007ffd0cdf0000 - 0x00007ffd0cfd0000 	C:\WINDOWS\SYSTEM32\ntdll.dll
0x00007ffd0cd10000 - 0x00007ffd0cdbe000 	C:\WINDOWS\System32\KERNEL32.DLL
0x00007ffd09c10000 - 0x00007ffd09e76000 	C:\WINDOWS\System32\KERNELBASE.dll
0x00007ffd0a430000 - 0x00007ffd0a4d1000 	C:\WINDOWS\System32\ADVAPI32.dll
0x00007ffd0a390000 - 0x00007ffd0a42d000 	C:\WINDOWS\System32\msvcrt.dll
0x00007ffd0c160000 - 0x00007ffd0c1bb000 	C:\WINDOWS\System32\sechost.dll
0x00007ffd0bf90000 - 0x00007ffd0c0af000 	C:\WINDOWS\System32\RPCRT4.dll
0x00007ffd0cb10000 - 0x00007ffd0cc9f000 	C:\WINDOWS\System32\USER32.dll
0x00007ffd0a000000 - 0x00007ffd0a020000 	C:\WINDOWS\System32\win32u.dll
0x00007ffd0bc50000 - 0x00007ffd0bc78000 	C:\WINDOWS\System32\GDI32.dll
0x00007ffd0a120000 - 0x00007ffd0a2b3000 	C:\WINDOWS\System32\gdi32full.dll
0x00007ffd09e80000 - 0x00007ffd09f1b000 	C:\WINDOWS\System32\msvcp_win.dll
0x00007ffd0a020000 - 0x00007ffd0a116000 	C:\WINDOWS\System32\ucrtbase.dll
0x00007ffcfe0e0000 - 0x00007ffcfe349000 	C:\WINDOWS\WinSxS\amd64_microsoft.windows.common-controls_6595b64144ccf1df_6.0.16299.125_none_15cbcf8893620c09\COMCTL32.dll
0x00007ffd0c7a0000 - 0x00007ffd0caa8000 	C:\WINDOWS\System32\combase.dll
0x00007ffd09f20000 - 0x00007ffd09f92000 	C:\WINDOWS\System32\bcryptPrimitives.dll
0x00007ffd0a360000 - 0x00007ffd0a38d000 	C:\WINDOWS\System32\IMM32.DLL
0x0000000074430000 - 0x0000000074502000 	C:\Program Files\Java\jdk1.8.0_131\jre\bin\msvcr100.dll
0x00000000748c0000 - 0x000000007515c000 	C:\Program Files\Java\jdk1.8.0_131\jre\bin\server\jvm.dll
0x00007ffd0c610000 - 0x00007ffd0c618000 	C:\WINDOWS\System32\PSAPI.DLL
0x00007ffcf2bd0000 - 0x00007ffcf2bd9000 	C:\WINDOWS\SYSTEM32\WSOCK32.dll
0x00007ffd0c620000 - 0x00007ffd0c68c000 	C:\WINDOWS\System32\WS2_32.dll
0x00007ffd06c00000 - 0x00007ffd06c23000 	C:\WINDOWS\SYSTEM32\WINMM.dll
0x00007ffd082b0000 - 0x00007ffd082ba000 	C:\WINDOWS\SYSTEM32\VERSION.dll
0x00007ffd06bd0000 - 0x00007ffd06bfa000 	C:\WINDOWS\SYSTEM32\WINMMBASE.dll
0x00007ffd09bc0000 - 0x00007ffd09c0a000 	C:\WINDOWS\System32\cfgmgr32.dll
0x00000000748b0000 - 0x00000000748bf000 	C:\Program Files\Java\jdk1.8.0_131\jre\bin\verify.dll
0x0000000074880000 - 0x00000000748a9000 	C:\Program Files\Java\jdk1.8.0_131\jre\bin\java.dll
0x0000000074860000 - 0x0000000074876000 	C:\Program Files\Java\jdk1.8.0_131\jre\bin\zip.dll
0x00007ffd0a810000 - 0x00007ffd0bc46000 	C:\WINDOWS\System32\SHELL32.dll
0x00007ffd0c0b0000 - 0x00007ffd0c156000 	C:\WINDOWS\System32\shcore.dll
0x00007ffd091f0000 - 0x00007ffd09937000 	C:\WINDOWS\System32\windows.storage.dll
0x00007ffd0a7b0000 - 0x00007ffd0a801000 	C:\WINDOWS\System32\shlwapi.dll
0x00007ffd09180000 - 0x00007ffd09191000 	C:\WINDOWS\System32\kernel.appcore.dll
0x00007ffd091a0000 - 0x00007ffd091ec000 	C:\WINDOWS\System32\powrprof.dll
0x00007ffd09140000 - 0x00007ffd0915b000 	C:\WINDOWS\System32\profapi.dll

VM Arguments:
jvm_args: -Djava.awt.headless=true -Xmx1024M -Dfile.encoding=windows-1252 -Duser.country=BR -Duser.language=pt -Duser.variant 
java_command: com.android.dx.command.Main --dex --force-jumbo --num-threads=4 --multi-dex --output C:\Users\nosbo\AndroidStudioProjects\HelloWorld\app\build\intermediates\transforms\dex\debug\folders\1000\10\com.android.support-support-compat-24.2.1_34b053515ad1e4aa07b3031bb643c89b188ed7f3 C:\Users\nosbo\AndroidStudioProjects\HelloWorld\app\build\intermediates\exploded-aar\com.android.support\support-compat\24.2.1\jars\classes.jar
java_class_path (initial): C:\Android\sdk\build-tools\27.0.3\lib\dx.jar
Launcher Type: SUN_STANDARD

Environment Variables:
JAVA_HOME=C:\Program Files\Java\jdk1.8.0_131
PATH=C:\ProgramData\Oracle\Java\javapath;C:\Program Files (x86)\Intel\iCLS Client\;C:\Program Files\Intel\iCLS Client\;C:\WINDOWS\system32;C:\WINDOWS;C:\WINDOWS\System32\Wbem;C:\WINDOWS\System32\WindowsPowerShell\v1.0\;C:\Program Files\Microsoft SQL Server\130\Tools\Binn\;C:\Program Files (x86)\Intel\Intel(R) Management Engine Components\DAL;C:\Program Files\Intel\Intel(R) Management Engine Components\DAL;C:\Program Files (x86)\Intel\Intel(R) Management Engine Components\IPT;C:\Program Files\Intel\Intel(R) Management Engine Components\IPT;C:\Program Files\Intel\WiFi\bin\;C:\Program Files\Common Files\Intel\WirelessCommon\;C:\Program Files\Java\jdk1.8.0_131\bin;C:\Users\nosbo\AppData\Local\Programs\Python\Python36-32\Scripts\;C:\Users\nosbo\AppData\Local\Programs\Python\Python36-32\;C:\Users\nosbo\AppData\Local\Microsoft\WindowsApps;C:\Program Files\Intel\WiFi\bin\;C:\Program Files\Common Files\Intel\WirelessCommon\
USERNAME=nosbo
OS=Windows_NT
PROCESSOR_IDENTIFIER=Intel64 Family 6 Model 69 Stepping 1, GenuineIntel



---------------  S Y S T E M  ---------------

OS: Windows 10.0 , 64 bit Build 16299 (10.0.16299.15)

CPU:total 4 (initial active 4) (2 cores per cpu, 2 threads per core) family 6 model 69 stepping 1, cmov, cx8, fxsr, mmx, sse, sse2, sse3, ssse3, sse4.1, sse4.2, popcnt, avx, avx2, aes, clmul, erms, lzcnt, ht, tsc, tscinvbit, bmi1, bmi2

Memory: 4k page, physical 3581036k(271604k free), swap 7775340k(4164k free)

vm_info: Java HotSpot(TM) 64-Bit Server VM (25.131-b11) for windows-amd64 JRE (1.8.0_131-b11), built on Mar 15 2017 01:23:53 by "java_re" with MS VC++ 10.0 (VS2010)

time: Mon Jan 08 21:36:36 2018
elapsed time: 13 seconds (0d 0h 0m 13s)

