#
# There is insufficient memory for the Java Runtime Environment to continue.
# Native memory allocation (malloc) failed to allocate 454736 bytes for Chunk::new
# Possible reasons:
#   The system is out of physical RAM or swap space
#   In 32 bit mode, the process size limit was hit
# Possible solutions:
#   Reduce memory load on the system
#   Increase physical memory or swap space
#   Check if swap backing store is full
#   Use 64 bit Java on a 64 bit OS
#   Decrease Java heap size (-Xmx/-Xms)
#   Decrease number of Java threads
#   Decrease Java thread stack sizes (-Xss)
#   Set larger code cache with -XX:ReservedCodeCacheSize=
# This output file may be truncated or incomplete.
#
#  Out of Memory Error (allocation.cpp:390), pid=7876, tid=0x0000000000002cac
#
# JRE version: Java(TM) SE Runtime Environment (8.0_131-b11) (build 1.8.0_131-b11)
# Java VM: Java HotSpot(TM) 64-Bit Server VM (25.131-b11 mixed mode windows-amd64 compressed oops)
# Failed to write core dump. Minidumps are not enabled by default on client versions of Windows
#

---------------  T H R E A D  ---------------

Current thread (0x00000000171b3800):  JavaThread "C2 CompilerThread0" daemon [_thread_in_native, id=11436, stack(0x0000000018900000,0x0000000018a00000)]

Stack: [0x0000000018900000,0x0000000018a00000]
[error occurred during error reporting (printing stack bounds), id 0xc0000005]

Native frames: (J=compiled Java code, j=interpreted, Vv=VM code, C=native code)


Current CompileTask:
C2:   3548  799   !   4       com.android.dx.cf.code.BytecodeArray::parseInstruction (2796 bytes)


---------------  P R O C E S S  ---------------

Java Threads: ( => current thread )
  0x0000000018c52000 JavaThread "pool-2-thread-4" [_thread_in_vm, id=7504, stack(0x0000000019600000,0x0000000019700000)]
  0x0000000018e1b000 JavaThread "pool-2-thread-3" [_thread_in_Java, id=7816, stack(0x0000000019500000,0x0000000019600000)]
  0x0000000018c50000 JavaThread "pool-2-thread-2" [_thread_blocked, id=6344, stack(0x0000000019400000,0x0000000019500000)]
  0x0000000018c3b000 JavaThread "pool-3-thread-1" [_thread_blocked, id=1996, stack(0x0000000019300000,0x0000000019400000)]
  0x0000000018c3a800 JavaThread "pool-2-thread-1" [_thread_in_Java, id=8480, stack(0x0000000019200000,0x0000000019300000)]
  0x0000000018b04800 JavaThread "Service Thread" daemon [_thread_blocked, id=9360, stack(0x0000000019000000,0x0000000019100000)]
  0x000000001720d800 JavaThread "C1 CompilerThread2" daemon [_thread_in_native, id=11804, stack(0x0000000018f00000,0x0000000019000000)]
  0x00000000171ff000 JavaThread "C2 CompilerThread1" daemon [_thread_blocked, id=7976, stack(0x0000000018a00000,0x0000000018b00000)]
=>0x00000000171b3800 JavaThread "C2 CompilerThread0" daemon [_thread_in_native, id=11436, stack(0x0000000018900000,0x0000000018a00000)]
  0x00000000171b0800 JavaThread "Attach Listener" daemon [_thread_blocked, id=1172, stack(0x0000000018800000,0x0000000018900000)]
  0x00000000171af000 JavaThread "Signal Dispatcher" daemon [_thread_blocked, id=4068, stack(0x0000000018700000,0x0000000018800000)]
  0x000000001719a000 JavaThread "Finalizer" daemon [_thread_blocked, id=7296, stack(0x0000000018400000,0x0000000018500000)]
  0x0000000017179000 JavaThread "Reference Handler" daemon [_thread_blocked, id=8916, stack(0x0000000018300000,0x0000000018400000)]
  0x00000000049e3000 JavaThread "main" [_thread_blocked, id=8504, stack(0x0000000004760000,0x0000000004860000)]

Other Threads:
  0x0000000017177800 VMThread [stack: 0x0000000018200000,0x0000000018300000] [id=10832]
  0x0000000018b20800 WatcherThread [stack: 0x0000000019100000,0x0000000019200000] [id=8996]

VM state:not at safepoint (normal execution)

VM Mutex/Monitor currently owned by a thread: None

Heap:
 PSYoungGen      total 16896K, used 5461K [0x00000000eab00000, 0x00000000ebd80000, 0x0000000100000000)
  eden space 14848K, 23% used [0x00000000eab00000,0x00000000eae58dd8,0x00000000eb980000)
  from space 2048K, 99% used [0x00000000eb980000,0x00000000ebb7c9d8,0x00000000ebb80000)
  to   space 2048K, 0% used [0x00000000ebb80000,0x00000000ebb80000,0x00000000ebd80000)
 ParOldGen       total 38400K, used 2580K [0x00000000c0000000, 0x00000000c2580000, 0x00000000eab00000)
  object space 38400K, 6% used [0x00000000c0000000,0x00000000c02851e0,0x00000000c2580000)
 Metaspace       used 5844K, capacity 6836K, committed 7040K, reserved 1056768K
  class space    used 601K, capacity 620K, committed 640K, reserved 1048576K

Card table byte_map: [0x0000000013ea0000,0x00000000140b0000] byte_map_base: 0x00000000138a0000

Marking Bits: (ParMarkBitMap*) 0x00000000750dc720
 Begin Bits: [0x0000000014610000, 0x0000000015610000)
 End Bits:   [0x0000000015610000, 0x0000000016610000)

Polling page: 0x0000000004860000

CodeCache: size=245760Kb used=3845Kb max_used=3845Kb free=241914Kb
 bounds [0x0000000004ae0000, 0x0000000004eb0000, 0x0000000013ae0000]
 total_blobs=1168 nmethods=903 adapters=176
 compilation: enabled

Compilation events (10 events):
Event: 3.526 Thread 0x000000001720d800 nmethod 907 0x0000000004e83d10 code [0x0000000004e83e60, 0x0000000004e840b0]
Event: 3.526 Thread 0x000000001720d800  898       3       com.android.dx.cf.code.Simulator$SimVisitor::visitNoArgs (2136 bytes)
Event: 3.536 Thread 0x00000000171ff000 nmethod 892 0x0000000004e872d0 code [0x0000000004e87440, 0x0000000004e87998]
Event: 3.536 Thread 0x00000000171ff000  879       4       java.lang.AbstractStringBuilder::append (50 bytes)
Event: 3.540 Thread 0x000000001720d800 nmethod 898 0x0000000004e87f50 code [0x0000000004e88e40, 0x0000000004e94b48]
Event: 3.540 Thread 0x000000001720d800  911       3       com.android.dx.ssa.SsaMethod::forEachInsn (36 bytes)
Event: 3.541 Thread 0x000000001720d800 nmethod 911 0x0000000004e866d0 code [0x0000000004e868a0, 0x0000000004e86f58]
Event: 3.541 Thread 0x000000001720d800  926       1       com.android.dx.rop.cst.CstString::getType (4 bytes)
Event: 3.541 Thread 0x000000001720d800 nmethod 926 0x0000000004e86410 code [0x0000000004e86560, 0x0000000004e86670]
Event: 3.541 Thread 0x000000001720d800  919       3       com.android.dx.rop.code.LocalVariableExtractor::processBlock (327 bytes)

GC Heap History (2 events):
Event: 2.950 GC heap before
{Heap before GC invocations=1 (full 0):
 PSYoungGen      total 16896K, used 14848K [0x00000000eab00000, 0x00000000ebd80000, 0x0000000100000000)
  eden space 14848K, 100% used [0x00000000eab00000,0x00000000eb980000,0x00000000eb980000)
  from space 2048K, 0% used [0x00000000ebb80000,0x00000000ebb80000,0x00000000ebd80000)
  to   space 2048K, 0% used [0x00000000eb980000,0x00000000eb980000,0x00000000ebb80000)
 ParOldGen       total 38400K, used 0K [0x00000000c0000000, 0x00000000c2580000, 0x00000000eab00000)
  object space 38400K, 0% used [0x00000000c0000000,0x00000000c0000000,0x00000000c2580000)
 Metaspace       used 5750K, capacity 6770K, committed 7040K, reserved 1056768K
  class space    used 599K, capacity 618K, committed 640K, reserved 1048576K
Event: 3.238 GC heap after
Heap after GC invocations=1 (full 0):
 PSYoungGen      total 16896K, used 2034K [0x00000000eab00000, 0x00000000ebd80000, 0x0000000100000000)
  eden space 14848K, 0% used [0x00000000eab00000,0x00000000eab00000,0x00000000eb980000)
  from space 2048K, 99% used [0x00000000eb980000,0x00000000ebb7c9d8,0x00000000ebb80000)
  to   space 2048K, 0% used [0x00000000ebb80000,0x00000000ebb80000,0x00000000ebd80000)
 ParOldGen       total 38400K, used 2580K [0x00000000c0000000, 0x00000000c2580000, 0x00000000eab00000)
  object space 38400K, 6% used [0x00000000c0000000,0x00000000c02851e0,0x00000000c2580000)
 Metaspace       used 5750K, capacity 6770K, committed 7040K, reserved 1056768K
  class space    used 599K, capacity 618K, committed 640K, reserved 1048576K
}

Deoptimization events (1 events):
Event: 2.086 Thread 0x0000000018c52000 Uncommon trap: reason=unstable_if action=reinterpret pc=0x0000000004cf98c0 method=java.util.HashMap.getNode(ILjava/lang/Object;)Ljava/util/HashMap$Node; @ 62

Internal exceptions (2 events):
Event: 0.269 Thread 0x00000000049e3000 Exception <a 'java/lang/NoSuchMethodError': Method sun.misc.Unsafe.defineClass(Ljava/lang/String;[BII)Ljava/lang/Class; name or signature does not match> (0x00000000eab07ca8) thrown at [C:\re\workspace\8-2-build-windows-amd64-cygwin\jdk8u131\8869\hotspot\
Event: 0.269 Thread 0x00000000049e3000 Exception <a 'java/lang/NoSuchMethodError': Method sun.misc.Unsafe.prefetchRead(Ljava/lang/Object;J)V name or signature does not match> (0x00000000eab07f90) thrown at [C:\re\workspace\8-2-build-windows-amd64-cygwin\jdk8u131\8869\hotspot\src\share\vm\prims

Events (10 events):
Event: 3.309 Thread 0x0000000018e1b000 DEOPT PACKING pc=0x0000000004d60362 sp=0x00000000195fe8c0
Event: 3.309 Thread 0x0000000018e1b000 DEOPT UNPACKING pc=0x0000000004b2787f sp=0x00000000195fe628 mode 0
Event: 3.334 Thread 0x0000000018e1b000 DEOPT PACKING pc=0x0000000004d639ca sp=0x00000000195fe9a0
Event: 3.334 Thread 0x0000000018e1b000 DEOPT UNPACKING pc=0x0000000004b2787f sp=0x00000000195fe708 mode 0
Event: 3.339 Thread 0x0000000018e1b000 DEOPT PACKING pc=0x0000000004d60362 sp=0x00000000195fe8c0
Event: 3.339 Thread 0x0000000018e1b000 DEOPT UNPACKING pc=0x0000000004b2787f sp=0x00000000195fe628 mode 0
Event: 3.497 loading class java/util/HashMap$KeySet
Event: 3.497 loading class java/util/HashMap$KeySet done
Event: 3.498 loading class java/util/HashMap$KeyIterator
Event: 3.498 loading class java/util/HashMap$KeyIterator done


Dynamic libraries:
0x00007ff68d0f0000 - 0x00007ff68d127000 	C:\Program Files\Java\jdk1.8.0_131\bin\java.exe
0x00007ffd0cdf0000 - 0x00007ffd0cfd0000 	C:\WINDOWS\SYSTEM32\ntdll.dll
0x00007ffd0cd10000 - 0x00007ffd0cdbe000 	C:\WINDOWS\System32\KERNEL32.DLL
0x00007ffd09c10000 - 0x00007ffd09e76000 	C:\WINDOWS\System32\KERNELBASE.dll
0x00007ffd0a430000 - 0x00007ffd0a4d1000 	C:\WINDOWS\System32\ADVAPI32.dll
0x00007ffd0a390000 - 0x00007ffd0a42d000 	C:\WINDOWS\System32\msvcrt.dll
0x00007ffd0c160000 - 0x00007ffd0c1bb000 	C:\WINDOWS\System32\sechost.dll
0x00007ffd0bf90000 - 0x00007ffd0c0af000 	C:\WINDOWS\System32\RPCRT4.dll
0x00007ffd0cb10000 - 0x00007ffd0cc9f000 	C:\WINDOWS\System32\USER32.dll
0x00007ffd0a000000 - 0x00007ffd0a020000 	C:\WINDOWS\System32\win32u.dll
0x00007ffd0bc50000 - 0x00007ffd0bc78000 	C:\WINDOWS\System32\GDI32.dll
0x00007ffd0a120000 - 0x00007ffd0a2b3000 	C:\WINDOWS\System32\gdi32full.dll
0x00007ffd09e80000 - 0x00007ffd09f1b000 	C:\WINDOWS\System32\msvcp_win.dll
0x00007ffd0a020000 - 0x00007ffd0a116000 	C:\WINDOWS\System32\ucrtbase.dll
0x00007ffcfe0e0000 - 0x00007ffcfe349000 	C:\WINDOWS\WinSxS\amd64_microsoft.windows.common-controls_6595b64144ccf1df_6.0.16299.125_none_15cbcf8893620c09\COMCTL32.dll
0x00007ffd0c7a0000 - 0x00007ffd0caa8000 	C:\WINDOWS\System32\combase.dll
0x00007ffd09f20000 - 0x00007ffd09f92000 	C:\WINDOWS\System32\bcryptPrimitives.dll
0x00007ffd0a360000 - 0x00007ffd0a38d000 	C:\WINDOWS\System32\IMM32.DLL
0x0000000074430000 - 0x0000000074502000 	C:\Program Files\Java\jdk1.8.0_131\jre\bin\msvcr100.dll
0x00000000748c0000 - 0x000000007515c000 	C:\Program Files\Java\jdk1.8.0_131\jre\bin\server\jvm.dll
0x00007ffd0c610000 - 0x00007ffd0c618000 	C:\WINDOWS\System32\PSAPI.DLL
0x00007ffcf2bd0000 - 0x00007ffcf2bd9000 	C:\WINDOWS\SYSTEM32\WSOCK32.dll
0x00007ffd0c620000 - 0x00007ffd0c68c000 	C:\WINDOWS\System32\WS2_32.dll
0x00007ffd06c00000 - 0x00007ffd06c23000 	C:\WINDOWS\SYSTEM32\WINMM.dll
0x00007ffd082b0000 - 0x00007ffd082ba000 	C:\WINDOWS\SYSTEM32\VERSION.dll
0x00007ffd06bd0000 - 0x00007ffd06bfa000 	C:\WINDOWS\SYSTEM32\WINMMBASE.dll
0x00007ffd09bc0000 - 0x00007ffd09c0a000 	C:\WINDOWS\System32\cfgmgr32.dll
0x00000000748b0000 - 0x00000000748bf000 	C:\Program Files\Java\jdk1.8.0_131\jre\bin\verify.dll
0x0000000074880000 - 0x00000000748a9000 	C:\Program Files\Java\jdk1.8.0_131\jre\bin\java.dll
0x0000000074860000 - 0x0000000074876000 	C:\Program Files\Java\jdk1.8.0_131\jre\bin\zip.dll
0x00007ffd0a810000 - 0x00007ffd0bc46000 	C:\WINDOWS\System32\SHELL32.dll
0x00007ffd0c0b0000 - 0x00007ffd0c156000 	C:\WINDOWS\System32\shcore.dll
0x00007ffd091f0000 - 0x00007ffd09937000 	C:\WINDOWS\System32\windows.storage.dll
0x00007ffd0a7b0000 - 0x00007ffd0a801000 	C:\WINDOWS\System32\shlwapi.dll
0x00007ffd09180000 - 0x00007ffd09191000 	C:\WINDOWS\System32\kernel.appcore.dll
0x00007ffd091a0000 - 0x00007ffd091ec000 	C:\WINDOWS\System32\powrprof.dll
0x00007ffd09140000 - 0x00007ffd0915b000 	C:\WINDOWS\System32\profapi.dll

VM Arguments:
jvm_args: -Djava.awt.headless=true -Xmx1024M -Dfile.encoding=windows-1252 -Duser.country=BR -Duser.language=pt -Duser.variant 
java_command: com.android.dx.command.Main --dex --force-jumbo --num-threads=4 --multi-dex --output C:\Users\nosbo\AndroidStudioProjects\HelloWorld\app\build\intermediates\transforms\dex\debug\folders\1000\5\slice_8 C:\Users\nosbo\AndroidStudioProjects\HelloWorld\app\build\intermediates\transforms\instantRunSlicer\debug\folders\1\5\slice_8
java_class_path (initial): C:\Android\sdk\build-tools\27.0.3\lib\dx.jar
Launcher Type: SUN_STANDARD

Environment Variables:
JAVA_HOME=C:\Program Files\Java\jdk1.8.0_131
PATH=C:\ProgramData\Oracle\Java\javapath;C:\Program Files (x86)\Intel\iCLS Client\;C:\Program Files\Intel\iCLS Client\;C:\WINDOWS\system32;C:\WINDOWS;C:\WINDOWS\System32\Wbem;C:\WINDOWS\System32\WindowsPowerShell\v1.0\;C:\Program Files\Microsoft SQL Server\130\Tools\Binn\;C:\Program Files (x86)\Intel\Intel(R) Management Engine Components\DAL;C:\Program Files\Intel\Intel(R) Management Engine Components\DAL;C:\Program Files (x86)\Intel\Intel(R) Management Engine Components\IPT;C:\Program Files\Intel\Intel(R) Management Engine Components\IPT;C:\Program Files\Intel\WiFi\bin\;C:\Program Files\Common Files\Intel\WirelessCommon\;C:\Program Files\Java\jdk1.8.0_131\bin;C:\Users\nosbo\AppData\Local\Programs\Python\Python36-32\Scripts\;C:\Users\nosbo\AppData\Local\Programs\Python\Python36-32\;C:\Users\nosbo\AppData\Local\Microsoft\WindowsApps;C:\Program Files\Intel\WiFi\bin\;C:\Program Files\Common Files\Intel\WirelessCommon\
USERNAME=nosbo
OS=Windows_NT
PROCESSOR_IDENTIFIER=Intel64 Family 6 Model 69 Stepping 1, GenuineIntel



---------------  S Y S T E M  ---------------

OS: Windows 10.0 , 64 bit Build 16299 (10.0.16299.15)

CPU:total 4 (initial active 4) (2 cores per cpu, 2 threads per core) family 6 model 69 stepping 1, cmov, cx8, fxsr, mmx, sse, sse2, sse3, ssse3, sse4.1, sse4.2, popcnt, avx, avx2, aes, clmul, erms, lzcnt, ht, tsc, tscinvbit, bmi1, bmi2

Memory: 4k page, physical 3581036k(207416k free), swap 7775340k(2528k free)

vm_info: Java HotSpot(TM) 64-Bit Server VM (25.131-b11) for windows-amd64 JRE (1.8.0_131-b11), built on Mar 15 2017 01:23:53 by "java_re" with MS VC++ 10.0 (VS2010)

time: Mon Jan 08 21:47:01 2018
elapsed time: 3 seconds (0d 0h 0m 3s)

