#
# There is insufficient memory for the Java Runtime Environment to continue.
# Native memory allocation (malloc) failed to allocate 44848 bytes for Chunk::new
# Possible reasons:
#   The system is out of physical RAM or swap space
#   In 32 bit mode, the process size limit was hit
# Possible solutions:
#   Reduce memory load on the system
#   Increase physical memory or swap space
#   Check if swap backing store is full
#   Use 64 bit Java on a 64 bit OS
#   Decrease Java heap size (-Xmx/-Xms)
#   Decrease number of Java threads
#   Decrease Java thread stack sizes (-Xss)
#   Set larger code cache with -XX:ReservedCodeCacheSize=
# This output file may be truncated or incomplete.
#
#  Out of Memory Error (allocation.cpp:390), pid=228, tid=0x0000000000000328
#
# JRE version: Java(TM) SE Runtime Environment (8.0_131-b11) (build 1.8.0_131-b11)
# Java VM: Java HotSpot(TM) 64-Bit Server VM (25.131-b11 mixed mode windows-amd64 compressed oops)
# Failed to write core dump. Minidumps are not enabled by default on client versions of Windows
#

---------------  T H R E A D  ---------------

Current thread (0x00000000173d0800):  JavaThread "C2 CompilerThread1" daemon [_thread_in_native, id=808, stack(0x0000000018c30000,0x0000000018d30000)]

Stack: [0x0000000018c30000,0x0000000018d30000]
[error occurred during error reporting (printing stack bounds), id 0xc0000005]

Native frames: (J=compiled Java code, j=interpreted, Vv=VM code, C=native code)


Current CompileTask:
C2:   4307 1000       4       com.android.dx.ssa.back.LivenessAnalyzer::handleTailRecursion (94 bytes)


---------------  P R O C E S S  ---------------

Java Threads: ( => current thread )
  0x0000000019140800 JavaThread "pool-2-thread-4" [_thread_in_Java, id=6976, stack(0x0000000019830000,0x0000000019930000)]
  0x0000000019148800 JavaThread "pool-2-thread-3" [_thread_in_Java, id=8176, stack(0x0000000019730000,0x0000000019830000)]
  0x000000001913f800 JavaThread "pool-2-thread-2" [_thread_in_Java, id=12000, stack(0x0000000019630000,0x0000000019730000)]
  0x0000000019001000 JavaThread "pool-3-thread-1" [_thread_blocked, id=4588, stack(0x0000000019530000,0x0000000019630000)]
  0x0000000018ffc800 JavaThread "pool-2-thread-1" [_thread_blocked, id=12088, stack(0x0000000019430000,0x0000000019530000)]
  0x0000000018e33000 JavaThread "Service Thread" daemon [_thread_blocked, id=1156, stack(0x0000000019230000,0x0000000019330000)]
  0x00000000173d4000 JavaThread "C1 CompilerThread2" daemon [_thread_in_native, id=9864, stack(0x0000000018d30000,0x0000000018e30000)]
=>0x00000000173d0800 JavaThread "C2 CompilerThread1" daemon [_thread_in_native, id=808, stack(0x0000000018c30000,0x0000000018d30000)]
  0x00000000173cb000 JavaThread "C2 CompilerThread0" daemon [_thread_in_native, id=8564, stack(0x0000000018b30000,0x0000000018c30000)]
  0x00000000173d7800 JavaThread "Attach Listener" daemon [_thread_blocked, id=6420, stack(0x0000000018a30000,0x0000000018b30000)]
  0x00000000173d6800 JavaThread "Signal Dispatcher" daemon [_thread_blocked, id=9556, stack(0x0000000018930000,0x0000000018a30000)]
  0x00000000173ba000 JavaThread "Finalizer" daemon [_thread_blocked, id=11804, stack(0x0000000018630000,0x0000000018730000)]
  0x0000000017399000 JavaThread "Reference Handler" daemon [_thread_blocked, id=11520, stack(0x0000000018530000,0x0000000018630000)]
  0x0000000004afe000 JavaThread "main" [_thread_blocked, id=1516, stack(0x0000000004960000,0x0000000004a60000)]

Other Threads:
  0x0000000017397800 VMThread [stack: 0x0000000018430000,0x0000000018530000] [id=3772]
  0x0000000018e3a800 WatcherThread [stack: 0x0000000019330000,0x0000000019430000] [id=2068]

VM state:not at safepoint (normal execution)

VM Mutex/Monitor currently owned by a thread: None

Heap:
 PSYoungGen      total 16896K, used 9517K [0x00000000eab00000, 0x00000000ecc00000, 0x0000000100000000)
  eden space 14848K, 50% used [0x00000000eab00000,0x00000000eb24e9b8,0x00000000eb980000)
  from space 2048K, 99% used [0x00000000eb980000,0x00000000ebb7cc68,0x00000000ebb80000)
  to   space 2048K, 0% used [0x00000000eca00000,0x00000000eca00000,0x00000000ecc00000)
 ParOldGen       total 38400K, used 2946K [0x00000000c0000000, 0x00000000c2580000, 0x00000000eab00000)
  object space 38400K, 7% used [0x00000000c0000000,0x00000000c02e0aa0,0x00000000c2580000)
 Metaspace       used 5990K, capacity 6904K, committed 7040K, reserved 1056768K
  class space    used 615K, capacity 624K, committed 640K, reserved 1048576K

Card table byte_map: [0x00000000140c0000,0x00000000142d0000] byte_map_base: 0x0000000013ac0000

Marking Bits: (ParMarkBitMap*) 0x00000000750dc720
 Begin Bits: [0x0000000014830000, 0x0000000015830000)
 End Bits:   [0x0000000015830000, 0x0000000016830000)

Polling page: 0x0000000003110000

CodeCache: size=245760Kb used=4151Kb max_used=4156Kb free=241608Kb
 bounds [0x0000000004d00000, 0x0000000005120000, 0x0000000013d00000]
 total_blobs=1240 nmethods=975 adapters=178
 compilation: enabled

Compilation events (10 events):
Event: 4.300 Thread 0x00000000173d4000 nmethod 1010 0x000000000510ec10 code [0x000000000510ed60, 0x000000000510ee70]
Event: 4.300 Thread 0x00000000173d4000 1020       1       com.android.dx.rop.cst.CstInteger::getType (4 bytes)
Event: 4.300 Thread 0x00000000173d4000 nmethod 1020 0x000000000510e950 code [0x000000000510eaa0, 0x000000000510ebb0]
Event: 4.300 Thread 0x00000000173d4000  998       3       com.android.dx.rop.code.RegisterSpecSet::size (49 bytes)
Event: 4.300 Thread 0x00000000173d4000 nmethod 998 0x000000000510e450 code [0x000000000510e5c0, 0x000000000510e850]
Event: 4.300 Thread 0x00000000173d4000 1001       3       java.util.TreeMap::successor (66 bytes)
Event: 4.301 Thread 0x00000000173d4000 nmethod 1001 0x000000000510ddd0 code [0x000000000510df60, 0x000000000510e2d0]
Event: 4.301 Thread 0x00000000173d4000 1009       3       com.android.dx.ssa.InterferenceRegisterMapper::addInterfence (62 bytes)
Event: 4.301 Thread 0x00000000173cb000 nmethod 999 0x00000000050fb250 code [0x00000000050fb380, 0x00000000050fb438]
Event: 4.302 Thread 0x00000000173cb000 1023       4       com.android.dx.ssa.NormalSsaInsn::getLocalAssignment (54 bytes)

GC Heap History (2 events):
Event: 3.579 GC heap before
{Heap before GC invocations=1 (full 0):
 PSYoungGen      total 16896K, used 14848K [0x00000000eab00000, 0x00000000ebd80000, 0x0000000100000000)
  eden space 14848K, 100% used [0x00000000eab00000,0x00000000eb980000,0x00000000eb980000)
  from space 2048K, 0% used [0x00000000ebb80000,0x00000000ebb80000,0x00000000ebd80000)
  to   space 2048K, 0% used [0x00000000eb980000,0x00000000eb980000,0x00000000ebb80000)
 ParOldGen       total 38400K, used 0K [0x00000000c0000000, 0x00000000c2580000, 0x00000000eab00000)
  object space 38400K, 0% used [0x00000000c0000000,0x00000000c0000000,0x00000000c2580000)
 Metaspace       used 5832K, capacity 6838K, committed 7040K, reserved 1056768K
  class space    used 613K, capacity 622K, committed 640K, reserved 1048576K
Event: 3.665 GC heap after
Heap after GC invocations=1 (full 0):
 PSYoungGen      total 16896K, used 2035K [0x00000000eab00000, 0x00000000ecc00000, 0x0000000100000000)
  eden space 14848K, 0% used [0x00000000eab00000,0x00000000eab00000,0x00000000eb980000)
  from space 2048K, 99% used [0x00000000eb980000,0x00000000ebb7cc68,0x00000000ebb80000)
  to   space 2048K, 0% used [0x00000000eca00000,0x00000000eca00000,0x00000000ecc00000)
 ParOldGen       total 38400K, used 2946K [0x00000000c0000000, 0x00000000c2580000, 0x00000000eab00000)
  object space 38400K, 7% used [0x00000000c0000000,0x00000000c02e0aa0,0x00000000c2580000)
 Metaspace       used 5832K, capacity 6838K, committed 7040K, reserved 1056768K
  class space    used 613K, capacity 622K, committed 640K, reserved 1048576K
}

Deoptimization events (5 events):
Event: 3.172 Thread 0x0000000019140800 Uncommon trap: reason=unstable_if action=reinterpret pc=0x0000000004f9025c method=java.util.HashMap.getNode(ILjava/lang/Object;)Ljava/util/HashMap$Node; @ 62
Event: 3.753 Thread 0x0000000004afe000 Uncommon trap: reason=class_check action=maybe_recompile pc=0x0000000004ff5c70 method=com.android.dx.ssa.NormalSsaInsn.accept(Lcom/android/dx/ssa/SsaInsn$Visitor;)V @ 9
Event: 3.753 Thread 0x0000000004afe000 Uncommon trap: reason=class_check action=maybe_recompile pc=0x0000000004ff5c70 method=com.android.dx.ssa.NormalSsaInsn.accept(Lcom/android/dx/ssa/SsaInsn$Visitor;)V @ 9
Event: 3.753 Thread 0x0000000004afe000 Uncommon trap: reason=class_check action=maybe_recompile pc=0x0000000004ff5c70 method=com.android.dx.ssa.NormalSsaInsn.accept(Lcom/android/dx/ssa/SsaInsn$Visitor;)V @ 9
Event: 3.753 Thread 0x0000000004afe000 Uncommon trap: reason=class_check action=maybe_recompile pc=0x0000000004ff5c70 method=com.android.dx.ssa.NormalSsaInsn.accept(Lcom/android/dx/ssa/SsaInsn$Visitor;)V @ 9

Internal exceptions (2 events):
Event: 0.306 Thread 0x0000000004afe000 Exception <a 'java/lang/NoSuchMethodError': Method sun.misc.Unsafe.defineClass(Ljava/lang/String;[BII)Ljava/lang/Class; name or signature does not match> (0x00000000eab07ca8) thrown at [C:\re\workspace\8-2-build-windows-amd64-cygwin\jdk8u131\8869\hotspot\
Event: 0.306 Thread 0x0000000004afe000 Exception <a 'java/lang/NoSuchMethodError': Method sun.misc.Unsafe.prefetchRead(Ljava/lang/Object;J)V name or signature does not match> (0x00000000eab07f90) thrown at [C:\re\workspace\8-2-build-windows-amd64-cygwin\jdk8u131\8869\hotspot\src\share\vm\prims

Events (10 events):
Event: 3.753 Thread 0x0000000004afe000 DEOPT UNPACKING pc=0x0000000004d4582a sp=0x0000000004a5e550 mode 2
Event: 3.753 Thread 0x0000000004afe000 Uncommon trap: trap_request=0xffffffde fr.pc=0x0000000004ff5c70
Event: 3.753 Thread 0x0000000004afe000 DEOPT PACKING pc=0x0000000004ff5c70 sp=0x0000000004a5e5c0
Event: 3.753 Thread 0x0000000004afe000 DEOPT UNPACKING pc=0x0000000004d4582a sp=0x0000000004a5e550 mode 2
Event: 3.753 Thread 0x0000000004afe000 Uncommon trap: trap_request=0xffffffde fr.pc=0x0000000004ff5c70
Event: 3.753 Thread 0x0000000004afe000 DEOPT PACKING pc=0x0000000004ff5c70 sp=0x0000000004a5e5c0
Event: 3.753 Thread 0x0000000004afe000 DEOPT UNPACKING pc=0x0000000004d4582a sp=0x0000000004a5e550 mode 2
Event: 3.753 Thread 0x0000000004afe000 Uncommon trap: trap_request=0xffffffde fr.pc=0x0000000004ff5c70
Event: 3.753 Thread 0x0000000004afe000 DEOPT PACKING pc=0x0000000004ff5c70 sp=0x0000000004a5e5c0
Event: 3.753 Thread 0x0000000004afe000 DEOPT UNPACKING pc=0x0000000004d4582a sp=0x0000000004a5e550 mode 2


Dynamic libraries:
0x00007ff68d0f0000 - 0x00007ff68d127000 	C:\Program Files\Java\jdk1.8.0_131\bin\java.exe
0x00007ffd0cdf0000 - 0x00007ffd0cfd0000 	C:\WINDOWS\SYSTEM32\ntdll.dll
0x00007ffd0cd10000 - 0x00007ffd0cdbe000 	C:\WINDOWS\System32\KERNEL32.DLL
0x00007ffd09c10000 - 0x00007ffd09e76000 	C:\WINDOWS\System32\KERNELBASE.dll
0x00007ffd0a430000 - 0x00007ffd0a4d1000 	C:\WINDOWS\System32\ADVAPI32.dll
0x00007ffd0a390000 - 0x00007ffd0a42d000 	C:\WINDOWS\System32\msvcrt.dll
0x00007ffd0c160000 - 0x00007ffd0c1bb000 	C:\WINDOWS\System32\sechost.dll
0x00007ffd0bf90000 - 0x00007ffd0c0af000 	C:\WINDOWS\System32\RPCRT4.dll
0x00007ffd0cb10000 - 0x00007ffd0cc9f000 	C:\WINDOWS\System32\USER32.dll
0x00007ffd0a000000 - 0x00007ffd0a020000 	C:\WINDOWS\System32\win32u.dll
0x00007ffd0bc50000 - 0x00007ffd0bc78000 	C:\WINDOWS\System32\GDI32.dll
0x00007ffd0a120000 - 0x00007ffd0a2b3000 	C:\WINDOWS\System32\gdi32full.dll
0x00007ffd09e80000 - 0x00007ffd09f1b000 	C:\WINDOWS\System32\msvcp_win.dll
0x00007ffd0a020000 - 0x00007ffd0a116000 	C:\WINDOWS\System32\ucrtbase.dll
0x00007ffcfe0e0000 - 0x00007ffcfe349000 	C:\WINDOWS\WinSxS\amd64_microsoft.windows.common-controls_6595b64144ccf1df_6.0.16299.125_none_15cbcf8893620c09\COMCTL32.dll
0x00007ffd0c7a0000 - 0x00007ffd0caa8000 	C:\WINDOWS\System32\combase.dll
0x00007ffd09f20000 - 0x00007ffd09f92000 	C:\WINDOWS\System32\bcryptPrimitives.dll
0x00007ffd0a360000 - 0x00007ffd0a38d000 	C:\WINDOWS\System32\IMM32.DLL
0x0000000074430000 - 0x0000000074502000 	C:\Program Files\Java\jdk1.8.0_131\jre\bin\msvcr100.dll
0x00000000748c0000 - 0x000000007515c000 	C:\Program Files\Java\jdk1.8.0_131\jre\bin\server\jvm.dll
0x00007ffd0c610000 - 0x00007ffd0c618000 	C:\WINDOWS\System32\PSAPI.DLL
0x00007ffcf2bd0000 - 0x00007ffcf2bd9000 	C:\WINDOWS\SYSTEM32\WSOCK32.dll
0x00007ffd0c620000 - 0x00007ffd0c68c000 	C:\WINDOWS\System32\WS2_32.dll
0x00007ffd06c00000 - 0x00007ffd06c23000 	C:\WINDOWS\SYSTEM32\WINMM.dll
0x00007ffd082b0000 - 0x00007ffd082ba000 	C:\WINDOWS\SYSTEM32\VERSION.dll
0x00007ffd06bd0000 - 0x00007ffd06bfa000 	C:\WINDOWS\SYSTEM32\WINMMBASE.dll
0x00007ffd09bc0000 - 0x00007ffd09c0a000 	C:\WINDOWS\System32\cfgmgr32.dll
0x00000000748b0000 - 0x00000000748bf000 	C:\Program Files\Java\jdk1.8.0_131\jre\bin\verify.dll
0x0000000074880000 - 0x00000000748a9000 	C:\Program Files\Java\jdk1.8.0_131\jre\bin\java.dll
0x0000000074860000 - 0x0000000074876000 	C:\Program Files\Java\jdk1.8.0_131\jre\bin\zip.dll
0x00007ffd0a810000 - 0x00007ffd0bc46000 	C:\WINDOWS\System32\SHELL32.dll
0x00007ffd0c0b0000 - 0x00007ffd0c156000 	C:\WINDOWS\System32\shcore.dll
0x00007ffd091f0000 - 0x00007ffd09937000 	C:\WINDOWS\System32\windows.storage.dll
0x00007ffd0a7b0000 - 0x00007ffd0a801000 	C:\WINDOWS\System32\shlwapi.dll
0x00007ffd09180000 - 0x00007ffd09191000 	C:\WINDOWS\System32\kernel.appcore.dll
0x00007ffd091a0000 - 0x00007ffd091ec000 	C:\WINDOWS\System32\powrprof.dll
0x00007ffd09140000 - 0x00007ffd0915b000 	C:\WINDOWS\System32\profapi.dll

VM Arguments:
jvm_args: -Djava.awt.headless=true -Xmx1024M -Dfile.encoding=windows-1252 -Duser.country=BR -Duser.language=pt -Duser.variant 
java_command: com.android.dx.command.Main --dex --force-jumbo --num-threads=4 --multi-dex --output C:\Users\nosbo\AndroidStudioProjects\HelloWorld\app\build\intermediates\transforms\dex\debug\folders\1000\10\com.android.support-support-fragment-24.2.1_f3c1ab46f129a07f3aa3834510ba6b752879fe16 C:\Users\nosbo\AndroidStudioProjects\HelloWorld\app\build\intermediates\exploded-aar\com.android.support\support-fragment\24.2.1\jars\classes.jar
java_class_path (initial): C:\Android\sdk\build-tools\27.0.3\lib\dx.jar
Launcher Type: SUN_STANDARD

Environment Variables:
JAVA_HOME=C:\Program Files\Java\jdk1.8.0_131
PATH=C:\ProgramData\Oracle\Java\javapath;C:\Program Files (x86)\Intel\iCLS Client\;C:\Program Files\Intel\iCLS Client\;C:\WINDOWS\system32;C:\WINDOWS;C:\WINDOWS\System32\Wbem;C:\WINDOWS\System32\WindowsPowerShell\v1.0\;C:\Program Files\Microsoft SQL Server\130\Tools\Binn\;C:\Program Files (x86)\Intel\Intel(R) Management Engine Components\DAL;C:\Program Files\Intel\Intel(R) Management Engine Components\DAL;C:\Program Files (x86)\Intel\Intel(R) Management Engine Components\IPT;C:\Program Files\Intel\Intel(R) Management Engine Components\IPT;C:\Program Files\Intel\WiFi\bin\;C:\Program Files\Common Files\Intel\WirelessCommon\;C:\Program Files\Java\jdk1.8.0_131\bin;C:\Users\nosbo\AppData\Local\Programs\Python\Python36-32\Scripts\;C:\Users\nosbo\AppData\Local\Programs\Python\Python36-32\;C:\Users\nosbo\AppData\Local\Microsoft\WindowsApps;C:\Program Files\Intel\WiFi\bin\;C:\Program Files\Common Files\Intel\WirelessCommon\
USERNAME=nosbo
OS=Windows_NT
PROCESSOR_IDENTIFIER=Intel64 Family 6 Model 69 Stepping 1, GenuineIntel



---------------  S Y S T E M  ---------------

OS: Windows 10.0 , 64 bit Build 16299 (10.0.16299.15)

CPU:total 4 (initial active 4) (2 cores per cpu, 2 threads per core) family 6 model 69 stepping 1, cmov, cx8, fxsr, mmx, sse, sse2, sse3, ssse3, sse4.1, sse4.2, popcnt, avx, avx2, aes, clmul, erms, lzcnt, ht, tsc, tscinvbit, bmi1, bmi2

Memory: 4k page, physical 3581036k(180392k free), swap 7775340k(2692k free)

vm_info: Java HotSpot(TM) 64-Bit Server VM (25.131-b11) for windows-amd64 JRE (1.8.0_131-b11), built on Mar 15 2017 01:23:53 by "java_re" with MS VC++ 10.0 (VS2010)

time: Mon Jan 08 21:46:19 2018
elapsed time: 4 seconds (0d 0h 0m 4s)

