#
# There is insufficient memory for the Java Runtime Environment to continue.
# Native memory allocation (malloc) failed to allocate 188016 bytes for Chunk::new
# Possible reasons:
#   The system is out of physical RAM or swap space
#   In 32 bit mode, the process size limit was hit
# Possible solutions:
#   Reduce memory load on the system
#   Increase physical memory or swap space
#   Check if swap backing store is full
#   Use 64 bit Java on a 64 bit OS
#   Decrease Java heap size (-Xmx/-Xms)
#   Decrease number of Java threads
#   Decrease Java thread stack sizes (-Xss)
#   Set larger code cache with -XX:ReservedCodeCacheSize=
# This output file may be truncated or incomplete.
#
#  Out of Memory Error (allocation.cpp:390), pid=7396, tid=0x0000000000002a8c
#
# JRE version: Java(TM) SE Runtime Environment (8.0_131-b11) (build 1.8.0_131-b11)
# Java VM: Java HotSpot(TM) 64-Bit Server VM (25.131-b11 mixed mode windows-amd64 compressed oops)
# Failed to write core dump. Minidumps are not enabled by default on client versions of Windows
#

---------------  T H R E A D  ---------------

Current thread (0x0000000016a53800):  JavaThread "C2 CompilerThread0" daemon [_thread_in_native, id=10892, stack(0x00000000181a0000,0x00000000182a0000)]

Stack: [0x00000000181a0000,0x00000000182a0000]
[error occurred during error reporting (printing stack bounds), id 0xc0000005]

Native frames: (J=compiled Java code, j=interpreted, Vv=VM code, C=native code)


Current CompileTask:
C2:   5355 1142       4       com.android.dx.ssa.SsaMethod::forEachInsn (36 bytes)


---------------  P R O C E S S  ---------------

Java Threads: ( => current thread )
  0x000000001862e800 JavaThread "pool-2-thread-4" [_thread_blocked, id=5744, stack(0x0000000018ea0000,0x0000000018fa0000)]
  0x000000001862e000 JavaThread "pool-2-thread-3" [_thread_blocked, id=192, stack(0x0000000018da0000,0x0000000018ea0000)]
  0x000000001862d000 JavaThread "pool-2-thread-2" [_thread_blocked, id=5004, stack(0x0000000018ca0000,0x0000000018da0000)]
  0x0000000018602800 JavaThread "pool-3-thread-1" [_thread_blocked, id=2768, stack(0x0000000018ba0000,0x0000000018ca0000)]
  0x0000000018642800 JavaThread "pool-2-thread-1" [_thread_blocked, id=7180, stack(0x0000000018aa0000,0x0000000018ba0000)]
  0x0000000016aaa800 JavaThread "Service Thread" daemon [_thread_blocked, id=11084, stack(0x00000000188a0000,0x00000000189a0000)]
  0x00000000183b0800 JavaThread "C1 CompilerThread2" daemon [_thread_blocked, id=9680, stack(0x00000000187a0000,0x00000000188a0000)]
  0x0000000016a55800 JavaThread "C2 CompilerThread1" daemon [_thread_in_native, id=4444, stack(0x00000000182a0000,0x00000000183a0000)]
=>0x0000000016a53800 JavaThread "C2 CompilerThread0" daemon [_thread_in_native, id=10892, stack(0x00000000181a0000,0x00000000182a0000)]
  0x0000000016a50800 JavaThread "Attach Listener" daemon [_thread_blocked, id=9768, stack(0x00000000180a0000,0x00000000181a0000)]
  0x0000000016a4f000 JavaThread "Signal Dispatcher" daemon [_thread_blocked, id=10652, stack(0x0000000017fa0000,0x00000000180a0000)]
  0x0000000016a3a000 JavaThread "Finalizer" daemon [_thread_blocked, id=3688, stack(0x0000000017ca0000,0x0000000017da0000)]
  0x0000000016a19000 JavaThread "Reference Handler" daemon [_thread_blocked, id=12016, stack(0x0000000017ba0000,0x0000000017ca0000)]
  0x000000000427e000 JavaThread "main" [_thread_in_vm, id=8280, stack(0x00000000040d0000,0x00000000041d0000)]

Other Threads:
  0x0000000016a17800 VMThread [stack: 0x0000000017aa0000,0x0000000017ba0000] [id=4844]
  0x00000000183b4000 WatcherThread [stack: 0x00000000189a0000,0x0000000018aa0000] [id=5100]

VM state:not at safepoint (normal execution)

VM Mutex/Monitor currently owned by a thread: None

Heap:
 PSYoungGen      total 16896K, used 11729K [0x00000000eab00000, 0x00000000ecc00000, 0x0000000100000000)
  eden space 14848K, 65% used [0x00000000eab00000,0x00000000eb47aa18,0x00000000eb980000)
  from space 2048K, 98% used [0x00000000eb980000,0x00000000ebb79c88,0x00000000ebb80000)
  to   space 2048K, 0% used [0x00000000eca00000,0x00000000eca00000,0x00000000ecc00000)
 ParOldGen       total 38400K, used 1495K [0x00000000c0000000, 0x00000000c2580000, 0x00000000eab00000)
  object space 38400K, 3% used [0x00000000c0000000,0x00000000c0175ff0,0x00000000c2580000)
 Metaspace       used 6053K, capacity 6968K, committed 7040K, reserved 1056768K
  class space    used 613K, capacity 624K, committed 640K, reserved 1048576K

Card table byte_map: [0x0000000013740000,0x0000000013950000] byte_map_base: 0x0000000013140000

Marking Bits: (ParMarkBitMap*) 0x00000000750dc720
 Begin Bits: [0x0000000013eb0000, 0x0000000014eb0000)
 End Bits:   [0x0000000014eb0000, 0x0000000015eb0000)

Polling page: 0x00000000027f0000

CodeCache: size=245760Kb used=4702Kb max_used=4702Kb free=241057Kb
 bounds [0x0000000004380000, 0x0000000004820000, 0x0000000013380000]
 total_blobs=1410 nmethods=1145 adapters=178
 compilation: enabled

Compilation events (10 events):
Event: 5.321 Thread 0x00000000183b0800 1143       3       com.android.dx.rop.code.DexTranslationAdvice::totalRopWidth (36 bytes)
Event: 5.321 Thread 0x00000000183b0800 nmethod 1143 0x0000000004811210 code [0x00000000048113c0, 0x0000000004811ba8]
Event: 5.323 Thread 0x00000000183b0800 1144       3       java.util.Vector::<init> (49 bytes)
Event: 5.324 Thread 0x00000000183b0800 nmethod 1144 0x0000000004817a10 code [0x0000000004817c00, 0x00000000048185f8]
Event: 5.326 Thread 0x00000000183b0800 1146       3       com.android.dx.ssa.SsaMethod::getCountReachableBlocks (44 bytes)
Event: 5.327 Thread 0x00000000183b0800 nmethod 1146 0x0000000004819250 code [0x0000000004819420, 0x0000000004819cd8]
Event: 5.330 Thread 0x00000000183b0800 1147       3       com.android.dx.ssa.back.SsaToRop::convertBasicBlocks (151 bytes)
Event: 5.333 Thread 0x00000000183b0800 nmethod 1147 0x000000000481a090 code [0x000000000481a3a0, 0x000000000481bc78]
Event: 5.340 Thread 0x00000000183b0800 1148       3       com.android.dx.rop.code.RegisterSpecSet::equals (106 bytes)
Event: 5.341 Thread 0x00000000183b0800 nmethod 1148 0x000000000481ca50 code [0x000000000481cc20, 0x000000000481d448]

GC Heap History (2 events):
Event: 3.922 GC heap before
{Heap before GC invocations=1 (full 0):
 PSYoungGen      total 16896K, used 14848K [0x00000000eab00000, 0x00000000ebd80000, 0x0000000100000000)
  eden space 14848K, 100% used [0x00000000eab00000,0x00000000eb980000,0x00000000eb980000)
  from space 2048K, 0% used [0x00000000ebb80000,0x00000000ebb80000,0x00000000ebd80000)
  to   space 2048K, 0% used [0x00000000eb980000,0x00000000eb980000,0x00000000ebb80000)
 ParOldGen       total 38400K, used 0K [0x00000000c0000000, 0x00000000c2580000, 0x00000000eab00000)
  object space 38400K, 0% used [0x00000000c0000000,0x00000000c0000000,0x00000000c2580000)
 Metaspace       used 5618K, capacity 6580K, committed 6784K, reserved 1056768K
  class space    used 603K, capacity 620K, committed 640K, reserved 1048576K
Event: 4.128 GC heap after
Heap after GC invocations=1 (full 0):
 PSYoungGen      total 16896K, used 2023K [0x00000000eab00000, 0x00000000ecc00000, 0x0000000100000000)
  eden space 14848K, 0% used [0x00000000eab00000,0x00000000eab00000,0x00000000eb980000)
  from space 2048K, 98% used [0x00000000eb980000,0x00000000ebb79c88,0x00000000ebb80000)
  to   space 2048K, 0% used [0x00000000eca00000,0x00000000eca00000,0x00000000ecc00000)
 ParOldGen       total 38400K, used 1495K [0x00000000c0000000, 0x00000000c2580000, 0x00000000eab00000)
  object space 38400K, 3% used [0x00000000c0000000,0x00000000c0175ff0,0x00000000c2580000)
 Metaspace       used 5618K, capacity 6580K, committed 6784K, reserved 1056768K
  class space    used 603K, capacity 620K, committed 640K, reserved 1048576K
}

Deoptimization events (10 events):
Event: 4.677 Thread 0x000000000427e000 Uncommon trap: reason=unstable_if action=reinterpret pc=0x0000000004606b64 method=java.util.HashMap.getNode(ILjava/lang/Object;)Ljava/util/HashMap$Node; @ 129
Event: 4.811 Thread 0x000000001862e800 Uncommon trap: reason=class_check action=maybe_recompile pc=0x000000000474d86c method=com.android.dx.rop.type.Type.equals(Ljava/lang/Object;)Z @ 8
Event: 4.811 Thread 0x000000001862e800 Uncommon trap: reason=class_check action=maybe_recompile pc=0x000000000474d86c method=com.android.dx.rop.type.Type.equals(Ljava/lang/Object;)Z @ 8
Event: 4.814 Thread 0x000000001862e800 Uncommon trap: reason=class_check action=maybe_recompile pc=0x000000000474d86c method=com.android.dx.rop.type.Type.equals(Ljava/lang/Object;)Z @ 8
Event: 4.815 Thread 0x000000001862e800 Uncommon trap: reason=class_check action=maybe_recompile pc=0x000000000474d86c method=com.android.dx.rop.type.Type.equals(Ljava/lang/Object;)Z @ 8
Event: 4.824 Thread 0x000000001862e800 Uncommon trap: reason=class_check action=maybe_recompile pc=0x000000000474b468 method=com.android.dx.rop.type.Type.equals(Ljava/lang/Object;)Z @ 8
Event: 4.905 Thread 0x000000001862e800 Uncommon trap: reason=unstable_if action=reinterpret pc=0x0000000004656e74 method=java.util.BitSet.ensureCapacity(I)V @ 6
Event: 4.905 Thread 0x000000001862e800 Uncommon trap: reason=unstable_if action=reinterpret pc=0x00000000045f1ab0 method=java.util.BitSet.nextSetBit(I)I @ 87
Event: 4.926 Thread 0x0000000018642800 Uncommon trap: reason=class_check action=maybe_recompile pc=0x000000000464ae54 method=com.android.dx.ssa.NormalSsaInsn.accept(Lcom/android/dx/ssa/SsaInsn$Visitor;)V @ 9
Event: 4.949 Thread 0x000000001862e800 Uncommon trap: reason=unstable_if action=reinterpret pc=0x000000000471025c method=com.android.dx.rop.cst.Constant.compareTo(Lcom/android/dx/rop/cst/Constant;)I @ 12

Internal exceptions (2 events):
Event: 0.171 Thread 0x000000000427e000 Exception <a 'java/lang/NoSuchMethodError': Method sun.misc.Unsafe.defineClass(Ljava/lang/String;[BII)Ljava/lang/Class; name or signature does not match> (0x00000000eab07ca8) thrown at [C:\re\workspace\8-2-build-windows-amd64-cygwin\jdk8u131\8869\hotspot\
Event: 0.171 Thread 0x000000000427e000 Exception <a 'java/lang/NoSuchMethodError': Method sun.misc.Unsafe.prefetchRead(Ljava/lang/Object;J)V name or signature does not match> (0x00000000eab07f90) thrown at [C:\re\workspace\8-2-build-windows-amd64-cygwin\jdk8u131\8869\hotspot\src\share\vm\prims

Events (10 events):
Event: 5.240 Executing VM operation: RevokeBias
Event: 5.240 Executing VM operation: RevokeBias done
Event: 5.241 Executing VM operation: RevokeBias
Event: 5.241 Executing VM operation: RevokeBias done
Event: 5.241 Executing VM operation: RevokeBias
Event: 5.241 Executing VM operation: RevokeBias done
Event: 5.241 Executing VM operation: RevokeBias
Event: 5.241 Executing VM operation: RevokeBias done
Event: 5.242 Executing VM operation: RevokeBias
Event: 5.242 Executing VM operation: RevokeBias done


Dynamic libraries:
0x00007ff68d0f0000 - 0x00007ff68d127000 	C:\Program Files\Java\jdk1.8.0_131\bin\java.exe
0x00007ffd0cdf0000 - 0x00007ffd0cfd0000 	C:\WINDOWS\SYSTEM32\ntdll.dll
0x00007ffd0cd10000 - 0x00007ffd0cdbe000 	C:\WINDOWS\System32\KERNEL32.DLL
0x00007ffd09c10000 - 0x00007ffd09e76000 	C:\WINDOWS\System32\KERNELBASE.dll
0x00007ffd0a430000 - 0x00007ffd0a4d1000 	C:\WINDOWS\System32\ADVAPI32.dll
0x00007ffd0a390000 - 0x00007ffd0a42d000 	C:\WINDOWS\System32\msvcrt.dll
0x00007ffd0c160000 - 0x00007ffd0c1bb000 	C:\WINDOWS\System32\sechost.dll
0x00007ffd0bf90000 - 0x00007ffd0c0af000 	C:\WINDOWS\System32\RPCRT4.dll
0x00007ffd0cb10000 - 0x00007ffd0cc9f000 	C:\WINDOWS\System32\USER32.dll
0x00007ffd0a000000 - 0x00007ffd0a020000 	C:\WINDOWS\System32\win32u.dll
0x00007ffd0bc50000 - 0x00007ffd0bc78000 	C:\WINDOWS\System32\GDI32.dll
0x00007ffd0a120000 - 0x00007ffd0a2b3000 	C:\WINDOWS\System32\gdi32full.dll
0x00007ffd09e80000 - 0x00007ffd09f1b000 	C:\WINDOWS\System32\msvcp_win.dll
0x00007ffd0a020000 - 0x00007ffd0a116000 	C:\WINDOWS\System32\ucrtbase.dll
0x00007ffcfe0e0000 - 0x00007ffcfe349000 	C:\WINDOWS\WinSxS\amd64_microsoft.windows.common-controls_6595b64144ccf1df_6.0.16299.125_none_15cbcf8893620c09\COMCTL32.dll
0x00007ffd0c7a0000 - 0x00007ffd0caa8000 	C:\WINDOWS\System32\combase.dll
0x00007ffd09f20000 - 0x00007ffd09f92000 	C:\WINDOWS\System32\bcryptPrimitives.dll
0x00007ffd0a360000 - 0x00007ffd0a38d000 	C:\WINDOWS\System32\IMM32.DLL
0x0000000074430000 - 0x0000000074502000 	C:\Program Files\Java\jdk1.8.0_131\jre\bin\msvcr100.dll
0x00000000748c0000 - 0x000000007515c000 	C:\Program Files\Java\jdk1.8.0_131\jre\bin\server\jvm.dll
0x00007ffd0c610000 - 0x00007ffd0c618000 	C:\WINDOWS\System32\PSAPI.DLL
0x00007ffcf2bd0000 - 0x00007ffcf2bd9000 	C:\WINDOWS\SYSTEM32\WSOCK32.dll
0x00007ffd0c620000 - 0x00007ffd0c68c000 	C:\WINDOWS\System32\WS2_32.dll
0x00007ffd06c00000 - 0x00007ffd06c23000 	C:\WINDOWS\SYSTEM32\WINMM.dll
0x00007ffd082b0000 - 0x00007ffd082ba000 	C:\WINDOWS\SYSTEM32\VERSION.dll
0x00007ffd06bd0000 - 0x00007ffd06bfa000 	C:\WINDOWS\SYSTEM32\WINMMBASE.dll
0x00007ffd09bc0000 - 0x00007ffd09c0a000 	C:\WINDOWS\System32\cfgmgr32.dll
0x00000000748b0000 - 0x00000000748bf000 	C:\Program Files\Java\jdk1.8.0_131\jre\bin\verify.dll
0x0000000074880000 - 0x00000000748a9000 	C:\Program Files\Java\jdk1.8.0_131\jre\bin\java.dll
0x0000000074860000 - 0x0000000074876000 	C:\Program Files\Java\jdk1.8.0_131\jre\bin\zip.dll
0x00007ffd0a810000 - 0x00007ffd0bc46000 	C:\WINDOWS\System32\SHELL32.dll
0x00007ffd0c0b0000 - 0x00007ffd0c156000 	C:\WINDOWS\System32\shcore.dll
0x00007ffd091f0000 - 0x00007ffd09937000 	C:\WINDOWS\System32\windows.storage.dll
0x00007ffd0a7b0000 - 0x00007ffd0a801000 	C:\WINDOWS\System32\shlwapi.dll
0x00007ffd09180000 - 0x00007ffd09191000 	C:\WINDOWS\System32\kernel.appcore.dll
0x00007ffd091a0000 - 0x00007ffd091ec000 	C:\WINDOWS\System32\powrprof.dll
0x00007ffd09140000 - 0x00007ffd0915b000 	C:\WINDOWS\System32\profapi.dll

VM Arguments:
jvm_args: -Djava.awt.headless=true -Xmx1024M -Dfile.encoding=windows-1252 -Duser.country=BR -Duser.language=pt -Duser.variant 
java_command: com.android.dx.command.Main --dex --force-jumbo --num-threads=4 --multi-dex --output C:\Users\nosbo\AndroidStudioProjects\HelloWorld\app\build\intermediates\transforms\dex\debug\folders\1000\10\internal_impl-24.2.1_b2328883164a99118f7c5205f824fbff643fe985 C:\Users\nosbo\AndroidStudioProjects\HelloWorld\app\build\intermediates\exploded-aar\com.android.support\support-compat\24.2.1\jars\libs\internal_impl-24.2.1.jar
java_class_path (initial): C:\Android\sdk\build-tools\27.0.3\lib\dx.jar
Launcher Type: SUN_STANDARD

Environment Variables:
JAVA_HOME=C:\Program Files\Java\jdk1.8.0_131
PATH=C:\ProgramData\Oracle\Java\javapath;C:\Program Files (x86)\Intel\iCLS Client\;C:\Program Files\Intel\iCLS Client\;C:\WINDOWS\system32;C:\WINDOWS;C:\WINDOWS\System32\Wbem;C:\WINDOWS\System32\WindowsPowerShell\v1.0\;C:\Program Files\Microsoft SQL Server\130\Tools\Binn\;C:\Program Files (x86)\Intel\Intel(R) Management Engine Components\DAL;C:\Program Files\Intel\Intel(R) Management Engine Components\DAL;C:\Program Files (x86)\Intel\Intel(R) Management Engine Components\IPT;C:\Program Files\Intel\Intel(R) Management Engine Components\IPT;C:\Program Files\Intel\WiFi\bin\;C:\Program Files\Common Files\Intel\WirelessCommon\;C:\Program Files\Java\jdk1.8.0_131\bin;C:\Users\nosbo\AppData\Local\Programs\Python\Python36-32\Scripts\;C:\Users\nosbo\AppData\Local\Programs\Python\Python36-32\;C:\Users\nosbo\AppData\Local\Microsoft\WindowsApps;C:\Program Files\Intel\WiFi\bin\;C:\Program Files\Common Files\Intel\WirelessCommon\
USERNAME=nosbo
OS=Windows_NT
PROCESSOR_IDENTIFIER=Intel64 Family 6 Model 69 Stepping 1, GenuineIntel



---------------  S Y S T E M  ---------------

OS: Windows 10.0 , 64 bit Build 16299 (10.0.16299.15)

CPU:total 4 (initial active 4) (2 cores per cpu, 2 threads per core) family 6 model 69 stepping 1, cmov, cx8, fxsr, mmx, sse, sse2, sse3, ssse3, sse4.1, sse4.2, popcnt, avx, avx2, aes, clmul, erms, lzcnt, ht, tsc, tscinvbit, bmi1, bmi2

Memory: 4k page, physical 3581036k(268632k free), swap 7775340k(1768k free)

vm_info: Java HotSpot(TM) 64-Bit Server VM (25.131-b11) for windows-amd64 JRE (1.8.0_131-b11), built on Mar 15 2017 01:23:53 by "java_re" with MS VC++ 10.0 (VS2010)

time: Mon Jan 08 21:46:24 2018
elapsed time: 5 seconds (0d 0h 0m 5s)

