#
# There is insufficient memory for the Java Runtime Environment to continue.
# Native memory allocation (malloc) failed to allocate 32744 bytes for ChunkPool::allocate
# Possible reasons:
#   The system is out of physical RAM or swap space
#   In 32 bit mode, the process size limit was hit
# Possible solutions:
#   Reduce memory load on the system
#   Increase physical memory or swap space
#   Check if swap backing store is full
#   Use 64 bit Java on a 64 bit OS
#   Decrease Java heap size (-Xmx/-Xms)
#   Decrease number of Java threads
#   Decrease Java thread stack sizes (-Xss)
#   Set larger code cache with -XX:ReservedCodeCacheSize=
# This output file may be truncated or incomplete.
#
#  Out of Memory Error (allocation.cpp:273), pid=7156, tid=0x0000000000002d84
#
# JRE version: Java(TM) SE Runtime Environment (8.0_131-b11) (build 1.8.0_131-b11)
# Java VM: Java HotSpot(TM) 64-Bit Server VM (25.131-b11 mixed mode windows-amd64 compressed oops)
# Failed to write core dump. Minidumps are not enabled by default on client versions of Windows
#

---------------  T H R E A D  ---------------

Current thread (0x0000000014e2f000):  JavaThread "C2 CompilerThread0" daemon [_thread_in_native, id=11652, stack(0x00000000165c0000,0x00000000166c0000)]

Stack: [0x00000000165c0000,0x00000000166c0000]
[error occurred during error reporting (printing stack bounds), id 0xc0000005]

Native frames: (J=compiled Java code, j=interpreted, Vv=VM code, C=native code)


Current CompileTask:
C2: 320979 11171       4       com.sun.org.apache.xerces.internal.impl.XMLNSDocumentScannerImpl::scanStartElement (1026 bytes)


---------------  P R O C E S S  ---------------

Java Threads: ( => current thread )
  0x00000000168dc800 JavaThread "Stdin handler" [_thread_blocked, id=11672, stack(0x000000002c6c0000,0x000000002c7c0000)]
  0x00000000168da800 JavaThread "Asynchronous log dispatcher for org.gradle.launcher.daemon.server.DefaultDaemonConnection@5f32c0f6" [_thread_blocked, id=4008, stack(0x000000002c5c0000,0x000000002c6c0000)]
  0x00000000168d9000 JavaThread "Cancel handler" [_thread_blocked, id=12860, stack(0x000000002c4c0000,0x000000002c5c0000)]
  0x00000000168df000 JavaThread "Handler for socket connection from /127.0.0.1:53771 to /127.0.0.1:54057" [_thread_in_native, id=11960, stack(0x000000002c3c0000,0x000000002c4c0000)]
  0x00000000168de000 JavaThread "Daemon worker Thread 2" [_thread_in_native, id=13368, stack(0x000000002c0c0000,0x000000002c1c0000)]
  0x00000000168dc000 JavaThread "Daemon Thread 2" [_thread_blocked, id=10252, stack(0x000000002bdc0000,0x000000002bec0000)]
  0x000000001b720000 JavaThread "pool-3-thread-4" [_thread_blocked, id=13288, stack(0x00000000258c0000,0x00000000259c0000)]
  0x000000001b719000 JavaThread "pool-3-thread-3" [_thread_blocked, id=12940, stack(0x00000000257c0000,0x00000000258c0000)]
  0x000000001b71d000 JavaThread "pool-3-thread-2" [_thread_blocked, id=12240, stack(0x00000000256c0000,0x00000000257c0000)]
  0x000000001b71c000 JavaThread "pool-3-thread-1" [_thread_blocked, id=13180, stack(0x00000000255c0000,0x00000000256c0000)]
  0x000000001b095000 JavaThread "File lock request listener" [_thread_in_native, id=9872, stack(0x000000001cf60000,0x000000001d060000)]
  0x0000000017d2d800 JavaThread "Incoming local TCP Connector on port 53771" [_thread_in_native, id=1536, stack(0x0000000018d00000,0x0000000018e00000)]
  0x0000000017ae2000 JavaThread "pool-1-thread-1" [_thread_blocked, id=7476, stack(0x00000000176e0000,0x00000000177e0000)]
  0x00000000167fa000 JavaThread "Service Thread" daemon [_thread_blocked, id=9908, stack(0x0000000016cc0000,0x0000000016dc0000)]
  0x00000000167c8800 JavaThread "C1 CompilerThread2" daemon [_thread_blocked, id=13968, stack(0x0000000016bc0000,0x0000000016cc0000)]
  0x0000000014e32000 JavaThread "C2 CompilerThread1" daemon [_thread_in_native, id=3824, stack(0x00000000166c0000,0x00000000167c0000)]
=>0x0000000014e2f000 JavaThread "C2 CompilerThread0" daemon [_thread_in_native, id=11652, stack(0x00000000165c0000,0x00000000166c0000)]
  0x0000000014e2c000 JavaThread "Attach Listener" daemon [_thread_blocked, id=684, stack(0x00000000164c0000,0x00000000165c0000)]
  0x0000000014e2b000 JavaThread "Signal Dispatcher" daemon [_thread_blocked, id=10100, stack(0x00000000163c0000,0x00000000164c0000)]
  0x0000000014e1a800 JavaThread "Finalizer" daemon [_thread_blocked, id=13600, stack(0x00000000160b0000,0x00000000161b0000)]
  0x0000000014df9000 JavaThread "Reference Handler" daemon [_thread_blocked, id=13036, stack(0x0000000015fb0000,0x00000000160b0000)]
  0x00000000041ae000 JavaThread "main" [_thread_blocked, id=12004, stack(0x0000000004240000,0x0000000004340000)]

Other Threads:
  0x0000000014df7800 VMThread [stack: 0x0000000015eb0000,0x0000000015fb0000] [id=10532]
  0x0000000016801000 WatcherThread [stack: 0x0000000016dc0000,0x0000000016ec0000] [id=11036]

VM state:not at safepoint (normal execution)

VM Mutex/Monitor currently owned by a thread: None

Heap:
 PSYoungGen      total 58880K, used 18382K [0x00000000fab00000, 0x0000000100000000, 0x0000000100000000)
  eden space 30208K, 48% used [0x00000000fab00000,0x00000000fb933be8,0x00000000fc880000)
  from space 28672K, 13% used [0x00000000fe400000,0x00000000fe7c0000,0x0000000100000000)
  to   space 28160K, 0% used [0x00000000fc880000,0x00000000fc880000,0x00000000fe400000)
 ParOldGen       total 175104K, used 32596K [0x00000000f0000000, 0x00000000fab00000, 0x00000000fab00000)
  object space 175104K, 18% used [0x00000000f0000000,0x00000000f1fd52b0,0x00000000fab00000)
 Metaspace       used 58408K, capacity 59778K, committed 59904K, reserved 1101824K
  class space    used 7799K, capacity 8117K, committed 8192K, reserved 1048576K

Card table byte_map: [0x0000000013800000,0x0000000013890000] byte_map_base: 0x0000000013080000

Marking Bits: (ParMarkBitMap*) 0x000000005e06c720
 Begin Bits: [0x0000000013c90000, 0x0000000014090000)
 End Bits:   [0x0000000014090000, 0x0000000014490000)

Polling page: 0x0000000002460000

CodeCache: size=245760Kb used=31319Kb max_used=31331Kb free=214440Kb
 bounds [0x0000000004440000, 0x0000000006310000, 0x0000000013440000]
 total_blobs=9955 nmethods=9217 adapters=648
 compilation: enabled

Compilation events (10 events):
Event: 320.760 Thread 0x00000000167c8800 11178   !   3       com.android.ide.common.resources.configuration.NetworkCodeQualifier::checkAndSet (60 bytes)
Event: 320.761 Thread 0x00000000167c8800 nmethod 11178 0x00000000062ee3d0 code [0x00000000062ee5c0, 0x00000000062eeef8]
Event: 320.762 Thread 0x00000000167c8800 11179       3       com.sun.org.apache.xerces.internal.impl.XMLScanner::init (91 bytes)
Event: 320.764 Thread 0x00000000167c8800 nmethod 11179 0x0000000005fbac50 code [0x0000000005fbaea0, 0x0000000005fbbf58]
Event: 320.771 Thread 0x0000000014e32000 nmethod 11167 0x0000000006300090 code [0x00000000063002a0, 0x00000000063013f8]
Event: 320.771 Thread 0x0000000014e32000 11180       4       com.sun.org.apache.xerces.internal.dom.NodeImpl::getOwnerDocument (23 bytes)
Event: 320.773 Thread 0x0000000014e32000 nmethod 11180 0x00000000056b0010 code [0x00000000056b0160, 0x00000000056b0258]
Event: 320.773 Thread 0x0000000014e32000 11170       4       com.sun.org.apache.xerces.internal.impl.XMLScanner::scanAttributeValue (991 bytes)
Event: 320.773 Thread 0x00000000167c8800 11181   !   3       com.sun.org.apache.xerces.internal.parsers.DOMParser::getEntityResolver (60 bytes)
Event: 320.774 Thread 0x00000000167c8800 nmethod 11181 0x0000000005fba010 code [0x0000000005fba1c0, 0x0000000005fbaa28]

GC Heap History (10 events):
Event: 256.801 GC heap before
{Heap before GC invocations=24 (full 4):
 PSYoungGen      total 58368K, used 496K [0x00000000fab00000, 0x0000000100000000, 0x0000000100000000)
  eden space 29696K, 0% used [0x00000000fab00000,0x00000000fab00000,0x00000000fc800000)
  from space 28672K, 1% used [0x00000000fe400000,0x00000000fe47c010,0x0000000100000000)
  to   space 28672K, 0% used [0x00000000fc800000,0x00000000fc800000,0x00000000fe400000)
 ParOldGen       total 175104K, used 36096K [0x00000000f0000000, 0x00000000fab00000, 0x00000000fab00000)
  object space 175104K, 20% used [0x00000000f0000000,0x00000000f2340258,0x00000000fab00000)
 Metaspace       used 58045K, capacity 59346K, committed 59648K, reserved 1101824K
  class space    used 7794K, capacity 8119K, committed 8192K, reserved 1048576K
Event: 257.168 GC heap after
Heap after GC invocations=24 (full 4):
 PSYoungGen      total 58368K, used 0K [0x00000000fab00000, 0x0000000100000000, 0x0000000100000000)
  eden space 29696K, 0% used [0x00000000fab00000,0x00000000fab00000,0x00000000fc800000)
  from space 28672K, 0% used [0x00000000fe400000,0x00000000fe400000,0x0000000100000000)
  to   space 28672K, 0% used [0x00000000fc800000,0x00000000fc800000,0x00000000fe400000)
 ParOldGen       total 175104K, used 31856K [0x00000000f0000000, 0x00000000fab00000, 0x00000000fab00000)
  object space 175104K, 18% used [0x00000000f0000000,0x00000000f1f1c248,0x00000000fab00000)
 Metaspace       used 57933K, capacity 59168K, committed 59648K, reserved 1101824K
  class space    used 7776K, capacity 8086K, committed 8192K, reserved 1048576K
}
Event: 272.514 GC heap before
{Heap before GC invocations=25 (full 4):
 PSYoungGen      total 58368K, used 29696K [0x00000000fab00000, 0x0000000100000000, 0x0000000100000000)
  eden space 29696K, 100% used [0x00000000fab00000,0x00000000fc800000,0x00000000fc800000)
  from space 28672K, 0% used [0x00000000fe400000,0x00000000fe400000,0x0000000100000000)
  to   space 28672K, 0% used [0x00000000fc800000,0x00000000fc800000,0x00000000fe400000)
 ParOldGen       total 175104K, used 31856K [0x00000000f0000000, 0x00000000fab00000, 0x00000000fab00000)
  object space 175104K, 18% used [0x00000000f0000000,0x00000000f1f1c248,0x00000000fab00000)
 Metaspace       used 58032K, capacity 59332K, committed 59648K, reserved 1101824K
  class space    used 7785K, capacity 8096K, committed 8192K, reserved 1048576K
Event: 272.524 GC heap after
Heap after GC invocations=25 (full 4):
 PSYoungGen      total 58368K, used 1120K [0x00000000fab00000, 0x0000000100000000, 0x0000000100000000)
  eden space 29696K, 0% used [0x00000000fab00000,0x00000000fab00000,0x00000000fc800000)
  from space 28672K, 3% used [0x00000000fc800000,0x00000000fc918000,0x00000000fe400000)
  to   space 28672K, 0% used [0x00000000fe400000,0x00000000fe400000,0x0000000100000000)
 ParOldGen       total 175104K, used 31864K [0x00000000f0000000, 0x00000000fab00000, 0x00000000fab00000)
  object space 175104K, 18% used [0x00000000f0000000,0x00000000f1f1e248,0x00000000fab00000)
 Metaspace       used 58032K, capacity 59332K, committed 59648K, reserved 1101824K
  class space    used 7785K, capacity 8096K, committed 8192K, reserved 1048576K
}
Event: 273.164 GC heap before
{Heap before GC invocations=26 (full 4):
 PSYoungGen      total 58368K, used 30816K [0x00000000fab00000, 0x0000000100000000, 0x0000000100000000)
  eden space 29696K, 100% used [0x00000000fab00000,0x00000000fc800000,0x00000000fc800000)
  from space 28672K, 3% used [0x00000000fc800000,0x00000000fc918000,0x00000000fe400000)
  to   space 28672K, 0% used [0x00000000fe400000,0x00000000fe400000,0x0000000100000000)
 ParOldGen       total 175104K, used 31864K [0x00000000f0000000, 0x00000000fab00000, 0x00000000fab00000)
  object space 175104K, 18% used [0x00000000f0000000,0x00000000f1f1e248,0x00000000fab00000)
 Metaspace       used 58095K, capacity 59460K, committed 59904K, reserved 1101824K
  class space    used 7785K, capacity 8096K, committed 8192K, reserved 1048576K
Event: 273.174 GC heap after
Heap after GC invocations=26 (full 4):
 PSYoungGen      total 58368K, used 1600K [0x00000000fab00000, 0x0000000100000000, 0x0000000100000000)
  eden space 29696K, 0% used [0x00000000fab00000,0x00000000fab00000,0x00000000fc800000)
  from space 28672K, 5% used [0x00000000fe400000,0x00000000fe590000,0x0000000100000000)
  to   space 28672K, 0% used [0x00000000fc800000,0x00000000fc800000,0x00000000fe400000)
 ParOldGen       total 175104K, used 31864K [0x00000000f0000000, 0x00000000fab00000, 0x00000000fab00000)
  object space 175104K, 18% used [0x00000000f0000000,0x00000000f1f1e248,0x00000000fab00000)
 Metaspace       used 58095K, capacity 59460K, committed 59904K, reserved 1101824K
  class space    used 7785K, capacity 8096K, committed 8192K, reserved 1048576K
}
Event: 277.525 GC heap before
{Heap before GC invocations=27 (full 4):
 PSYoungGen      total 58368K, used 31296K [0x00000000fab00000, 0x0000000100000000, 0x0000000100000000)
  eden space 29696K, 100% used [0x00000000fab00000,0x00000000fc800000,0x00000000fc800000)
  from space 28672K, 5% used [0x00000000fe400000,0x00000000fe590000,0x0000000100000000)
  to   space 28672K, 0% used [0x00000000fc800000,0x00000000fc800000,0x00000000fe400000)
 ParOldGen       total 175104K, used 31864K [0x00000000f0000000, 0x00000000fab00000, 0x00000000fab00000)
  object space 175104K, 18% used [0x00000000f0000000,0x00000000f1f1e248,0x00000000fab00000)
 Metaspace       used 58307K, capacity 59642K, committed 59904K, reserved 1101824K
  class space    used 7792K, capacity 8105K, committed 8192K, reserved 1048576K
Event: 277.613 GC heap after
Heap after GC invocations=27 (full 4):
 PSYoungGen      total 58368K, used 3360K [0x00000000fab00000, 0x0000000100000000, 0x0000000100000000)
  eden space 29696K, 0% used [0x00000000fab00000,0x00000000fab00000,0x00000000fc800000)
  from space 28672K, 11% used [0x00000000fc800000,0x00000000fcb48000,0x00000000fe400000)
  to   space 28672K, 0% used [0x00000000fe400000,0x00000000fe400000,0x0000000100000000)
 ParOldGen       total 175104K, used 31872K [0x00000000f0000000, 0x00000000fab00000, 0x00000000fab00000)
  object space 175104K, 18% used [0x00000000f0000000,0x00000000f1f20248,0x00000000fab00000)
 Metaspace       used 58307K, capacity 59642K, committed 59904K, reserved 1101824K
  class space    used 7792K, capacity 8105K, committed 8192K, reserved 1048576K
}
Event: 315.685 GC heap before
{Heap before GC invocations=28 (full 4):
 PSYoungGen      total 58368K, used 33056K [0x00000000fab00000, 0x0000000100000000, 0x0000000100000000)
  eden space 29696K, 100% used [0x00000000fab00000,0x00000000fc800000,0x00000000fc800000)
  from space 28672K, 11% used [0x00000000fc800000,0x00000000fcb48000,0x00000000fe400000)
  to   space 28672K, 0% used [0x00000000fe400000,0x00000000fe400000,0x0000000100000000)
 ParOldGen       total 175104K, used 31872K [0x00000000f0000000, 0x00000000fab00000, 0x00000000fab00000)
  object space 175104K, 18% used [0x00000000f0000000,0x00000000f1f20248,0x00000000fab00000)
 Metaspace       used 58338K, capacity 59654K, committed 59904K, reserved 1101824K
  class space    used 7794K, capacity 8107K, committed 8192K, reserved 1048576K
Event: 317.357 GC heap after
Heap after GC invocations=28 (full 4):
 PSYoungGen      total 58880K, used 3840K [0x00000000fab00000, 0x0000000100000000, 0x0000000100000000)
  eden space 30208K, 0% used [0x00000000fab00000,0x00000000fab00000,0x00000000fc880000)
  from space 28672K, 13% used [0x00000000fe400000,0x00000000fe7c0000,0x0000000100000000)
  to   space 28160K, 0% used [0x00000000fc880000,0x00000000fc880000,0x00000000fe400000)
 ParOldGen       total 175104K, used 32596K [0x00000000f0000000, 0x00000000fab00000, 0x00000000fab00000)
  object space 175104K, 18% used [0x00000000f0000000,0x00000000f1fd52b0,0x00000000fab00000)
 Metaspace       used 58338K, capacity 59654K, committed 59904K, reserved 1101824K
  class space    used 7794K, capacity 8107K, committed 8192K, reserved 1048576K
}

Deoptimization events (10 events):
Event: 280.296 Thread 0x00000000168de000 Uncommon trap: reason=unstable_if action=reinterpret pc=0x00000000048f7374 method=java.lang.ref.SoftReference.get()Ljava/lang/Object; @ 6
Event: 280.297 Thread 0x00000000168de000 Uncommon trap: reason=unstable_if action=reinterpret pc=0x00000000054d3120 method=java.lang.ref.SoftReference.get()Ljava/lang/Object; @ 6
Event: 280.297 Thread 0x00000000168de000 Uncommon trap: reason=unstable_if action=reinterpret pc=0x0000000004fb79c8 method=java.lang.ref.SoftReference.get()Ljava/lang/Object; @ 6
Event: 280.300 Thread 0x00000000168de000 Uncommon trap: reason=unstable_if action=reinterpret pc=0x00000000054aadc4 method=java.lang.ref.SoftReference.get()Ljava/lang/Object; @ 6
Event: 280.301 Thread 0x00000000168de000 Uncommon trap: reason=unstable_if action=reinterpret pc=0x00000000051c1588 method=java.lang.ref.SoftReference.get()Ljava/lang/Object; @ 6
Event: 280.309 Thread 0x00000000168de000 Uncommon trap: reason=unstable_if action=reinterpret pc=0x000000000496725c method=java.lang.ref.SoftReference.get()Ljava/lang/Object; @ 6
Event: 301.824 Thread 0x00000000168de000 Uncommon trap: reason=class_check action=maybe_recompile pc=0x000000000608f754 method=sun.nio.fs.WindowsPath.equals(Ljava/lang/Object;)Z @ 13
Event: 301.825 Thread 0x00000000168de000 Uncommon trap: reason=class_check action=maybe_recompile pc=0x000000000608f754 method=sun.nio.fs.WindowsPath.equals(Ljava/lang/Object;)Z @ 13
Event: 301.825 Thread 0x00000000168de000 Uncommon trap: reason=class_check action=maybe_recompile pc=0x000000000608f754 method=sun.nio.fs.WindowsPath.equals(Ljava/lang/Object;)Z @ 13
Event: 301.827 Thread 0x00000000168de000 Uncommon trap: reason=class_check action=maybe_recompile pc=0x000000000608f754 method=sun.nio.fs.WindowsPath.equals(Ljava/lang/Object;)Z @ 13

Internal exceptions (10 events):
Event: 254.168 Thread 0x00000000168de000 Implicit null exception at 0x00000000056b9498 to 0x00000000056b9bad
Event: 255.433 Thread 0x00000000168de000 Exception <a 'java/lang/reflect/InvocationTargetException'> (0x00000000fb699c10) thrown at [C:\re\workspace\8-2-build-windows-amd64-cygwin\jdk8u131\8869\hotspot\src\share\vm\runtime\reflection.cpp, line 1092]
Event: 255.659 Thread 0x00000000168de000 Implicit null exception at 0x0000000005d90146 to 0x0000000005d903f0
Event: 271.983 Thread 0x00000000168de000 Exception <a 'java/lang/ClassNotFoundException': asLocalRepo53_5515s3c953g3mm23frviz0b72BeanInfo> (0x00000000fad4d978) thrown at [C:\re\workspace\8-2-build-windows-amd64-cygwin\jdk8u131\8869\hotspot\src\share\vm\classfile\systemDictionary.cpp, line 210]
Event: 271.984 Thread 0x00000000168de000 Exception <a 'java/lang/ClassNotFoundException': asLocalRepo53_5515s3c953g3mm23frviz0b72Customizer> (0x00000000fad574d0) thrown at [C:\re\workspace\8-2-build-windows-amd64-cygwin\jdk8u131\8869\hotspot\src\share\vm\classfile\systemDictionary.cpp, line 210]
Event: 273.623 Thread 0x00000000168de000 Exception <a 'java/lang/reflect/InvocationTargetException'> (0x00000000fb538360) thrown at [C:\re\workspace\8-2-build-windows-amd64-cygwin\jdk8u131\8869\hotspot\src\share\vm\runtime\reflection.cpp, line 1092]
Event: 280.297 Thread 0x00000000168de000 Implicit null exception at 0x0000000004fb7540 to 0x0000000004fb79ad
Event: 280.300 Thread 0x00000000168de000 Implicit null exception at 0x00000000054aa37c to 0x00000000054aada9
Event: 280.301 Thread 0x00000000168de000 Implicit null exception at 0x00000000051c0f23 to 0x00000000051c1575
Event: 280.309 Thread 0x00000000168de000 Implicit null exception at 0x0000000004966c9c to 0x0000000004967235

Events (10 events):
Event: 320.502 Thread 0x0000000014e32000 flushing nmethod 0x0000000004ca3450
Event: 320.502 Thread 0x0000000014e32000 flushing nmethod 0x0000000004ca5010
Event: 320.503 Thread 0x0000000014e32000 flushing nmethod 0x0000000004ccd9d0
Event: 320.602 Thread 0x00000000167c8800 flushing nmethod 0x000000000542d150
Event: 320.604 Thread 0x00000000167c8800 flushing nmethod 0x000000000549bd10
Event: 320.616 Thread 0x00000000167c8800 flushing nmethod 0x00000000054a4650
Event: 320.616 Thread 0x00000000167c8800 flushing nmethod 0x00000000054a4d90
Event: 320.625 Thread 0x00000000167c8800 flushing nmethod 0x00000000056b0010
Event: 320.674 Thread 0x00000000167c8800 flushing nmethod 0x0000000005f85b90
Event: 320.675 Thread 0x00000000167c8800 flushing nmethod 0x0000000005fb6850


Dynamic libraries:
0x00007ff7166d0000 - 0x00007ff716707000 	C:\Program Files\Java\jdk1.8.0_131\bin\java.exe
0x00007ffb370c0000 - 0x00007ffb372a0000 	C:\WINDOWS\SYSTEM32\ntdll.dll
0x00007ffb35e20000 - 0x00007ffb35ece000 	C:\WINDOWS\System32\KERNEL32.DLL
0x00007ffb337b0000 - 0x00007ffb33a16000 	C:\WINDOWS\System32\KERNELBASE.dll
0x00007ffb36cc0000 - 0x00007ffb36d61000 	C:\WINDOWS\System32\ADVAPI32.dll
0x00007ffb365d0000 - 0x00007ffb3666d000 	C:\WINDOWS\System32\msvcrt.dll
0x00007ffb36310000 - 0x00007ffb3636b000 	C:\WINDOWS\System32\sechost.dll
0x00007ffb36df0000 - 0x00007ffb36f0f000 	C:\WINDOWS\System32\RPCRT4.dll
0x00007ffb368c0000 - 0x00007ffb36a4f000 	C:\WINDOWS\System32\USER32.dll
0x00007ffb334c0000 - 0x00007ffb334e0000 	C:\WINDOWS\System32\win32u.dll
0x00007ffb365a0000 - 0x00007ffb365c8000 	C:\WINDOWS\System32\GDI32.dll
0x00007ffb34340000 - 0x00007ffb344d3000 	C:\WINDOWS\System32\gdi32full.dll
0x00007ffb33710000 - 0x00007ffb337ab000 	C:\WINDOWS\System32\msvcp_win.dll
0x00007ffb33560000 - 0x00007ffb33656000 	C:\WINDOWS\System32\ucrtbase.dll
0x00007ffb26d00000 - 0x00007ffb26f69000 	C:\WINDOWS\WinSxS\amd64_microsoft.windows.common-controls_6595b64144ccf1df_6.0.16299.125_none_15cbcf8893620c09\COMCTL32.dll
0x00007ffb35fa0000 - 0x00007ffb362a8000 	C:\WINDOWS\System32\combase.dll
0x00007ffb334e0000 - 0x00007ffb33552000 	C:\WINDOWS\System32\bcryptPrimitives.dll
0x00007ffb36370000 - 0x00007ffb3639d000 	C:\WINDOWS\System32\IMM32.DLL
0x000000005d3c0000 - 0x000000005d492000 	C:\Program Files\Java\jdk1.8.0_131\jre\bin\msvcr100.dll
0x000000005d850000 - 0x000000005e0ec000 	C:\Program Files\Java\jdk1.8.0_131\jre\bin\server\jvm.dll
0x00007ffb363c0000 - 0x00007ffb363c8000 	C:\WINDOWS\System32\PSAPI.DLL
0x00007ffb30ed0000 - 0x00007ffb30ef3000 	C:\WINDOWS\SYSTEM32\WINMM.dll
0x00007ffb1ea10000 - 0x00007ffb1ea19000 	C:\WINDOWS\SYSTEM32\WSOCK32.dll
0x00007ffb35f30000 - 0x00007ffb35f9c000 	C:\WINDOWS\System32\WS2_32.dll
0x00007ffb32580000 - 0x00007ffb3258a000 	C:\WINDOWS\SYSTEM32\VERSION.dll
0x00007ffb30ea0000 - 0x00007ffb30eca000 	C:\WINDOWS\SYSTEM32\winmmbase.dll
0x00007ffb336c0000 - 0x00007ffb3370a000 	C:\WINDOWS\System32\cfgmgr32.dll
0x000000005d840000 - 0x000000005d84f000 	C:\Program Files\Java\jdk1.8.0_131\jre\bin\verify.dll
0x000000005d810000 - 0x000000005d839000 	C:\Program Files\Java\jdk1.8.0_131\jre\bin\java.dll
0x000000005d7f0000 - 0x000000005d806000 	C:\Program Files\Java\jdk1.8.0_131\jre\bin\zip.dll
0x00007ffb349e0000 - 0x00007ffb35e16000 	C:\WINDOWS\System32\SHELL32.dll
0x00007ffb36810000 - 0x00007ffb368b6000 	C:\WINDOWS\System32\shcore.dll
0x00007ffb33bf0000 - 0x00007ffb34337000 	C:\WINDOWS\System32\windows.storage.dll
0x00007ffb35ed0000 - 0x00007ffb35f21000 	C:\WINDOWS\System32\shlwapi.dll
0x00007ffb33460000 - 0x00007ffb33471000 	C:\WINDOWS\System32\kernel.appcore.dll
0x00007ffb33410000 - 0x00007ffb3345c000 	C:\WINDOWS\System32\powrprof.dll
0x00007ffb334a0000 - 0x00007ffb334bb000 	C:\WINDOWS\System32\profapi.dll
0x000000005d7d0000 - 0x000000005d7ea000 	C:\Program Files\Java\jdk1.8.0_131\jre\bin\net.dll
0x00007ffb32c40000 - 0x00007ffb32ca6000 	C:\WINDOWS\system32\mswsock.dll
0x000000005d7b0000 - 0x000000005d7c1000 	C:\Program Files\Java\jdk1.8.0_131\jre\bin\nio.dll
0x00007ffb2bf40000 - 0x00007ffb2bf52000 	C:\Users\nosbo\.gradle\native\19\windows-amd64\native-platform.dll
0x00007ffb32e00000 - 0x00007ffb32e17000 	C:\WINDOWS\SYSTEM32\CRYPTSP.dll
0x00007ffb32850000 - 0x00007ffb32883000 	C:\WINDOWS\system32\rsaenh.dll
0x00007ffb32f10000 - 0x00007ffb32f35000 	C:\WINDOWS\SYSTEM32\bcrypt.dll
0x00007ffb33310000 - 0x00007ffb33339000 	C:\WINDOWS\SYSTEM32\USERENV.dll
0x00007ffb32e20000 - 0x00007ffb32e2b000 	C:\WINDOWS\SYSTEM32\CRYPTBASE.dll
0x00007ffb329d0000 - 0x00007ffb32a09000 	C:\WINDOWS\SYSTEM32\IPHLPAPI.DLL
0x00007ffb36b60000 - 0x00007ffb36b68000 	C:\WINDOWS\System32\NSI.dll
0x00007ffb27490000 - 0x00007ffb274a6000 	C:\WINDOWS\SYSTEM32\dhcpcsvc6.DLL
0x00007ffb28a80000 - 0x00007ffb28a9a000 	C:\WINDOWS\SYSTEM32\dhcpcsvc.DLL
0x000000005d5b0000 - 0x000000005d5bd000 	C:\Program Files\Java\jdk1.8.0_131\jre\bin\management.dll

VM Arguments:
jvm_args: -XX:MaxPermSize=256m -XX:+HeapDumpOnOutOfMemoryError -Xmx1024m -Dfile.encoding=windows-1252 -Duser.country=BR -Duser.language=pt -Duser.variant -Xms256m -Xmx256m 
java_command: org.gradle.launcher.daemon.bootstrap.GradleDaemon 2.14.1
java_class_path (initial): C:\Android\Android Studio\gradle\gradle-2.14.1\lib\gradle-launcher-2.14.1.jar
Launcher Type: SUN_STANDARD

Environment Variables:
JAVA_HOME=C:\Program Files\Java\jdk1.8.0_131
_JAVA_OPTIONS= -Xms256m -Xmx256m
PATH=C:\ProgramData\Oracle\Java\javapath;C:\Program Files (x86)\Intel\iCLS Client\;C:\Program Files\Intel\iCLS Client\;C:\WINDOWS\system32;C:\WINDOWS;C:\WINDOWS\System32\Wbem;C:\WINDOWS\System32\WindowsPowerShell\v1.0\;C:\Program Files\Microsoft SQL Server\130\Tools\Binn\;C:\Program Files (x86)\Intel\Intel(R) Management Engine Components\DAL;C:\Program Files\Intel\Intel(R) Management Engine Components\DAL;C:\Program Files (x86)\Intel\Intel(R) Management Engine Components\IPT;C:\Program Files\Intel\Intel(R) Management Engine Components\IPT;C:\Program Files\Intel\WiFi\bin\;C:\Program Files\Common Files\Intel\WirelessCommon\;C:\Program Files\Java\jdk1.8.0_131\bin;C:\Users\nosbo\AppData\Local\Programs\Python\Python36-32\Scripts\;C:\Users\nosbo\AppData\Local\Programs\Python\Python36-32\;C:\Users\nosbo\AppData\Local\Microsoft\WindowsApps;C:\Program Files\Intel\WiFi\bin\;C:\Program Files\Common Files\Intel\WirelessCommon\
USERNAME=nosbo
OS=Windows_NT
PROCESSOR_IDENTIFIER=Intel64 Family 6 Model 69 Stepping 1, GenuineIntel



---------------  S Y S T E M  ---------------

OS: Windows 10.0 , 64 bit Build 16299 (10.0.16299.15)

CPU:total 4 (initial active 4) (2 cores per cpu, 2 threads per core) family 6 model 69 stepping 1, cmov, cx8, fxsr, mmx, sse, sse2, sse3, ssse3, sse4.1, sse4.2, popcnt, avx, avx2, aes, clmul, erms, lzcnt, ht, tsc, tscinvbit, bmi1, bmi2

Memory: 4k page, physical 3581036k(133812k free), swap 7775340k(2992k free)

vm_info: Java HotSpot(TM) 64-Bit Server VM (25.131-b11) for windows-amd64 JRE (1.8.0_131-b11), built on Mar 15 2017 01:23:53 by "java_re" with MS VC++ 10.0 (VS2010)

time: Thu Jan 11 09:29:38 2018
elapsed time: 320 seconds (0d 0h 5m 20s)

