#
# There is insufficient memory for the Java Runtime Environment to continue.
# Native memory allocation (malloc) failed to allocate 475856 bytes for Chunk::new
# Possible reasons:
#   The system is out of physical RAM or swap space
#   In 32 bit mode, the process size limit was hit
# Possible solutions:
#   Reduce memory load on the system
#   Increase physical memory or swap space
#   Check if swap backing store is full
#   Use 64 bit Java on a 64 bit OS
#   Decrease Java heap size (-Xmx/-Xms)
#   Decrease number of Java threads
#   Decrease Java thread stack sizes (-Xss)
#   Set larger code cache with -XX:ReservedCodeCacheSize=
# This output file may be truncated or incomplete.
#
#  Out of Memory Error (allocation.cpp:390), pid=10360, tid=0x0000000000001d44
#
# JRE version: Java(TM) SE Runtime Environment (8.0_131-b11) (build 1.8.0_131-b11)
# Java VM: Java HotSpot(TM) 64-Bit Server VM (25.131-b11 mixed mode windows-amd64 compressed oops)
# Failed to write core dump. Minidumps are not enabled by default on client versions of Windows
#

---------------  T H R E A D  ---------------

Current thread (0x0000000015562000):  JavaThread "C2 CompilerThread1" daemon [_thread_in_native, id=7492, stack(0x0000000016dc0000,0x0000000016ec0000)]

Stack: [0x0000000016dc0000,0x0000000016ec0000]
[error occurred during error reporting (printing stack bounds), id 0xc0000005]

Native frames: (J=compiled Java code, j=interpreted, Vv=VM code, C=native code)


Current CompileTask:
C2:   3298 1468       4       com.android.dx.ssa.SCCP::simulateStmt (481 bytes)


---------------  P R O C E S S  ---------------

Java Threads: ( => current thread )
  0x00000000172ed000 JavaThread "pool-2-thread-4" [_thread_in_Java, id=13740, stack(0x00000000179c0000,0x0000000017ac0000)]
  0x00000000172ec000 JavaThread "pool-2-thread-3" [_thread_in_Java, id=11448, stack(0x00000000178c0000,0x00000000179c0000)]
  0x00000000172ea000 JavaThread "pool-2-thread-2" [_thread_in_Java, id=9804, stack(0x00000000177c0000,0x00000000178c0000)]
  0x0000000017253800 JavaThread "pool-3-thread-1" [_thread_blocked, id=8848, stack(0x00000000176c0000,0x00000000177c0000)]
  0x0000000017252800 JavaThread "pool-2-thread-1" [_thread_in_vm, id=5080, stack(0x00000000175c0000,0x00000000176c0000)]
  0x0000000016fc5000 JavaThread "Service Thread" daemon [_thread_blocked, id=5304, stack(0x00000000173c0000,0x00000000174c0000)]
  0x00000000155bb000 JavaThread "C1 CompilerThread2" daemon [_thread_blocked, id=9060, stack(0x0000000016ec0000,0x0000000016fc0000)]
=>0x0000000015562000 JavaThread "C2 CompilerThread1" daemon [_thread_in_native, id=7492, stack(0x0000000016dc0000,0x0000000016ec0000)]
  0x000000001555f800 JavaThread "C2 CompilerThread0" daemon [_thread_in_native, id=5444, stack(0x0000000016cc0000,0x0000000016dc0000)]
  0x000000001555d800 JavaThread "Attach Listener" daemon [_thread_blocked, id=13644, stack(0x0000000016bc0000,0x0000000016cc0000)]
  0x000000001555c000 JavaThread "Signal Dispatcher" daemon [_thread_blocked, id=10324, stack(0x0000000016ac0000,0x0000000016bc0000)]
  0x000000001554a000 JavaThread "Finalizer" daemon [_thread_blocked, id=3440, stack(0x00000000167c0000,0x00000000168c0000)]
  0x0000000015529000 JavaThread "Reference Handler" daemon [_thread_blocked, id=12332, stack(0x00000000166c0000,0x00000000167c0000)]
  0x000000000492e800 JavaThread "main" [_thread_in_Java, id=6484, stack(0x0000000004800000,0x0000000004900000)]

Other Threads:
  0x0000000015527800 VMThread [stack: 0x00000000165c0000,0x00000000166c0000] [id=2612]
  0x0000000016fce800 WatcherThread [stack: 0x00000000174c0000,0x00000000175c0000] [id=11896]

VM state:not at safepoint (normal execution)

VM Mutex/Monitor currently owned by a thread: None

Heap:
 PSYoungGen      total 76288K, used 56371K [0x00000000fab00000, 0x0000000100000000, 0x0000000100000000)
  eden space 65536K, 86% used [0x00000000fab00000,0x00000000fe20cd28,0x00000000feb00000)
  from space 10752K, 0% used [0x00000000ff580000,0x00000000ff580000,0x0000000100000000)
  to   space 10752K, 0% used [0x00000000feb00000,0x00000000feb00000,0x00000000ff580000)
 ParOldGen       total 175104K, used 0K [0x00000000f0000000, 0x00000000fab00000, 0x00000000fab00000)
  object space 175104K, 0% used [0x00000000f0000000,0x00000000f0000000,0x00000000fab00000)
 Metaspace       used 6321K, capacity 7192K, committed 7424K, reserved 1056768K
  class space    used 635K, capacity 656K, committed 768K, reserved 1048576K

Card table byte_map: [0x0000000013e50000,0x0000000013ee0000] byte_map_base: 0x00000000136d0000

Marking Bits: (ParMarkBitMap*) 0x000000005e06c720
 Begin Bits: [0x0000000014340000, 0x0000000014740000)
 End Bits:   [0x0000000014740000, 0x0000000014b40000)

Polling page: 0x0000000002ce0000

CodeCache: size=245760Kb used=6431Kb max_used=6431Kb free=239328Kb
 bounds [0x0000000004a90000, 0x00000000050e0000, 0x0000000013a90000]
 total_blobs=1749 nmethods=1484 adapters=178
 compilation: enabled

Compilation events (10 events):
Event: 3.237 Thread 0x00000000155bb000 1497       3       com.android.dx.rop.cst.CstLiteral64::equals (36 bytes)
Event: 3.237 Thread 0x00000000155bb000 nmethod 1497 0x00000000050d55d0 code [0x00000000050d5740, 0x00000000050d5b90]
Event: 3.238 Thread 0x00000000155bb000 1499       3       com.android.dx.cf.iface.StdFieldList::get (9 bytes)
Event: 3.238 Thread 0x00000000155bb000 nmethod 1499 0x00000000050d5c90 code [0x00000000050d5e00, 0x00000000050d6108]
Event: 3.239 Thread 0x00000000155bb000 1500       3       com.android.dx.dex.file.EncodedField::<init> (25 bytes)
Event: 3.240 Thread 0x00000000155bb000 nmethod 1500 0x00000000050d61d0 code [0x00000000050d6360, 0x00000000050d6688]
Event: 3.257 Thread 0x00000000155bb000 1501       3       com.android.dx.ssa.back.FirstFitLocalCombiningAllocator::handleCheckCastResults (413 bytes)
Event: 3.264 Thread 0x00000000155bb000 nmethod 1501 0x00000000050d67d0 code [0x00000000050d6da0, 0x00000000050dac38]
Event: 3.266 Thread 0x00000000155bb000 1502       3       com.android.dx.rop.cst.CstLiteral64::hashCode (15 bytes)
Event: 3.267 Thread 0x00000000155bb000 nmethod 1502 0x000000000506be10 code [0x000000000506bf60, 0x000000000506c0d0]

GC Heap History (0 events):
No events

Deoptimization events (10 events):
Event: 2.799 Thread 0x00000000172ea000 Uncommon trap: reason=null_check action=make_not_entrant pc=0x0000000004d87cc4 method=com.android.dx.ssa.SsaRenamer.getLocalForNewReg(I)Lcom/android/dx/rop/code/LocalItem; @ 19
Event: 2.983 Thread 0x0000000017252800 Uncommon trap: reason=class_check action=maybe_recompile pc=0x000000000501a120 method=com.android.dx.cf.code.BytecodeArray.parseInstruction(ILcom/android/dx/cf/code/BytecodeArray$Visitor;)I @ 987
Event: 2.986 Thread 0x0000000017252800 Uncommon trap: reason=class_check action=maybe_recompile pc=0x000000000501a120 method=com.android.dx.cf.code.BytecodeArray.parseInstruction(ILcom/android/dx/cf/code/BytecodeArray$Visitor;)I @ 987
Event: 3.001 Thread 0x0000000017252800 Uncommon trap: reason=class_check action=maybe_recompile pc=0x000000000501a120 method=com.android.dx.cf.code.BytecodeArray.parseInstruction(ILcom/android/dx/cf/code/BytecodeArray$Visitor;)I @ 987
Event: 3.001 Thread 0x0000000017252800 Uncommon trap: reason=class_check action=maybe_recompile pc=0x000000000501a120 method=com.android.dx.cf.code.BytecodeArray.parseInstruction(ILcom/android/dx/cf/code/BytecodeArray$Visitor;)I @ 987
Event: 3.124 Thread 0x00000000172ec000 Uncommon trap: reason=unstable_if action=reinterpret pc=0x0000000005098d68 method=com.android.dx.ssa.LiteralOpUpgrader$1.visitNonMoveInsn(Lcom/android/dx/ssa/NormalSsaInsn;)V @ 176
Event: 3.144 Thread 0x00000000172ec000 Uncommon trap: reason=unstable_if action=reinterpret pc=0x0000000004dcc53c method=com.android.dx.rop.code.RegisterSpec.equals(ILcom/android/dx/rop/type/TypeBearer;Lcom/android/dx/rop/code/LocalItem;)Z @ 42
Event: 3.183 Thread 0x00000000172ea000 Uncommon trap: reason=unstable_if action=reinterpret pc=0x000000000508cc0c method=com.android.dx.rop.code.LocalItem.hashCode()I @ 25
Event: 3.190 Thread 0x00000000172ea000 Uncommon trap: reason=unstable_if action=reinterpret pc=0x0000000004d7af94 method=com.android.dx.rop.code.LocalItem.hashCode()I @ 25
Event: 3.192 Thread 0x00000000172ea000 Uncommon trap: reason=unstable_if action=reinterpret pc=0x000000000505cca4 method=com.android.dx.rop.code.LocalItem.hashCode()I @ 25

Internal exceptions (6 events):
Event: 0.078 Thread 0x000000000492e800 Exception <a 'java/lang/NoSuchMethodError': Method sun.misc.Unsafe.defineClass(Ljava/lang/String;[BII)Ljava/lang/Class; name or signature does not match> (0x00000000fab07ca8) thrown at [C:\re\workspace\8-2-build-windows-amd64-cygwin\jdk8u131\8869\hotspot\
Event: 0.078 Thread 0x000000000492e800 Exception <a 'java/lang/NoSuchMethodError': Method sun.misc.Unsafe.prefetchRead(Ljava/lang/Object;J)V name or signature does not match> (0x00000000fab07f90) thrown at [C:\re\workspace\8-2-build-windows-amd64-cygwin\jdk8u131\8869\hotspot\src\share\vm\prims
Event: 2.687 Thread 0x000000000492e800 Exception <a 'java/lang/ArrayIndexOutOfBoundsException': 18> (0x00000000fce107d8) thrown at [C:\re\workspace\8-2-build-windows-amd64-cygwin\jdk8u131\8869\hotspot\src\share\vm\interpreter\interpreterRuntime.cpp, line 366]
Event: 2.688 Thread 0x000000000492e800 Exception <a 'java/lang/ArrayIndexOutOfBoundsException': 145> (0x00000000fce12358) thrown at [C:\re\workspace\8-2-build-windows-amd64-cygwin\jdk8u131\8869\hotspot\src\share\vm\interpreter\interpreterRuntime.cpp, line 366]
Event: 2.691 Thread 0x000000000492e800 Exception <a 'java/lang/ArrayIndexOutOfBoundsException'> (0x00000000fce13640) thrown at [C:\re\workspace\8-2-build-windows-amd64-cygwin\jdk8u131\8869\hotspot\src\share\vm\runtime\sharedRuntime.cpp, line 605]
Event: 2.799 Thread 0x00000000172ea000 Implicit null exception at 0x0000000004d863f8 to 0x0000000004d87c7d

Events (10 events):
Event: 3.144 Thread 0x00000000172ec000 DEOPT UNPACKING pc=0x0000000004ad582a sp=0x00000000179bebb8 mode 2
Event: 3.183 Thread 0x00000000172ea000 Uncommon trap: trap_request=0xffffff65 fr.pc=0x000000000508cc0c
Event: 3.183 Thread 0x00000000172ea000 DEOPT PACKING pc=0x000000000508cc0c sp=0x00000000178be6f0
Event: 3.183 Thread 0x00000000172ea000 DEOPT UNPACKING pc=0x0000000004ad582a sp=0x00000000178be428 mode 2
Event: 3.190 Thread 0x00000000172ea000 Uncommon trap: trap_request=0xffffff65 fr.pc=0x0000000004d7af94
Event: 3.190 Thread 0x00000000172ea000 DEOPT PACKING pc=0x0000000004d7af94 sp=0x00000000178be090
Event: 3.190 Thread 0x00000000172ea000 DEOPT UNPACKING pc=0x0000000004ad582a sp=0x00000000178bdfc8 mode 2
Event: 3.192 Thread 0x00000000172ea000 Uncommon trap: trap_request=0xffffff65 fr.pc=0x000000000505cca4
Event: 3.192 Thread 0x00000000172ea000 DEOPT PACKING pc=0x000000000505cca4 sp=0x00000000178be980
Event: 3.192 Thread 0x00000000172ea000 DEOPT UNPACKING pc=0x0000000004ad582a sp=0x00000000178be510 mode 2


Dynamic libraries:
0x00007ff7166d0000 - 0x00007ff716707000 	C:\Program Files\Java\jdk1.8.0_131\bin\java.exe
0x00007ffb370c0000 - 0x00007ffb372a0000 	C:\WINDOWS\SYSTEM32\ntdll.dll
0x00007ffb35e20000 - 0x00007ffb35ece000 	C:\WINDOWS\System32\KERNEL32.DLL
0x00007ffb337b0000 - 0x00007ffb33a16000 	C:\WINDOWS\System32\KERNELBASE.dll
0x00007ffb36cc0000 - 0x00007ffb36d61000 	C:\WINDOWS\System32\ADVAPI32.dll
0x00007ffb365d0000 - 0x00007ffb3666d000 	C:\WINDOWS\System32\msvcrt.dll
0x00007ffb36310000 - 0x00007ffb3636b000 	C:\WINDOWS\System32\sechost.dll
0x00007ffb36df0000 - 0x00007ffb36f0f000 	C:\WINDOWS\System32\RPCRT4.dll
0x00007ffb368c0000 - 0x00007ffb36a4f000 	C:\WINDOWS\System32\USER32.dll
0x00007ffb334c0000 - 0x00007ffb334e0000 	C:\WINDOWS\System32\win32u.dll
0x00007ffb365a0000 - 0x00007ffb365c8000 	C:\WINDOWS\System32\GDI32.dll
0x00007ffb34340000 - 0x00007ffb344d3000 	C:\WINDOWS\System32\gdi32full.dll
0x00007ffb33710000 - 0x00007ffb337ab000 	C:\WINDOWS\System32\msvcp_win.dll
0x00007ffb33560000 - 0x00007ffb33656000 	C:\WINDOWS\System32\ucrtbase.dll
0x00007ffb26d00000 - 0x00007ffb26f69000 	C:\WINDOWS\WinSxS\amd64_microsoft.windows.common-controls_6595b64144ccf1df_6.0.16299.125_none_15cbcf8893620c09\COMCTL32.dll
0x00007ffb35fa0000 - 0x00007ffb362a8000 	C:\WINDOWS\System32\combase.dll
0x00007ffb334e0000 - 0x00007ffb33552000 	C:\WINDOWS\System32\bcryptPrimitives.dll
0x00007ffb36370000 - 0x00007ffb3639d000 	C:\WINDOWS\System32\IMM32.DLL
0x000000005d3c0000 - 0x000000005d492000 	C:\Program Files\Java\jdk1.8.0_131\jre\bin\msvcr100.dll
0x000000005d850000 - 0x000000005e0ec000 	C:\Program Files\Java\jdk1.8.0_131\jre\bin\server\jvm.dll
0x00007ffb363c0000 - 0x00007ffb363c8000 	C:\WINDOWS\System32\PSAPI.DLL
0x00007ffb1ea10000 - 0x00007ffb1ea19000 	C:\WINDOWS\SYSTEM32\WSOCK32.dll
0x00007ffb35f30000 - 0x00007ffb35f9c000 	C:\WINDOWS\System32\WS2_32.dll
0x00007ffb30ed0000 - 0x00007ffb30ef3000 	C:\WINDOWS\SYSTEM32\WINMM.dll
0x00007ffb32580000 - 0x00007ffb3258a000 	C:\WINDOWS\SYSTEM32\VERSION.dll
0x00007ffb30ea0000 - 0x00007ffb30eca000 	C:\WINDOWS\SYSTEM32\WINMMBASE.dll
0x00007ffb336c0000 - 0x00007ffb3370a000 	C:\WINDOWS\System32\cfgmgr32.dll
0x000000005d840000 - 0x000000005d84f000 	C:\Program Files\Java\jdk1.8.0_131\jre\bin\verify.dll
0x000000005d810000 - 0x000000005d839000 	C:\Program Files\Java\jdk1.8.0_131\jre\bin\java.dll
0x000000005d7f0000 - 0x000000005d806000 	C:\Program Files\Java\jdk1.8.0_131\jre\bin\zip.dll
0x00007ffb349e0000 - 0x00007ffb35e16000 	C:\WINDOWS\System32\SHELL32.dll
0x00007ffb36810000 - 0x00007ffb368b6000 	C:\WINDOWS\System32\shcore.dll
0x00007ffb33bf0000 - 0x00007ffb34337000 	C:\WINDOWS\System32\windows.storage.dll
0x00007ffb35ed0000 - 0x00007ffb35f21000 	C:\WINDOWS\System32\shlwapi.dll
0x00007ffb33460000 - 0x00007ffb33471000 	C:\WINDOWS\System32\kernel.appcore.dll
0x00007ffb33410000 - 0x00007ffb3345c000 	C:\WINDOWS\System32\powrprof.dll
0x00007ffb334a0000 - 0x00007ffb334bb000 	C:\WINDOWS\System32\profapi.dll

VM Arguments:
jvm_args: -Djava.awt.headless=true -Xmx1024M -Dfile.encoding=windows-1252 -Duser.country=BR -Duser.language=pt -Duser.variant -Xms256m -Xmx256m 
java_command: com.android.dx.command.Main --dex --force-jumbo --num-threads=4 --multi-dex --output C:\Users\nosbo\AndroidStudioProjects\AtmEmpresaConsultoria\app\build\intermediates\transforms\dex\debug\folders\1000\10\com.android.support-support-core-ui-24.2.1_271174d26b1ed8fc66358cb6d6a8856cbb4abbae C:\Users\nosbo\AndroidStudioProjects\AtmEmpresaConsultoria\app\build\intermediates\exploded-aar\com.android.support\support-core-ui\24.2.1\jars\classes.jar
java_class_path (initial): C:\Android\sdk\build-tools\27.0.3\lib\dx.jar
Launcher Type: SUN_STANDARD

Environment Variables:
JAVA_HOME=C:\Program Files\Java\jdk1.8.0_131
_JAVA_OPTIONS= -Xms256m -Xmx256m
PATH=C:\ProgramData\Oracle\Java\javapath;C:\Program Files (x86)\Intel\iCLS Client\;C:\Program Files\Intel\iCLS Client\;C:\WINDOWS\system32;C:\WINDOWS;C:\WINDOWS\System32\Wbem;C:\WINDOWS\System32\WindowsPowerShell\v1.0\;C:\Program Files\Microsoft SQL Server\130\Tools\Binn\;C:\Program Files (x86)\Intel\Intel(R) Management Engine Components\DAL;C:\Program Files\Intel\Intel(R) Management Engine Components\DAL;C:\Program Files (x86)\Intel\Intel(R) Management Engine Components\IPT;C:\Program Files\Intel\Intel(R) Management Engine Components\IPT;C:\Program Files\Intel\WiFi\bin\;C:\Program Files\Common Files\Intel\WirelessCommon\;C:\Program Files\Java\jdk1.8.0_131\bin;C:\Users\nosbo\AppData\Local\Programs\Python\Python36-32\Scripts\;C:\Users\nosbo\AppData\Local\Programs\Python\Python36-32\;C:\Users\nosbo\AppData\Local\Microsoft\WindowsApps;C:\Program Files\Intel\WiFi\bin\;C:\Program Files\Common Files\Intel\WirelessCommon\
USERNAME=nosbo
OS=Windows_NT
PROCESSOR_IDENTIFIER=Intel64 Family 6 Model 69 Stepping 1, GenuineIntel



---------------  S Y S T E M  ---------------

OS: Windows 10.0 , 64 bit Build 16299 (10.0.16299.15)

CPU:total 4 (initial active 4) (2 cores per cpu, 2 threads per core) family 6 model 69 stepping 1, cmov, cx8, fxsr, mmx, sse, sse2, sse3, ssse3, sse4.1, sse4.2, popcnt, avx, avx2, aes, clmul, erms, lzcnt, ht, tsc, tscinvbit, bmi1, bmi2

Memory: 4k page, physical 3581036k(375112k free), swap 7775340k(4496k free)

vm_info: Java HotSpot(TM) 64-Bit Server VM (25.131-b11) for windows-amd64 JRE (1.8.0_131-b11), built on Mar 15 2017 01:23:53 by "java_re" with MS VC++ 10.0 (VS2010)

time: Thu Jan 11 10:00:09 2018
elapsed time: 3 seconds (0d 0h 0m 3s)

