#
# There is insufficient memory for the Java Runtime Environment to continue.
# Native memory allocation (malloc) failed to allocate 580624 bytes for Chunk::new
# Possible reasons:
#   The system is out of physical RAM or swap space
#   In 32 bit mode, the process size limit was hit
# Possible solutions:
#   Reduce memory load on the system
#   Increase physical memory or swap space
#   Check if swap backing store is full
#   Use 64 bit Java on a 64 bit OS
#   Decrease Java heap size (-Xmx/-Xms)
#   Decrease number of Java threads
#   Decrease Java thread stack sizes (-Xss)
#   Set larger code cache with -XX:ReservedCodeCacheSize=
# This output file may be truncated or incomplete.
#
#  Out of Memory Error (allocation.cpp:390), pid=4308, tid=0x0000000000001ad4
#
# JRE version: Java(TM) SE Runtime Environment (8.0_131-b11) (build 1.8.0_131-b11)
# Java VM: Java HotSpot(TM) 64-Bit Server VM (25.131-b11 mixed mode windows-amd64 compressed oops)
# Failed to write core dump. Minidumps are not enabled by default on client versions of Windows
#

---------------  T H R E A D  ---------------

Current thread (0x00000000154d3000):  JavaThread "C2 CompilerThread1" daemon [_thread_in_native, id=6868, stack(0x0000000016cd0000,0x0000000016dd0000)]

Stack: [0x0000000016cd0000,0x0000000016dd0000]
[error occurred during error reporting (printing stack bounds), id 0xc0000005]

Native frames: (J=compiled Java code, j=interpreted, Vv=VM code, C=native code)


Current CompileTask:
C2:   4543 1325       4       com.android.dx.ssa.SsaRenamer$BlockRenamer::process (191 bytes)


---------------  P R O C E S S  ---------------

Java Threads: ( => current thread )
  0x000000001704a000 JavaThread "pool-2-thread-4" [_thread_blocked, id=12460, stack(0x00000000178d0000,0x00000000179d0000)]
  0x0000000017038000 JavaThread "pool-2-thread-3" [_thread_in_Java, id=7516, stack(0x00000000177d0000,0x00000000178d0000)]
  0x0000000017037000 JavaThread "pool-2-thread-2" [_thread_blocked, id=10492, stack(0x00000000176d0000,0x00000000177d0000)]
  0x000000001709f000 JavaThread "pool-3-thread-1" [_thread_blocked, id=14220, stack(0x00000000175d0000,0x00000000176d0000)]
  0x00000000170d8800 JavaThread "pool-2-thread-1" [_thread_blocked, id=14272, stack(0x00000000174d0000,0x00000000175d0000)]
  0x00000000154dc800 JavaThread "Service Thread" daemon [_thread_blocked, id=5880, stack(0x00000000172d0000,0x00000000173d0000)]
  0x0000000016dd8800 JavaThread "C1 CompilerThread2" daemon [_thread_blocked, id=11940, stack(0x00000000171d0000,0x00000000172d0000)]
=>0x00000000154d3000 JavaThread "C2 CompilerThread1" daemon [_thread_in_native, id=6868, stack(0x0000000016cd0000,0x0000000016dd0000)]
  0x000000001547f800 JavaThread "C2 CompilerThread0" daemon [_thread_in_native, id=3700, stack(0x0000000016bd0000,0x0000000016cd0000)]
  0x000000001547d800 JavaThread "Attach Listener" daemon [_thread_blocked, id=5576, stack(0x0000000016ad0000,0x0000000016bd0000)]
  0x000000001547c000 JavaThread "Signal Dispatcher" daemon [_thread_blocked, id=13844, stack(0x00000000169d0000,0x0000000016ad0000)]
  0x000000001546a800 JavaThread "Finalizer" daemon [_thread_blocked, id=13200, stack(0x00000000166d0000,0x00000000167d0000)]
  0x0000000015449000 JavaThread "Reference Handler" daemon [_thread_blocked, id=8352, stack(0x00000000165d0000,0x00000000166d0000)]
  0x000000000487e800 JavaThread "main" [_thread_blocked, id=2184, stack(0x0000000004760000,0x0000000004860000)]

Other Threads:
  0x0000000015447800 VMThread [stack: 0x00000000164d0000,0x00000000165d0000] [id=13192]
  0x0000000016df4000 WatcherThread [stack: 0x00000000173d0000,0x00000000174d0000] [id=12832]

VM state:synchronizing (normal execution)

VM Mutex/Monitor currently owned by a thread:  ([mutex/lock_event])
[0x000000000487e0e0] Safepoint_lock - owner thread: 0x0000000015447800
[0x000000000487dde0] Threads_lock - owner thread: 0x0000000015447800

Heap:
 PSYoungGen      total 76288K, used 52508K [0x00000000fab00000, 0x0000000100000000, 0x0000000100000000)
  eden space 65536K, 80% used [0x00000000fab00000,0x00000000fde470d0,0x00000000feb00000)
  from space 10752K, 0% used [0x00000000ff580000,0x00000000ff580000,0x0000000100000000)
  to   space 10752K, 0% used [0x00000000feb00000,0x00000000feb00000,0x00000000ff580000)
 ParOldGen       total 175104K, used 0K [0x00000000f0000000, 0x00000000fab00000, 0x00000000fab00000)
  object space 175104K, 0% used [0x00000000f0000000,0x00000000f0000000,0x00000000fab00000)
 Metaspace       used 6201K, capacity 7096K, committed 7296K, reserved 1056768K
  class space    used 614K, capacity 624K, committed 640K, reserved 1048576K

Card table byte_map: [0x0000000004880000,0x0000000004910000] byte_map_base: 0x0000000004100000

Marking Bits: (ParMarkBitMap*) 0x000000005e06c720
 Begin Bits: [0x0000000014260000, 0x0000000014660000)
 End Bits:   [0x0000000014660000, 0x0000000014a60000)

Polling page: 0x0000000003120000

CodeCache: size=245760Kb used=5728Kb max_used=5728Kb free=240031Kb
 bounds [0x0000000004a40000, 0x0000000004fe0000, 0x0000000013a40000]
 total_blobs=1706 nmethods=1441 adapters=178
 compilation: enabled

Compilation events (10 events):
Event: 4.466 Thread 0x0000000016dd8800 1445       3       com.android.dx.ssa.back.FirstFitLocalCombiningAllocator$1::<init> (10 bytes)
Event: 4.467 Thread 0x0000000016dd8800 nmethod 1445 0x0000000004fd9990 code [0x0000000004fd9ae0, 0x0000000004fd9cb0]
Event: 4.467 Thread 0x0000000016dd8800 1451       3       com.android.dx.ssa.back.FirstFitLocalCombiningAllocator::allocateRegisters (37 bytes)
Event: 4.467 Thread 0x0000000016dd8800 nmethod 1451 0x0000000004fd9d50 code [0x0000000004fd9f40, 0x0000000004fda478]
Event: 4.467 Thread 0x0000000016dd8800 1450       3       com.android.dx.ssa.back.IdenticalBlockCombiner::<init> (32 bytes)
Event: 4.468 Thread 0x0000000016dd8800 nmethod 1450 0x0000000004fda6d0 code [0x0000000004fda860, 0x0000000004fdace8]
Event: 4.468 Thread 0x0000000016dd8800 1452       3       com.android.dx.rop.code.LocalVariableExtractor::extract (14 bytes)
Event: 4.468 Thread 0x0000000016dd8800 nmethod 1452 0x0000000004fdaed0 code [0x0000000004fdb040, 0x0000000004fdb238]
Event: 4.468 Thread 0x0000000016dd8800 1454  s    3       com.android.dx.dex.file.TypeIdsSection::intern (60 bytes)
Event: 4.469 Thread 0x0000000016dd8800 nmethod 1454 0x0000000004fdb310 code [0x0000000004fdb520, 0x0000000004fdc1c8]

GC Heap History (0 events):
No events

Deoptimization events (6 events):
Event: 1.564 Thread 0x000000000487e800 Uncommon trap: reason=unstable_if action=reinterpret pc=0x0000000004b9cd94 method=java.lang.String.compareTo(Ljava/lang/String;)I @ 38
Event: 2.317 Thread 0x000000000487e800 Uncommon trap: reason=unstable_if action=reinterpret pc=0x0000000004c5a2a0 method=java.util.HashMap.getNode(ILjava/lang/Object;)Ljava/util/HashMap$Node; @ 129
Event: 2.324 Thread 0x000000000487e800 Uncommon trap: reason=unstable_if action=reinterpret pc=0x0000000004c910b4 method=java.util.BitSet.ensureCapacity(I)V @ 6
Event: 2.325 Thread 0x000000000487e800 Uncommon trap: reason=unstable_if action=reinterpret pc=0x0000000004c61fb0 method=java.util.BitSet.nextSetBit(I)I @ 87
Event: 2.554 Thread 0x000000000487e800 Uncommon trap: reason=unstable_if action=reinterpret pc=0x0000000004ccd2dc method=java.util.HashMap.getNode(ILjava/lang/Object;)Ljava/util/HashMap$Node; @ 129
Event: 2.559 Thread 0x000000000487e800 Uncommon trap: reason=unstable_if action=reinterpret pc=0x0000000004d27f1c method=com.android.dx.rop.cst.Constant.compareTo(Lcom/android/dx/rop/cst/Constant;)I @ 12

Internal exceptions (2 events):
Event: 0.158 Thread 0x000000000487e800 Exception <a 'java/lang/NoSuchMethodError': Method sun.misc.Unsafe.defineClass(Ljava/lang/String;[BII)Ljava/lang/Class; name or signature does not match> (0x00000000fab07ca8) thrown at [C:\re\workspace\8-2-build-windows-amd64-cygwin\jdk8u131\8869\hotspot\
Event: 0.158 Thread 0x000000000487e800 Exception <a 'java/lang/NoSuchMethodError': Method sun.misc.Unsafe.prefetchRead(Ljava/lang/Object;J)V name or signature does not match> (0x00000000fab07f90) thrown at [C:\re\workspace\8-2-build-windows-amd64-cygwin\jdk8u131\8869\hotspot\src\share\vm\prims

Events (10 events):
Event: 2.847 loading class java/util/TreeMap$EntrySet done
Event: 2.848 loading class java/util/TreeMap$EntryIterator
Event: 2.854 loading class java/util/TreeMap$EntryIterator done
Event: 2.854 Executing VM operation: Deoptimize
Event: 3.012 Executing VM operation: Deoptimize done
Event: 4.402 loading class com/android/dx/cf/attrib/AttRuntimeInvisibleAnnotations
Event: 4.402 loading class com/android/dx/cf/attrib/AttRuntimeInvisibleAnnotations done
Event: 4.405 loading class com/android/dx/cf/attrib/BaseAnnotations
Event: 4.405 loading class com/android/dx/cf/attrib/BaseAnnotations done
Event: 4.469 Executing VM operation: EnableBiasedLocking


Dynamic libraries:
0x00007ff7166d0000 - 0x00007ff716707000 	C:\Program Files\Java\jdk1.8.0_131\bin\java.exe
0x00007ffb370c0000 - 0x00007ffb372a0000 	C:\WINDOWS\SYSTEM32\ntdll.dll
0x00007ffb35e20000 - 0x00007ffb35ece000 	C:\WINDOWS\System32\KERNEL32.DLL
0x00007ffb337b0000 - 0x00007ffb33a16000 	C:\WINDOWS\System32\KERNELBASE.dll
0x00007ffb36cc0000 - 0x00007ffb36d61000 	C:\WINDOWS\System32\ADVAPI32.dll
0x00007ffb365d0000 - 0x00007ffb3666d000 	C:\WINDOWS\System32\msvcrt.dll
0x00007ffb36310000 - 0x00007ffb3636b000 	C:\WINDOWS\System32\sechost.dll
0x00007ffb36df0000 - 0x00007ffb36f0f000 	C:\WINDOWS\System32\RPCRT4.dll
0x00007ffb368c0000 - 0x00007ffb36a4f000 	C:\WINDOWS\System32\USER32.dll
0x00007ffb334c0000 - 0x00007ffb334e0000 	C:\WINDOWS\System32\win32u.dll
0x00007ffb365a0000 - 0x00007ffb365c8000 	C:\WINDOWS\System32\GDI32.dll
0x00007ffb34340000 - 0x00007ffb344d3000 	C:\WINDOWS\System32\gdi32full.dll
0x00007ffb33710000 - 0x00007ffb337ab000 	C:\WINDOWS\System32\msvcp_win.dll
0x00007ffb33560000 - 0x00007ffb33656000 	C:\WINDOWS\System32\ucrtbase.dll
0x00007ffb26d00000 - 0x00007ffb26f69000 	C:\WINDOWS\WinSxS\amd64_microsoft.windows.common-controls_6595b64144ccf1df_6.0.16299.125_none_15cbcf8893620c09\COMCTL32.dll
0x00007ffb35fa0000 - 0x00007ffb362a8000 	C:\WINDOWS\System32\combase.dll
0x00007ffb334e0000 - 0x00007ffb33552000 	C:\WINDOWS\System32\bcryptPrimitives.dll
0x00007ffb36370000 - 0x00007ffb3639d000 	C:\WINDOWS\System32\IMM32.DLL
0x000000005d3c0000 - 0x000000005d492000 	C:\Program Files\Java\jdk1.8.0_131\jre\bin\msvcr100.dll
0x000000005d850000 - 0x000000005e0ec000 	C:\Program Files\Java\jdk1.8.0_131\jre\bin\server\jvm.dll
0x00007ffb363c0000 - 0x00007ffb363c8000 	C:\WINDOWS\System32\PSAPI.DLL
0x00007ffb30ed0000 - 0x00007ffb30ef3000 	C:\WINDOWS\SYSTEM32\WINMM.dll
0x00007ffb30ea0000 - 0x00007ffb30eca000 	C:\WINDOWS\SYSTEM32\WINMMBASE.dll
0x00007ffb336c0000 - 0x00007ffb3370a000 	C:\WINDOWS\System32\cfgmgr32.dll
0x00007ffb32580000 - 0x00007ffb3258a000 	C:\WINDOWS\SYSTEM32\VERSION.dll
0x00007ffb1ea10000 - 0x00007ffb1ea19000 	C:\WINDOWS\SYSTEM32\WSOCK32.dll
0x00007ffb35f30000 - 0x00007ffb35f9c000 	C:\WINDOWS\System32\WS2_32.dll
0x000000005d840000 - 0x000000005d84f000 	C:\Program Files\Java\jdk1.8.0_131\jre\bin\verify.dll
0x000000005d810000 - 0x000000005d839000 	C:\Program Files\Java\jdk1.8.0_131\jre\bin\java.dll
0x000000005d7f0000 - 0x000000005d806000 	C:\Program Files\Java\jdk1.8.0_131\jre\bin\zip.dll
0x00007ffb349e0000 - 0x00007ffb35e16000 	C:\WINDOWS\System32\SHELL32.dll
0x00007ffb36810000 - 0x00007ffb368b6000 	C:\WINDOWS\System32\shcore.dll
0x00007ffb33bf0000 - 0x00007ffb34337000 	C:\WINDOWS\System32\windows.storage.dll
0x00007ffb35ed0000 - 0x00007ffb35f21000 	C:\WINDOWS\System32\shlwapi.dll
0x00007ffb33460000 - 0x00007ffb33471000 	C:\WINDOWS\System32\kernel.appcore.dll
0x00007ffb33410000 - 0x00007ffb3345c000 	C:\WINDOWS\System32\powrprof.dll
0x00007ffb334a0000 - 0x00007ffb334bb000 	C:\WINDOWS\System32\profapi.dll

VM Arguments:
jvm_args: -Djava.awt.headless=true -Xmx1024M -Dfile.encoding=windows-1252 -Duser.country=BR -Duser.language=pt -Duser.variant -Xms256m -Xmx256m 
java_command: com.android.dx.command.Main --dex --force-jumbo --num-threads=4 --multi-dex --output C:\Users\nosbo\AndroidStudioProjects\AtmEmpresaConsultoria\app\build\intermediates\transforms\dex\debug\folders\1000\10\internal_impl-24.2.1_a22ead282a864a802b71dc1e028b9df081ff8805 C:\Users\nosbo\AndroidStudioProjects\AtmEmpresaConsultoria\app\build\intermediates\exploded-aar\com.android.support\support-compat\24.2.1\jars\libs\internal_impl-24.2.1.jar
java_class_path (initial): C:\Android\sdk\build-tools\27.0.3\lib\dx.jar
Launcher Type: SUN_STANDARD

Environment Variables:
JAVA_HOME=C:\Program Files\Java\jdk1.8.0_131
_JAVA_OPTIONS= -Xms256m -Xmx256m
PATH=C:\ProgramData\Oracle\Java\javapath;C:\Program Files (x86)\Intel\iCLS Client\;C:\Program Files\Intel\iCLS Client\;C:\WINDOWS\system32;C:\WINDOWS;C:\WINDOWS\System32\Wbem;C:\WINDOWS\System32\WindowsPowerShell\v1.0\;C:\Program Files\Microsoft SQL Server\130\Tools\Binn\;C:\Program Files (x86)\Intel\Intel(R) Management Engine Components\DAL;C:\Program Files\Intel\Intel(R) Management Engine Components\DAL;C:\Program Files (x86)\Intel\Intel(R) Management Engine Components\IPT;C:\Program Files\Intel\Intel(R) Management Engine Components\IPT;C:\Program Files\Intel\WiFi\bin\;C:\Program Files\Common Files\Intel\WirelessCommon\;C:\Program Files\Java\jdk1.8.0_131\bin;C:\Users\nosbo\AppData\Local\Programs\Python\Python36-32\Scripts\;C:\Users\nosbo\AppData\Local\Programs\Python\Python36-32\;C:\Users\nosbo\AppData\Local\Microsoft\WindowsApps;C:\Program Files\Intel\WiFi\bin\;C:\Program Files\Common Files\Intel\WirelessCommon\
USERNAME=nosbo
OS=Windows_NT
PROCESSOR_IDENTIFIER=Intel64 Family 6 Model 69 Stepping 1, GenuineIntel



---------------  S Y S T E M  ---------------

OS: Windows 10.0 , 64 bit Build 16299 (10.0.16299.15)

CPU:total 4 (initial active 4) (2 cores per cpu, 2 threads per core) family 6 model 69 stepping 1, cmov, cx8, fxsr, mmx, sse, sse2, sse3, ssse3, sse4.1, sse4.2, popcnt, avx, avx2, aes, clmul, erms, lzcnt, ht, tsc, tscinvbit, bmi1, bmi2

Memory: 4k page, physical 3581036k(370932k free), swap 7775340k(5384k free)

vm_info: Java HotSpot(TM) 64-Bit Server VM (25.131-b11) for windows-amd64 JRE (1.8.0_131-b11), built on Mar 15 2017 01:23:53 by "java_re" with MS VC++ 10.0 (VS2010)

time: Thu Jan 11 10:00:01 2018
elapsed time: 4 seconds (0d 0h 0m 4s)

