#
# There is insufficient memory for the Java Runtime Environment to continue.
# Native memory allocation (malloc) failed to allocate 169056 bytes for Chunk::new
# Possible reasons:
#   The system is out of physical RAM or swap space
#   In 32 bit mode, the process size limit was hit
# Possible solutions:
#   Reduce memory load on the system
#   Increase physical memory or swap space
#   Check if swap backing store is full
#   Use 64 bit Java on a 64 bit OS
#   Decrease Java heap size (-Xmx/-Xms)
#   Decrease number of Java threads
#   Decrease Java thread stack sizes (-Xss)
#   Set larger code cache with -XX:ReservedCodeCacheSize=
# This output file may be truncated or incomplete.
#
#  Out of Memory Error (allocation.cpp:390), pid=10872, tid=0x000000000000332c
#
# JRE version: Java(TM) SE Runtime Environment (8.0_131-b11) (build 1.8.0_131-b11)
# Java VM: Java HotSpot(TM) 64-Bit Server VM (25.131-b11 mixed mode windows-amd64 compressed oops)
# Failed to write core dump. Minidumps are not enabled by default on client versions of Windows
#

---------------  T H R E A D  ---------------

Current thread (0x000000001567f800):  JavaThread "C2 CompilerThread0" daemon [_thread_in_native, id=13100, stack(0x0000000016de0000,0x0000000016ee0000)]

Stack: [0x0000000016de0000,0x0000000016ee0000]
[error occurred during error reporting (printing stack bounds), id 0xc0000005]

Native frames: (J=compiled Java code, j=interpreted, Vv=VM code, C=native code)


Current CompileTask:
C2:   1130  135       4       java.util.regex.Pattern::compile (406 bytes)


---------------  P R O C E S S  ---------------

Java Threads: ( => current thread )
  0x00000000156de000 JavaThread "Service Thread" daemon [_thread_blocked, id=12476, stack(0x00000000174e0000,0x00000000175e0000)]
  0x0000000016fe8800 JavaThread "C1 CompilerThread2" daemon [_thread_blocked, id=1084, stack(0x00000000173e0000,0x00000000174e0000)]
  0x00000000156db000 JavaThread "C2 CompilerThread1" daemon [_thread_in_native, id=1932, stack(0x0000000016ee0000,0x0000000016fe0000)]
=>0x000000001567f800 JavaThread "C2 CompilerThread0" daemon [_thread_in_native, id=13100, stack(0x0000000016de0000,0x0000000016ee0000)]
  0x000000001567d800 JavaThread "Attach Listener" daemon [_thread_blocked, id=13000, stack(0x0000000016ce0000,0x0000000016de0000)]
  0x000000001567c000 JavaThread "Signal Dispatcher" daemon [_thread_blocked, id=12972, stack(0x0000000016be0000,0x0000000016ce0000)]
  0x000000001566a000 JavaThread "Finalizer" daemon [_thread_blocked, id=7380, stack(0x00000000168e0000,0x00000000169e0000)]
  0x0000000015649000 JavaThread "Reference Handler" daemon [_thread_blocked, id=13120, stack(0x00000000167e0000,0x00000000168e0000)]
  0x00000000031ee800 JavaThread "main" [_thread_in_vm, id=10396, stack(0x00000000049a0000,0x0000000004aa0000)]

Other Threads:
  0x0000000015647800 VMThread [stack: 0x00000000166e0000,0x00000000167e0000] [id=10904]
  0x0000000016ff1000 WatcherThread [stack: 0x00000000175e0000,0x00000000176e0000] [id=8528]

VM state:not at safepoint (normal execution)

VM Mutex/Monitor currently owned by a thread:  ([mutex/lock_event])
[0x00000000031ee030] AdapterHandlerLibrary_lock - owner thread: 0x00000000031ee800

Heap:
 PSYoungGen      total 76288K, used 5246K [0x00000000fab00000, 0x0000000100000000, 0x0000000100000000)
  eden space 65536K, 8% used [0x00000000fab00000,0x00000000fb01fb58,0x00000000feb00000)
  from space 10752K, 0% used [0x00000000ff580000,0x00000000ff580000,0x0000000100000000)
  to   space 10752K, 0% used [0x00000000feb00000,0x00000000feb00000,0x00000000ff580000)
 ParOldGen       total 175104K, used 0K [0x00000000f0000000, 0x00000000fab00000, 0x00000000fab00000)
  object space 175104K, 0% used [0x00000000f0000000,0x00000000f0000000,0x00000000fab00000)
 Metaspace       used 3590K, capacity 4784K, committed 5120K, reserved 1056768K
  class space    used 400K, capacity 424K, committed 512K, reserved 1048576K

Card table byte_map: [0x0000000013f70000,0x0000000014000000] byte_map_base: 0x00000000137f0000

Marking Bits: (ParMarkBitMap*) 0x000000005e06c720
 Begin Bits: [0x0000000014460000, 0x0000000014860000)
 End Bits:   [0x0000000014860000, 0x0000000014c60000)

Polling page: 0x0000000003170000

CodeCache: size=245760Kb used=1357Kb max_used=1369Kb free=244402Kb
 bounds [0x0000000004bb0000, 0x0000000004e20000, 0x0000000013bb0000]
 total_blobs=380 nmethods=134 adapters=159
 compilation: enabled

Compilation events (10 events):
Event: 1.101 Thread 0x0000000016fe8800  128       3       java.util.regex.Matcher::find (69 bytes)
Event: 1.101 Thread 0x0000000016fe8800 nmethod 128 0x0000000004cfb910 code [0x0000000004cfba80, 0x0000000004cfbe28]
Event: 1.101 Thread 0x0000000016fe8800  130       3       java.util.regex.Matcher::<init> (84 bytes)
Event: 1.102 Thread 0x0000000016fe8800 nmethod 130 0x0000000004cfb150 code [0x0000000004cfb2e0, 0x0000000004cfb7a8]
Event: 1.102 Thread 0x0000000016fe8800  132       3       com.android.dx.cf.direct.ClassPathOpener::compareClassNames (42 bytes)
Event: 1.103 Thread 0x0000000016fe8800 nmethod 132 0x0000000004d01ad0 code [0x0000000004d01d20, 0x0000000004d02988]
Event: 1.113 Thread 0x00000000156db000 nmethod 129 0x0000000004d06010 code [0x0000000004d06160, 0x0000000004d065f8]
Event: 1.113 Thread 0x00000000156db000  134       4       java.util.regex.Matcher::search (109 bytes)
Event: 1.116 Thread 0x000000001567f800 nmethod 133 0x0000000004d040d0 code [0x0000000004d04240, 0x0000000004d047f8]
Event: 1.116 Thread 0x000000001567f800  135       4       java.util.regex.Pattern::compile (406 bytes)

GC Heap History (0 events):
No events

Deoptimization events (0 events):
No events

Internal exceptions (2 events):
Event: 0.191 Thread 0x00000000031ee800 Exception <a 'java/lang/NoSuchMethodError': Method sun.misc.Unsafe.defineClass(Ljava/lang/String;[BII)Ljava/lang/Class; name or signature does not match> (0x00000000fab07ca8) thrown at [C:\re\workspace\8-2-build-windows-amd64-cygwin\jdk8u131\8869\hotspot\
Event: 0.191 Thread 0x00000000031ee800 Exception <a 'java/lang/NoSuchMethodError': Method sun.misc.Unsafe.prefetchRead(Ljava/lang/Object;J)V name or signature does not match> (0x00000000fab07f90) thrown at [C:\re\workspace\8-2-build-windows-amd64-cygwin\jdk8u131\8869\hotspot\src\share\vm\prims

Events (10 events):
Event: 1.096 Thread 0x00000000031ee800 DEOPT PACKING pc=0x0000000004cd924e sp=0x0000000004a9ee60
Event: 1.096 Thread 0x00000000031ee800 DEOPT UNPACKING pc=0x0000000004bf787f sp=0x0000000004a9eb88 mode 0
Event: 1.112 Thread 0x00000000031ee800 DEOPT PACKING pc=0x0000000004cd924e sp=0x0000000004a9ee20
Event: 1.112 Thread 0x00000000031ee800 DEOPT UNPACKING pc=0x0000000004bf787f sp=0x0000000004a9eb30 mode 0
Event: 1.116 loading class java/util/ArrayList$Itr
Event: 1.116 loading class java/util/ArrayList$Itr done
Event: 1.117 loading class com/android/dx/command/dexer/Main$DirectClassFileConsumer
Event: 1.117 loading class com/android/dx/command/dexer/Main$DirectClassFileConsumer done
Event: 1.118 loading class com/android/dx/command/dexer/Main$ClassParserTask
Event: 1.118 loading class com/android/dx/command/dexer/Main$ClassParserTask done


Dynamic libraries:
0x00007ff7166d0000 - 0x00007ff716707000 	C:\Program Files\Java\jdk1.8.0_131\bin\java.exe
0x00007ffb370c0000 - 0x00007ffb372a0000 	C:\WINDOWS\SYSTEM32\ntdll.dll
0x00007ffb35e20000 - 0x00007ffb35ece000 	C:\WINDOWS\System32\KERNEL32.DLL
0x00007ffb337b0000 - 0x00007ffb33a16000 	C:\WINDOWS\System32\KERNELBASE.dll
0x00007ffb36cc0000 - 0x00007ffb36d61000 	C:\WINDOWS\System32\ADVAPI32.dll
0x00007ffb365d0000 - 0x00007ffb3666d000 	C:\WINDOWS\System32\msvcrt.dll
0x00007ffb36310000 - 0x00007ffb3636b000 	C:\WINDOWS\System32\sechost.dll
0x00007ffb36df0000 - 0x00007ffb36f0f000 	C:\WINDOWS\System32\RPCRT4.dll
0x00007ffb368c0000 - 0x00007ffb36a4f000 	C:\WINDOWS\System32\USER32.dll
0x00007ffb334c0000 - 0x00007ffb334e0000 	C:\WINDOWS\System32\win32u.dll
0x00007ffb365a0000 - 0x00007ffb365c8000 	C:\WINDOWS\System32\GDI32.dll
0x00007ffb34340000 - 0x00007ffb344d3000 	C:\WINDOWS\System32\gdi32full.dll
0x00007ffb33710000 - 0x00007ffb337ab000 	C:\WINDOWS\System32\msvcp_win.dll
0x00007ffb33560000 - 0x00007ffb33656000 	C:\WINDOWS\System32\ucrtbase.dll
0x00007ffb26d00000 - 0x00007ffb26f69000 	C:\WINDOWS\WinSxS\amd64_microsoft.windows.common-controls_6595b64144ccf1df_6.0.16299.125_none_15cbcf8893620c09\COMCTL32.dll
0x00007ffb35fa0000 - 0x00007ffb362a8000 	C:\WINDOWS\System32\combase.dll
0x00007ffb334e0000 - 0x00007ffb33552000 	C:\WINDOWS\System32\bcryptPrimitives.dll
0x00007ffb36370000 - 0x00007ffb3639d000 	C:\WINDOWS\System32\IMM32.DLL
0x000000005d3c0000 - 0x000000005d492000 	C:\Program Files\Java\jdk1.8.0_131\jre\bin\msvcr100.dll
0x000000005d850000 - 0x000000005e0ec000 	C:\Program Files\Java\jdk1.8.0_131\jre\bin\server\jvm.dll
0x00007ffb363c0000 - 0x00007ffb363c8000 	C:\WINDOWS\System32\PSAPI.DLL
0x00007ffb1ea10000 - 0x00007ffb1ea19000 	C:\WINDOWS\SYSTEM32\WSOCK32.dll
0x00007ffb35f30000 - 0x00007ffb35f9c000 	C:\WINDOWS\System32\WS2_32.dll
0x00007ffb30ed0000 - 0x00007ffb30ef3000 	C:\WINDOWS\SYSTEM32\WINMM.dll
0x00007ffb32580000 - 0x00007ffb3258a000 	C:\WINDOWS\SYSTEM32\VERSION.dll
0x00007ffb30ea0000 - 0x00007ffb30eca000 	C:\WINDOWS\SYSTEM32\WINMMBASE.dll
0x00007ffb336c0000 - 0x00007ffb3370a000 	C:\WINDOWS\System32\cfgmgr32.dll
0x000000005d840000 - 0x000000005d84f000 	C:\Program Files\Java\jdk1.8.0_131\jre\bin\verify.dll
0x000000005d810000 - 0x000000005d839000 	C:\Program Files\Java\jdk1.8.0_131\jre\bin\java.dll
0x000000005d7f0000 - 0x000000005d806000 	C:\Program Files\Java\jdk1.8.0_131\jre\bin\zip.dll
0x00007ffb349e0000 - 0x00007ffb35e16000 	C:\WINDOWS\System32\SHELL32.dll
0x00007ffb36810000 - 0x00007ffb368b6000 	C:\WINDOWS\System32\shcore.dll
0x00007ffb33bf0000 - 0x00007ffb34337000 	C:\WINDOWS\System32\windows.storage.dll
0x00007ffb35ed0000 - 0x00007ffb35f21000 	C:\WINDOWS\System32\shlwapi.dll
0x00007ffb33460000 - 0x00007ffb33471000 	C:\WINDOWS\System32\kernel.appcore.dll
0x00007ffb33410000 - 0x00007ffb3345c000 	C:\WINDOWS\System32\powrprof.dll
0x00007ffb334a0000 - 0x00007ffb334bb000 	C:\WINDOWS\System32\profapi.dll

VM Arguments:
jvm_args: -Djava.awt.headless=true -Xmx1024M -Dfile.encoding=windows-1252 -Duser.country=BR -Duser.language=pt -Duser.variant -Xms256m -Xmx256m 
java_command: com.android.dx.command.Main --dex --force-jumbo --num-threads=4 --multi-dex --output C:\Users\nosbo\AndroidStudioProjects\AtmEmpresaConsultoria\app\build\intermediates\transforms\dex\debug\folders\1000\10\com.android.support-support-media-compat-24.2.1_7e40e577941507d323014ba8f6671d1308bd49cb C:\Users\nosbo\AndroidStudioProjects\AtmEmpresaConsultoria\app\build\intermediates\exploded-aar\com.android.support\support-media-compat\24.2.1\jars\classes.jar
java_class_path (initial): C:\Android\sdk\build-tools\27.0.3\lib\dx.jar
Launcher Type: SUN_STANDARD

Environment Variables:
JAVA_HOME=C:\Program Files\Java\jdk1.8.0_131
_JAVA_OPTIONS= -Xms256m -Xmx256m
PATH=C:\ProgramData\Oracle\Java\javapath;C:\Program Files (x86)\Intel\iCLS Client\;C:\Program Files\Intel\iCLS Client\;C:\WINDOWS\system32;C:\WINDOWS;C:\WINDOWS\System32\Wbem;C:\WINDOWS\System32\WindowsPowerShell\v1.0\;C:\Program Files\Microsoft SQL Server\130\Tools\Binn\;C:\Program Files (x86)\Intel\Intel(R) Management Engine Components\DAL;C:\Program Files\Intel\Intel(R) Management Engine Components\DAL;C:\Program Files (x86)\Intel\Intel(R) Management Engine Components\IPT;C:\Program Files\Intel\Intel(R) Management Engine Components\IPT;C:\Program Files\Intel\WiFi\bin\;C:\Program Files\Common Files\Intel\WirelessCommon\;C:\Program Files\Java\jdk1.8.0_131\bin;C:\Users\nosbo\AppData\Local\Programs\Python\Python36-32\Scripts\;C:\Users\nosbo\AppData\Local\Programs\Python\Python36-32\;C:\Users\nosbo\AppData\Local\Microsoft\WindowsApps;C:\Program Files\Intel\WiFi\bin\;C:\Program Files\Common Files\Intel\WirelessCommon\
USERNAME=nosbo
OS=Windows_NT
PROCESSOR_IDENTIFIER=Intel64 Family 6 Model 69 Stepping 1, GenuineIntel



---------------  S Y S T E M  ---------------

OS: Windows 10.0 , 64 bit Build 16299 (10.0.16299.15)

CPU:total 4 (initial active 4) (2 cores per cpu, 2 threads per core) family 6 model 69 stepping 1, cmov, cx8, fxsr, mmx, sse, sse2, sse3, ssse3, sse4.1, sse4.2, popcnt, avx, avx2, aes, clmul, erms, lzcnt, ht, tsc, tscinvbit, bmi1, bmi2

Memory: 4k page, physical 3581036k(196324k free), swap 7775340k(2264k free)

vm_info: Java HotSpot(TM) 64-Bit Server VM (25.131-b11) for windows-amd64 JRE (1.8.0_131-b11), built on Mar 15 2017 01:23:53 by "java_re" with MS VC++ 10.0 (VS2010)

time: Thu Jan 11 09:42:55 2018
elapsed time: 1 seconds (0d 0h 0m 1s)

